Log file open, 04/23/19 09:47:56
LogWindows: Failed to load 'aqProf.dll' (GetLastError=126)
LogWindows: File 'aqProf.dll' does not exist
LogWindows: Failed to load 'VtuneApi.dll' (GetLastError=126)
LogWindows: File 'VtuneApi.dll' does not exist
LogWindows: Failed to load 'VtuneApi32e.dll' (GetLastError=126)
LogWindows: File 'VtuneApi32e.dll' does not exist
LogConsoleResponse: Display: Failed to find resolution value strings in scalability ini. Falling back to default.
LogInit: Display: Running engine for game: AILoveYou
LogPakFile: Registered encryption key '00000000000000000000000000000000': 0 pak files mounted, 0 remain pending
LogPlatformFile: Not using cached read wrapper
LogTaskGraph: Started task graph with 5 named threads and 23 total threads with 3 sets of task threads.
LogStats: Stats thread started at 0.277457
LogD3D11RHI: Loaded GFSDK_Aftermath_Lib.x64.dll
LogWindows: Failed to load '../../../Engine/Binaries/ThirdParty/libsndfile/Win64/libsndfile-1.dll' (GetLastError=126)
LogWindows: File '../../../Engine/Binaries/ThirdParty/libsndfile/Win64/libsndfile-1.dll' does not exist
LogAudioMixer: Display: Failed to load Sound File dll
LogAudioEditor: Display: LibSoundFile failed to load. Importing audio will not work correctly.
LogICUInternationalization: ICU TimeZone Detection - Raw Offset: -5:00, Platform Override: ''
LogConfig: Warning: Failed to saved backup for config[../../../../../../Users/Computer 2/Documents/GitHub/Pay-of-Day-Sunscreen/AI Love you 4.22/Intermediate/Config/CoalescedSourceConfigs/Editor.ini]
LogConfig: Warning: Failed to saved backup for config[../../../../../../Users/Computer 2/Documents/GitHub/Pay-of-Day-Sunscreen/AI Love you 4.22/Intermediate/Config/CoalescedSourceConfigs/EditorKeyBindings.ini]
LogConfig: Warning: Failed to saved backup for config[../../../../../../Users/Computer 2/Documents/GitHub/Pay-of-Day-Sunscreen/AI Love you 4.22/Intermediate/Config/CoalescedSourceConfigs/Compat.ini]
LogConfig: Warning: Failed to saved backup for config[../../../../../../Users/Computer 2/Documents/GitHub/Pay-of-Day-Sunscreen/AI Love you 4.22/Intermediate/Config/CoalescedSourceConfigs/Lightmass.ini]
LogConfig: Warning: Failed to saved backup for config[../../../../../../Users/Computer 2/Documents/GitHub/Pay-of-Day-Sunscreen/AI Love you 4.22/Intermediate/Config/CoalescedSourceConfigs/Scalability.ini]
LogConfig: Warning: Failed to saved backup for config[../../../../../../Users/Computer 2/Documents/GitHub/Pay-of-Day-Sunscreen/AI Love you 4.22/Intermediate/Config/CoalescedSourceConfigs/Hardware.ini]
LogPluginManager: Mounting plugin Paper2D
LogPluginManager: Mounting plugin AISupport
LogPluginManager: Mounting plugin LightPropagationVolume
LogPluginManager: Mounting plugin ActorLayerUtilities
LogPluginManager: Mounting plugin AnimationSharing
LogPluginManager: Mounting plugin CLionSourceCodeAccess
LogPluginManager: Mounting plugin CodeLiteSourceCodeAccess
LogPluginManager: Mounting plugin ConcertFrontend
LogPluginManager: Mounting plugin ConcertMain
LogPluginManager: Mounting plugin ConcertSyncClient
LogPluginManager: Mounting plugin ConcertSyncCore
LogPluginManager: Found config from plugin[ConcertSyncCore] C:/Users/Computer 2/Documents/GitHub/Pay-of-Day-Sunscreen/AI Love you 4.22/Saved/Config/Windows/Engine.ini
LogPluginManager: Mounting plugin GitSourceControl
LogPluginManager: Mounting plugin KDevelopSourceCodeAccess
LogPluginManager: Mounting plugin NullSourceCodeAccess
LogPluginManager: Mounting plugin PerforceSourceControl
LogPluginManager: Mounting plugin SubversionSourceControl
LogPluginManager: Mounting plugin UObjectPlugin
LogPluginManager: Mounting plugin VisualStudioCodeSourceCodeAccess
LogPluginManager: Mounting plugin VisualStudioSourceCodeAccess
LogPluginManager: Mounting plugin XCodeSourceCodeAccess
LogPluginManager: Mounting plugin AssetManagerEditor
LogPluginManager: Mounting plugin CryptoKeys
LogPluginManager: Mounting plugin DataValidation
LogPluginManager: Mounting plugin FacialAnimation
LogPluginManager: Mounting plugin GameplayTagsEditor
LogPluginManager: Mounting plugin MacGraphicsSwitching
LogPluginManager: Mounting plugin MaterialAnalyzer
LogPluginManager: Mounting plugin MobileLauncherProfileWizard
LogPluginManager: Mounting plugin PluginBrowser
LogPluginManager: Mounting plugin SpeedTreeImporter
LogPluginManager: Mounting plugin DatasmithContent
LogPluginManager: Mounting plugin VariantManagerContent
LogPluginManager: Mounting plugin AlembicImporter
LogPluginManager: Mounting plugin AppleImageUtils
LogPluginManager: Mounting plugin AppleVision
LogPluginManager: Mounting plugin BackChannel
LogPluginManager: Mounting plugin CharacterAI
LogPluginManager: Mounting plugin GeometryCache
LogPluginManager: Mounting plugin HTML5Networking
LogPluginManager: Mounting plugin ProxyLODPlugin
LogPluginManager: Mounting plugin SkeletalReduction
LogPluginManager: Mounting plugin MagicLeap
LogConfig: Warning: Failed to saved backup for config[../../../../../../Users/Computer 2/Documents/GitHub/Pay-of-Day-Sunscreen/AI Love you 4.22/Intermediate/Config/CoalescedSourceConfigs/MagicLeap.ini]
LogPluginManager: Mounting plugin MagicLeapMedia
LogPluginManager: Mounting plugin AndroidMedia
LogPluginManager: Mounting plugin AvfMedia
LogPluginManager: Mounting plugin ImgMedia
LogPluginManager: Mounting plugin LinearTimecode
LogPluginManager: Mounting plugin MediaCompositing
LogPluginManager: Mounting plugin MediaPlayerEditor
LogPluginManager: Mounting plugin WebMMedia
LogPluginManager: Mounting plugin WmfMedia
LogPluginManager: Mounting plugin TcpMessaging
LogPluginManager: Mounting plugin UdpMessaging
LogPluginManager: Mounting plugin ActorSequence
LogPluginManager: Mounting plugin LevelSequenceEditor
LogPluginManager: Mounting plugin MatineeToLevelSequence
LogPluginManager: Mounting plugin NetcodeUnitTest
LogPluginManager: Mounting plugin NUTUnrealEngine4
LogPluginManager: Mounting plugin OnlineSubsystemGooglePlay
LogPluginManager: Mounting plugin OnlineSubsystemIOS
LogPluginManager: Mounting plugin OnlineSubsystem
LogPluginManager: Mounting plugin OnlineSubsystemNull
LogPluginManager: Mounting plugin OnlineSubsystemUtils
LogPluginManager: Mounting plugin LauncherChunkInstaller
LogPluginManager: Mounting plugin AndroidDeviceProfileSelector
LogPluginManager: Mounting plugin AndroidMoviePlayer
LogPluginManager: Mounting plugin AndroidPermission
LogPluginManager: Mounting plugin AppleMoviePlayer
LogPluginManager: Mounting plugin ArchVisCharacter
LogPluginManager: Mounting plugin AudioCapture
LogPluginManager: Mounting plugin CableComponent
LogPluginManager: Mounting plugin CustomMeshComponent
LogPluginManager: Mounting plugin EditableMesh
LogPluginManager: Mounting plugin ExampleDeviceProfileSelector
LogPluginManager: Mounting plugin Firebase
LogPluginManager: Mounting plugin GoogleCloudMessaging
LogPluginManager: Mounting plugin IOSDeviceProfileSelector
LogPluginManager: Mounting plugin LinuxDeviceProfileSelector
LogPluginManager: Mounting plugin LocationServicesBPLibrary
LogPluginManager: Mounting plugin MobilePatchingUtils
LogPluginManager: Mounting plugin OculusVR
LogConfig: Warning: Failed to saved backup for config[../../../../../../Users/Computer 2/Documents/GitHub/Pay-of-Day-Sunscreen/AI Love you 4.22/Intermediate/Config/CoalescedSourceConfigs/OculusVR.ini]
LogPluginManager: Mounting plugin PhysXVehicles
LogConfig: Warning: Failed to saved backup for config[../../../../../../Users/Computer 2/Documents/GitHub/Pay-of-Day-Sunscreen/AI Love you 4.22/Intermediate/Config/CoalescedSourceConfigs/PhysXVehicles.ini]
LogPluginManager: Mounting plugin ProceduralMeshComponent
LogPluginManager: Mounting plugin RuntimePhysXCooking
LogPluginManager: Mounting plugin SignificanceManager
LogPluginManager: Mounting plugin SteamVR
LogPluginManager: Mounting plugin WebMMoviePlayer
LogPluginManager: Mounting plugin WindowsMoviePlayer
LogInit: Using libcurl 7.55.1-DEV
LogInit:  - built for x86_64-pc-win32
LogInit:  - supports SSL with OpenSSL/1.1.1
LogInit:  - supports HTTP deflate (compression) using libz 1.2.8
LogInit:  - other features:
LogInit:      CURL_VERSION_SSL
LogInit:      CURL_VERSION_LIBZ
LogInit:      CURL_VERSION_IPV6
LogInit:      CURL_VERSION_ASYNCHDNS
LogInit:      CURL_VERSION_LARGEFILE
LogInit:      CURL_VERSION_IDN
LogInit:  CurlRequestOptions (configurable via config and command line):
LogInit:  - bVerifyPeer = true  - Libcurl will verify peer certificate
LogInit:  - bUseHttpProxy = false  - Libcurl will NOT use HTTP proxy
LogInit:  - bDontReuseConnections = false  - Libcurl will reuse connections
LogInit:  - MaxHostConnections = 16  - Libcurl will limit the number of connections to a host
LogInit:  - LocalHostAddr = Default
LogInit:  - BufferSize = 65536
LogInit: WinSock: version 1.1 (2.2), MaxSocks=32767, MaxUdp=65467
LogHMD: Failed initializing OVRPlugin 1.32.0
LogInit: Build: ++UE4+Release-4.22-CL-5660361
LogInit: Engine Version: 4.22.0-5660361+++UE4+Release-4.22
LogInit: Compatible Engine Version: 4.22.0-5660361+++UE4+Release-4.22
LogInit: Net CL: 5660361
LogInit: OS: Windows 10 (Release 1803) (), CPU: Intel(R) Core(TM) i7-6700 CPU @ 3.40GHz, GPU: NVIDIA GeForce GTX 1070
LogInit: Compiled (64-bit): Mar 31 2019 02:05:09
LogInit: Compiled with Visual C++: 19.16.27025.01
LogInit: Build Configuration: Development
LogInit: Branch Name: ++UE4+Release-4.22
LogInit: Command Line: 
LogInit: Base Directory: C:/Program Files/Epic Games/UE_4.22/Engine/Binaries/Win64/
LogInit: Installed Engine Build: 1
LogDevObjectVersion: Number of dev versions registered: 23
LogDevObjectVersion:   Dev-Blueprints (B0D832E4-1F89-4F0D-ACCF-7EB736FD4AA2): 10
LogDevObjectVersion:   Dev-Build (E1C64328-A22C-4D53-A36C-8E866417BD8C): 0
LogDevObjectVersion:   Dev-Core (375EC13C-06E4-48FB-B500-84F0262A717E): 3
LogDevObjectVersion:   Dev-Editor (E4B068ED-F494-42E9-A231-DA0B2E46BB41): 30
LogDevObjectVersion:   Dev-Framework (CFFC743F-43B0-4480-9391-14DF171D2073): 35
LogDevObjectVersion:   Dev-Mobile (B02B49B5-BB20-44E9-A304-32B752E40360): 2
LogDevObjectVersion:   Dev-Networking (A4E4105C-59A1-49B5-A7C5-40C4547EDFEE): 0
LogDevObjectVersion:   Dev-Online (39C831C9-5AE6-47DC-9A44-9C173E1C8E7C): 0
LogDevObjectVersion:   Dev-Physics (78F01B33-EBEA-4F98-B9B4-84EACCB95AA2): 0
LogDevObjectVersion:   Dev-Platform (6631380F-2D4D-43E0-8009-CF276956A95A): 0
LogDevObjectVersion:   Dev-Rendering (12F88B9F-8875-4AFC-A67C-D90C383ABD29): 28
LogDevObjectVersion:   Dev-Sequencer (7B5AE74C-D270-4C10-A958-57980B212A5A): 11
LogDevObjectVersion:   Dev-VR (D7296918-1DD6-4BDD-9DE2-64A83CC13884): 2
LogDevObjectVersion:   Dev-LoadTimes (C2A15278-BFE7-4AFE-6C17-90FF531DF755): 1
LogDevObjectVersion:   Private-Geometry (6EACA3D4-40EC-4CC1-B786-8BED09428FC5): 3
LogDevObjectVersion:   Dev-AnimPhys (29E575DD-E0A3-4627-9D10-D276232CDCEA): 17
LogDevObjectVersion:   Dev-Anim (AF43A65D-7FD3-4947-9873-3E8ED9C1BB05): 2
LogDevObjectVersion:   Dev-ReflectionCapture (6B266CEC-1EC7-4B8F-A30B-E4D90942FC07): 1
LogDevObjectVersion:   Dev-Automation (0DF73D61-A23F-47EA-B727-89E90C41499A): 1
LogDevObjectVersion:   FortniteMain (601D1886-AC64-4F84-AA16-D3DE0DEAC7D6): 25
LogDevObjectVersion:   Dev-Enterprise (9DFFBCD6-494F-0158-E221-12823C92A888): 6
LogDevObjectVersion:   Dev-Niagara (F2AED0AC-9AFE-416F-8664-AA7FFA26D6FC): 1
LogDevObjectVersion:   Dev-Destruction (174F1F0B-B4C6-45A5-B13F-2EE8D0FB917D): 2
LogInit: Presizing for max 16777216 objects, including 0 objects not considered by GC, pre-allocating 0 bytes for permanent pool.
LogInit: Object subsystem initialized
LogConfig: Setting CVar [[con.DebugEarlyDefault:1]]
LogConfig: Setting CVar [[r.setres:1280x720]]
[2019.04.23-13.48.08:345][  0]LogConfig: Setting CVar [[r.VSync:0]]
[2019.04.23-13.48.08:345][  0]LogConfig: Setting CVar [[r.RHICmdBypass:0]]
[2019.04.23-13.48.08:345][  0]LogConfig: Applying CVar settings from Section [/Script/Engine.RendererSettings] File [C:/Users/Computer 2/Documents/GitHub/Pay-of-Day-Sunscreen/AI Love you 4.22/Saved/Config/Windows/Engine.ini]
[2019.04.23-13.48.08:345][  0]LogConfig: Setting CVar [[r.GPUCrashDebugging:0]]
[2019.04.23-13.48.08:345][  0]LogConfig: Applying CVar settings from Section [/Script/Engine.RendererOverrideSettings] File [C:/Users/Computer 2/Documents/GitHub/Pay-of-Day-Sunscreen/AI Love you 4.22/Saved/Config/Windows/Engine.ini]
[2019.04.23-13.48.08:345][  0]LogConfig: Applying CVar settings from Section [/Script/Engine.StreamingSettings] File [C:/Users/Computer 2/Documents/GitHub/Pay-of-Day-Sunscreen/AI Love you 4.22/Saved/Config/Windows/Engine.ini]
[2019.04.23-13.48.08:345][  0]LogConfig: Setting CVar [[s.MinBulkDataSizeForAsyncLoading:131072]]
[2019.04.23-13.48.08:345][  0]LogConfig: Setting CVar [[s.AsyncLoadingThreadEnabled:0]]
[2019.04.23-13.48.08:345][  0]LogConfig: Setting CVar [[s.EventDrivenLoaderEnabled:1]]
[2019.04.23-13.48.08:345][  0]LogConfig: Setting CVar [[s.WarnIfTimeLimitExceeded:0]]
[2019.04.23-13.48.08:345][  0]LogConfig: Setting CVar [[s.TimeLimitExceededMultiplier:1.5]]
[2019.04.23-13.48.08:345][  0]LogConfig: Setting CVar [[s.TimeLimitExceededMinTime:0.005]]
[2019.04.23-13.48.08:345][  0]LogConfig: Setting CVar [[s.UseBackgroundLevelStreaming:1]]
[2019.04.23-13.48.08:345][  0]LogConfig: Setting CVar [[s.PriorityAsyncLoadingExtraTime:15.0]]
[2019.04.23-13.48.08:345][  0]LogConfig: Setting CVar [[s.LevelStreamingActorsUpdateTimeLimit:5.0]]
[2019.04.23-13.48.08:345][  0]LogConfig: Setting CVar [[s.PriorityLevelStreamingActorsUpdateExtraTime:5.0]]
[2019.04.23-13.48.08:345][  0]LogConfig: Setting CVar [[s.LevelStreamingComponentsRegistrationGranularity:10]]
[2019.04.23-13.48.08:345][  0]LogConfig: Setting CVar [[s.UnregisterComponentsTimeLimit:1.0]]
[2019.04.23-13.48.08:345][  0]LogConfig: Setting CVar [[s.LevelStreamingComponentsUnregistrationGranularity:5]]
[2019.04.23-13.48.08:345][  0]LogConfig: Applying CVar settings from Section [/Script/Engine.GarbageCollectionSettings] File [C:/Users/Computer 2/Documents/GitHub/Pay-of-Day-Sunscreen/AI Love you 4.22/Saved/Config/Windows/Engine.ini]
[2019.04.23-13.48.08:345][  0]LogConfig: Setting CVar [[gc.MaxObjectsNotConsideredByGC:1]]
[2019.04.23-13.48.08:345][  0]LogConfig: Setting CVar [[gc.SizeOfPermanentObjectPool:0]]
[2019.04.23-13.48.08:345][  0]LogConfig: Setting CVar [[gc.FlushStreamingOnGC:0]]
[2019.04.23-13.48.08:346][  0]LogConfig: Setting CVar [[gc.NumRetriesBeforeForcingGC:10]]
[2019.04.23-13.48.08:346][  0]LogConfig: Setting CVar [[gc.AllowParallelGC:1]]
[2019.04.23-13.48.08:346][  0]LogConfig: Setting CVar [[gc.TimeBetweenPurgingPendingKillObjects:61.1]]
[2019.04.23-13.48.08:346][  0]LogConfig: Setting CVar [[gc.MaxObjectsInEditor:16777216]]
[2019.04.23-13.48.08:346][  0]LogConfig: Setting CVar [[gc.IncrementalBeginDestroyEnabled:1]]
[2019.04.23-13.48.08:346][  0]LogConfig: Setting CVar [[gc.CreateGCClusters:1]]
[2019.04.23-13.48.08:346][  0]LogConfig: Setting CVar [[gc.MinGCClusterSize:5]]
[2019.04.23-13.48.08:346][  0]LogConfig: Setting CVar [[gc.ActorClusteringEnabled:0]]
[2019.04.23-13.48.08:346][  0]LogConfig: Setting CVar [[gc.BlueprintClusteringEnabled:0]]
[2019.04.23-13.48.08:346][  0]LogConfig: Setting CVar [[gc.UseDisregardForGCOnDedicatedServers:0]]
[2019.04.23-13.48.08:346][  0]LogConfig: Applying CVar settings from Section [/Script/Engine.NetworkSettings] File [C:/Users/Computer 2/Documents/GitHub/Pay-of-Day-Sunscreen/AI Love you 4.22/Saved/Config/Windows/Engine.ini]
[2019.04.23-13.48.08:346][  0]LogConfig: Applying CVar settings from Section [/Script/UnrealEd.CookerSettings] File [C:/Users/Computer 2/Documents/GitHub/Pay-of-Day-Sunscreen/AI Love you 4.22/Saved/Config/Windows/Engine.ini]
[2019.04.23-13.48.08:732][  0]LogConfig: Applying CVar settings from Section [ViewDistanceQuality@3] File [C:/Users/Computer 2/Documents/GitHub/Pay-of-Day-Sunscreen/AI Love you 4.22/Saved/Config/Windows/Scalability.ini]
[2019.04.23-13.48.08:732][  0]LogConfig: Setting CVar [[r.SkeletalMeshLODBias:0]]
[2019.04.23-13.48.08:732][  0]LogConfig: Setting CVar [[r.ViewDistanceScale:1.0]]
[2019.04.23-13.48.08:732][  0]LogConfig: Applying CVar settings from Section [AntiAliasingQuality@3] File [C:/Users/Computer 2/Documents/GitHub/Pay-of-Day-Sunscreen/AI Love you 4.22/Saved/Config/Windows/Scalability.ini]
[2019.04.23-13.48.08:732][  0]LogConfig: Setting CVar [[r.PostProcessAAQuality:4]]
[2019.04.23-13.48.08:732][  0]LogConfig: Applying CVar settings from Section [ShadowQuality@3] File [C:/Users/Computer 2/Documents/GitHub/Pay-of-Day-Sunscreen/AI Love you 4.22/Saved/Config/Windows/Scalability.ini]
[2019.04.23-13.48.08:732][  0]LogConfig: Setting CVar [[r.LightFunctionQuality:1]]
[2019.04.23-13.48.08:732][  0]LogConfig: Setting CVar [[r.ShadowQuality:5]]
[2019.04.23-13.48.08:732][  0]LogConfig: Setting CVar [[r.Shadow.CSM.MaxCascades:10]]
[2019.04.23-13.48.08:732][  0]LogConfig: Setting CVar [[r.Shadow.MaxResolution:2048]]
[2019.04.23-13.48.08:732][  0]LogConfig: Setting CVar [[r.Shadow.MaxCSMResolution:2048]]
[2019.04.23-13.48.08:732][  0]LogConfig: Setting CVar [[r.Shadow.RadiusThreshold:0.01]]
[2019.04.23-13.48.08:732][  0]LogConfig: Setting CVar [[r.Shadow.DistanceScale:1.0]]
[2019.04.23-13.48.08:732][  0]LogConfig: Setting CVar [[r.Shadow.CSM.TransitionScale:1.0]]
[2019.04.23-13.48.08:732][  0]LogConfig: Setting CVar [[r.Shadow.PreShadowResolutionFactor:1.0]]
[2019.04.23-13.48.08:733][  0]LogConfig: Setting CVar [[r.DistanceFieldShadowing:1]]
[2019.04.23-13.48.08:733][  0]LogConfig: Setting CVar [[r.DistanceFieldAO:1]]
[2019.04.23-13.48.08:733][  0]LogConfig: Setting CVar [[r.AOQuality:2]]
[2019.04.23-13.48.08:733][  0]LogConfig: Setting CVar [[r.VolumetricFog:1]]
[2019.04.23-13.48.08:733][  0]LogConfig: Setting CVar [[r.VolumetricFog.GridPixelSize:8]]
[2019.04.23-13.48.08:733][  0]LogConfig: Setting CVar [[r.VolumetricFog.GridSizeZ:128]]
[2019.04.23-13.48.08:733][  0]LogConfig: Setting CVar [[r.VolumetricFog.HistoryMissSupersampleCount:4]]
[2019.04.23-13.48.08:733][  0]LogConfig: Setting CVar [[r.LightMaxDrawDistanceScale:1]]
[2019.04.23-13.48.08:733][  0]LogConfig: Setting CVar [[r.CapsuleShadows:1]]
[2019.04.23-13.48.08:733][  0]LogConfig: Applying CVar settings from Section [PostProcessQuality@3] File [C:/Users/Computer 2/Documents/GitHub/Pay-of-Day-Sunscreen/AI Love you 4.22/Saved/Config/Windows/Scalability.ini]
[2019.04.23-13.48.08:733][  0]LogConfig: Setting CVar [[r.MotionBlurQuality:4]]
[2019.04.23-13.48.08:733][  0]LogConfig: Setting CVar [[r.AmbientOcclusionMipLevelFactor:0.4]]
[2019.04.23-13.48.08:733][  0]LogConfig: Setting CVar [[r.AmbientOcclusionMaxQuality:100]]
[2019.04.23-13.48.08:733][  0]LogConfig: Setting CVar [[r.AmbientOcclusionLevels:-1]]
[2019.04.23-13.48.08:733][  0]LogConfig: Setting CVar [[r.AmbientOcclusionRadiusScale:1.0]]
[2019.04.23-13.48.08:733][  0]LogConfig: Setting CVar [[r.DepthOfFieldQuality:2]]
[2019.04.23-13.48.08:733][  0]LogConfig: Setting CVar [[r.RenderTargetPoolMin:400]]
[2019.04.23-13.48.08:733][  0]LogConfig: Setting CVar [[r.LensFlareQuality:2]]
[2019.04.23-13.48.08:733][  0]LogConfig: Setting CVar [[r.SceneColorFringeQuality:1]]
[2019.04.23-13.48.08:733][  0]LogConfig: Setting CVar [[r.EyeAdaptationQuality:2]]
[2019.04.23-13.48.08:733][  0]LogConfig: Setting CVar [[r.BloomQuality:5]]
[2019.04.23-13.48.08:733][  0]LogConfig: Setting CVar [[r.FastBlurThreshold:100]]
[2019.04.23-13.48.08:733][  0]LogConfig: Setting CVar [[r.Upscale.Quality:3]]
[2019.04.23-13.48.08:733][  0]LogConfig: Setting CVar [[r.Tonemapper.GrainQuantization:1]]
[2019.04.23-13.48.08:733][  0]LogConfig: Setting CVar [[r.LightShaftQuality:1]]
[2019.04.23-13.48.08:733][  0]LogConfig: Setting CVar [[r.Filter.SizeScale:1]]
[2019.04.23-13.48.08:733][  0]LogConfig: Setting CVar [[r.Tonemapper.Quality:5]]
[2019.04.23-13.48.08:733][  0]LogConfig: Setting CVar [[r.DOF.Gather.AccumulatorQuality:1        ; higher gathering accumulator quality]]
[2019.04.23-13.48.08:733][  0]LogConfig: Setting CVar [[r.DOF.Gather.PostfilterMethod:1          ; Median3x3 postfilering method]]
[2019.04.23-13.48.08:733][  0]LogConfig: Setting CVar [[r.DOF.Gather.EnableBokehSettings:0       ; no bokeh simulation when gathering]]
[2019.04.23-13.48.08:733][  0]LogConfig: Setting CVar [[r.DOF.Gather.RingCount:4                 ; medium number of samples when gathering]]
[2019.04.23-13.48.08:733][  0]LogConfig: Setting CVar [[r.DOF.Scatter.ForegroundCompositing:1    ; additive foreground scattering]]
[2019.04.23-13.48.08:733][  0]LogConfig: Setting CVar [[r.DOF.Scatter.BackgroundCompositing:2    ; additive background scattering]]
[2019.04.23-13.48.08:733][  0]LogConfig: Setting CVar [[r.DOF.Scatter.EnableBokehSettings:1      ; bokeh simulation when scattering]]
[2019.04.23-13.48.08:733][  0]LogConfig: Setting CVar [[r.DOF.Scatter.MaxSpriteRatio:0.1         ; only a maximum of 10% of scattered bokeh]]
[2019.04.23-13.48.08:733][  0]LogConfig: Setting CVar [[r.DOF.Recombine.Quality:1                ; cheap slight out of focus]]
[2019.04.23-13.48.08:733][  0]LogConfig: Setting CVar [[r.DOF.Recombine.EnableBokehSettings:0    ; no bokeh simulation on slight out of focus]]
[2019.04.23-13.48.08:733][  0]LogConfig: Setting CVar [[r.DOF.TemporalAAQuality:1                ; more stable temporal accumulation]]
[2019.04.23-13.48.08:733][  0]LogConfig: Setting CVar [[r.DOF.Kernel.MaxForegroundRadius:0.025]]
[2019.04.23-13.48.08:733][  0]LogConfig: Setting CVar [[r.DOF.Kernel.MaxBackgroundRadius:0.025]]
[2019.04.23-13.48.08:733][  0]LogConfig: Applying CVar settings from Section [TextureQuality@3] File [C:/Users/Computer 2/Documents/GitHub/Pay-of-Day-Sunscreen/AI Love you 4.22/Saved/Config/Windows/Scalability.ini]
[2019.04.23-13.48.08:733][  0]LogConfig: Setting CVar [[r.Streaming.MipBias:0]]
[2019.04.23-13.48.08:733][  0]LogConfig: Setting CVar [[r.Streaming.AmortizeCPUToGPUCopy:0]]
[2019.04.23-13.48.08:733][  0]LogConfig: Setting CVar [[r.Streaming.MaxNumTexturesToStreamPerFrame:0]]
[2019.04.23-13.48.08:733][  0]LogConfig: Setting CVar [[r.Streaming.Boost:1]]
[2019.04.23-13.48.08:733][  0]LogConfig: Setting CVar [[r.MaxAnisotropy:8]]
[2019.04.23-13.48.08:733][  0]LogConfig: Setting CVar [[r.Streaming.LimitPoolSizeToVRAM:0]]
[2019.04.23-13.48.08:733][  0]LogConfig: Setting CVar [[r.Streaming.PoolSize:1000]]
[2019.04.23-13.48.08:733][  0]LogConfig: Setting CVar [[r.Streaming.MaxEffectiveScreenSize:0]]
[2019.04.23-13.48.08:733][  0]LogConfig: Applying CVar settings from Section [EffectsQuality@3] File [C:/Users/Computer 2/Documents/GitHub/Pay-of-Day-Sunscreen/AI Love you 4.22/Saved/Config/Windows/Scalability.ini]
[2019.04.23-13.48.08:733][  0]LogConfig: Setting CVar [[r.TranslucencyLightingVolumeDim:64]]
[2019.04.23-13.48.08:733][  0]LogConfig: Setting CVar [[r.RefractionQuality:2]]
[2019.04.23-13.48.08:733][  0]LogConfig: Setting CVar [[r.SSR.Quality:3]]
[2019.04.23-13.48.08:733][  0]LogConfig: Setting CVar [[r.SceneColorFormat:4]]
[2019.04.23-13.48.08:733][  0]LogConfig: Setting CVar [[r.DetailMode:2]]
[2019.04.23-13.48.08:733][  0]LogConfig: Setting CVar [[r.TranslucencyVolumeBlur:1]]
[2019.04.23-13.48.08:733][  0]LogConfig: Setting CVar [[r.MaterialQualityLevel:1 ; High quality]]
[2019.04.23-13.48.08:733][  0]LogConfig: Setting CVar [[r.SSS.Scale:1]]
[2019.04.23-13.48.08:734][  0]LogConfig: Setting CVar [[r.SSS.SampleSet:2]]
[2019.04.23-13.48.08:734][  0]LogConfig: Setting CVar [[r.SSS.Quality:1]]
[2019.04.23-13.48.08:734][  0]LogConfig: Setting CVar [[r.SSS.HalfRes:1]]
[2019.04.23-13.48.08:734][  0]LogConfig: Setting CVar [[r.EmitterSpawnRateScale:1.0]]
[2019.04.23-13.48.08:734][  0]LogConfig: Setting CVar [[r.ParticleLightQuality:2]]
[2019.04.23-13.48.08:734][  0]LogConfig: Applying CVar settings from Section [FoliageQuality@3] File [C:/Users/Computer 2/Documents/GitHub/Pay-of-Day-Sunscreen/AI Love you 4.22/Saved/Config/Windows/Scalability.ini]
[2019.04.23-13.48.08:734][  0]LogConfig: Setting CVar [[foliage.DensityScale:1.0]]
[2019.04.23-13.48.08:734][  0]LogConfig: Setting CVar [[grass.DensityScale:1.0]]
[2019.04.23-13.48.08:788][  0]LogInit: Selected Device Profile: [Windows]
[2019.04.23-13.48.08:788][  0]LogInit: Applying CVar settings loaded from the selected device profile: [Windows]
[2019.04.23-13.48.08:848][  0]LogConfig: Warning: Failed to saved backup for config[../../../../../../Users/Computer 2/Documents/GitHub/Pay-of-Day-Sunscreen/AI Love you 4.22/Intermediate/Config/CoalescedSourceConfigs/DeviceProfiles.ini]
[2019.04.23-13.48.08:964][  0]LogHAL: Display: Platform has ~ 8 GB [8547778560 / 8589934592 / 8], which maps to Default [LargestMinGB=32, LargerMinGB=12, DefaultMinGB=8, SmallerMinGB=6, SmallestMinGB=0)
[2019.04.23-13.48.08:982][  0]LogConfig: Setting CVar [[r.Vulkan.UseRealUBs:0		; Required until we fix HLR fall-out]]
[2019.04.23-13.48.08:982][  0]LogInit: Going up to parent DeviceProfile []
[2019.04.23-13.48.08:995][  0]LogConfig: Applying CVar settings from Section [ViewDistanceQuality@3] File [C:/Users/Computer 2/Documents/GitHub/Pay-of-Day-Sunscreen/AI Love you 4.22/Saved/Config/Windows/Scalability.ini]
[2019.04.23-13.48.08:995][  0]LogConfig: Setting CVar [[r.SkeletalMeshLODBias:0]]
[2019.04.23-13.48.08:995][  0]LogConfig: Setting CVar [[r.ViewDistanceScale:1.0]]
[2019.04.23-13.48.08:995][  0]LogConfig: Applying CVar settings from Section [AntiAliasingQuality@3] File [C:/Users/Computer 2/Documents/GitHub/Pay-of-Day-Sunscreen/AI Love you 4.22/Saved/Config/Windows/Scalability.ini]
[2019.04.23-13.48.08:995][  0]LogConfig: Setting CVar [[r.PostProcessAAQuality:4]]
[2019.04.23-13.48.08:995][  0]LogConfig: Applying CVar settings from Section [ShadowQuality@3] File [C:/Users/Computer 2/Documents/GitHub/Pay-of-Day-Sunscreen/AI Love you 4.22/Saved/Config/Windows/Scalability.ini]
[2019.04.23-13.48.08:995][  0]LogConfig: Setting CVar [[r.LightFunctionQuality:1]]
[2019.04.23-13.48.08:995][  0]LogConfig: Setting CVar [[r.ShadowQuality:5]]
[2019.04.23-13.48.08:995][  0]LogConfig: Setting CVar [[r.Shadow.CSM.MaxCascades:10]]
[2019.04.23-13.48.08:995][  0]LogConfig: Setting CVar [[r.Shadow.MaxResolution:2048]]
[2019.04.23-13.48.08:996][  0]LogConfig: Setting CVar [[r.Shadow.MaxCSMResolution:2048]]
[2019.04.23-13.48.08:996][  0]LogConfig: Setting CVar [[r.Shadow.RadiusThreshold:0.01]]
[2019.04.23-13.48.08:996][  0]LogConfig: Setting CVar [[r.Shadow.DistanceScale:1.0]]
[2019.04.23-13.48.08:996][  0]LogConfig: Setting CVar [[r.Shadow.CSM.TransitionScale:1.0]]
[2019.04.23-13.48.08:996][  0]LogConfig: Setting CVar [[r.Shadow.PreShadowResolutionFactor:1.0]]
[2019.04.23-13.48.08:996][  0]LogConfig: Setting CVar [[r.DistanceFieldShadowing:1]]
[2019.04.23-13.48.08:996][  0]LogConfig: Setting CVar [[r.DistanceFieldAO:1]]
[2019.04.23-13.48.08:996][  0]LogConfig: Setting CVar [[r.AOQuality:2]]
[2019.04.23-13.48.08:996][  0]LogConfig: Setting CVar [[r.VolumetricFog:1]]
[2019.04.23-13.48.08:996][  0]LogConfig: Setting CVar [[r.VolumetricFog.GridPixelSize:8]]
[2019.04.23-13.48.08:996][  0]LogConfig: Setting CVar [[r.VolumetricFog.GridSizeZ:128]]
[2019.04.23-13.48.08:996][  0]LogConfig: Setting CVar [[r.VolumetricFog.HistoryMissSupersampleCount:4]]
[2019.04.23-13.48.08:996][  0]LogConfig: Setting CVar [[r.LightMaxDrawDistanceScale:1]]
[2019.04.23-13.48.08:996][  0]LogConfig: Setting CVar [[r.CapsuleShadows:1]]
[2019.04.23-13.48.08:996][  0]LogConfig: Applying CVar settings from Section [PostProcessQuality@3] File [C:/Users/Computer 2/Documents/GitHub/Pay-of-Day-Sunscreen/AI Love you 4.22/Saved/Config/Windows/Scalability.ini]
[2019.04.23-13.48.08:996][  0]LogConfig: Setting CVar [[r.MotionBlurQuality:4]]
[2019.04.23-13.48.08:996][  0]LogConfig: Setting CVar [[r.AmbientOcclusionMipLevelFactor:0.4]]
[2019.04.23-13.48.08:996][  0]LogConfig: Setting CVar [[r.AmbientOcclusionMaxQuality:100]]
[2019.04.23-13.48.08:996][  0]LogConfig: Setting CVar [[r.AmbientOcclusionLevels:-1]]
[2019.04.23-13.48.08:996][  0]LogConfig: Setting CVar [[r.AmbientOcclusionRadiusScale:1.0]]
[2019.04.23-13.48.08:996][  0]LogConfig: Setting CVar [[r.DepthOfFieldQuality:2]]
[2019.04.23-13.48.08:996][  0]LogConfig: Setting CVar [[r.RenderTargetPoolMin:400]]
[2019.04.23-13.48.08:996][  0]LogConfig: Setting CVar [[r.LensFlareQuality:2]]
[2019.04.23-13.48.08:996][  0]LogConfig: Setting CVar [[r.SceneColorFringeQuality:1]]
[2019.04.23-13.48.08:997][  0]LogConfig: Setting CVar [[r.EyeAdaptationQuality:2]]
[2019.04.23-13.48.08:997][  0]LogConfig: Setting CVar [[r.BloomQuality:5]]
[2019.04.23-13.48.08:997][  0]LogConfig: Setting CVar [[r.FastBlurThreshold:100]]
[2019.04.23-13.48.08:997][  0]LogConfig: Setting CVar [[r.Upscale.Quality:3]]
[2019.04.23-13.48.08:997][  0]LogConfig: Setting CVar [[r.Tonemapper.GrainQuantization:1]]
[2019.04.23-13.48.08:997][  0]LogConfig: Setting CVar [[r.LightShaftQuality:1]]
[2019.04.23-13.48.08:997][  0]LogConfig: Setting CVar [[r.Filter.SizeScale:1]]
[2019.04.23-13.48.08:997][  0]LogConfig: Setting CVar [[r.Tonemapper.Quality:5]]
[2019.04.23-13.48.08:997][  0]LogConfig: Setting CVar [[r.DOF.Gather.AccumulatorQuality:1        ; higher gathering accumulator quality]]
[2019.04.23-13.48.08:997][  0]LogConfig: Setting CVar [[r.DOF.Gather.PostfilterMethod:1          ; Median3x3 postfilering method]]
[2019.04.23-13.48.08:997][  0]LogConfig: Setting CVar [[r.DOF.Gather.EnableBokehSettings:0       ; no bokeh simulation when gathering]]
[2019.04.23-13.48.08:997][  0]LogConfig: Setting CVar [[r.DOF.Gather.RingCount:4                 ; medium number of samples when gathering]]
[2019.04.23-13.48.08:997][  0]LogConfig: Setting CVar [[r.DOF.Scatter.ForegroundCompositing:1    ; additive foreground scattering]]
[2019.04.23-13.48.08:997][  0]LogConfig: Setting CVar [[r.DOF.Scatter.BackgroundCompositing:2    ; additive background scattering]]
[2019.04.23-13.48.08:997][  0]LogConfig: Setting CVar [[r.DOF.Scatter.EnableBokehSettings:1      ; bokeh simulation when scattering]]
[2019.04.23-13.48.08:997][  0]LogConfig: Setting CVar [[r.DOF.Scatter.MaxSpriteRatio:0.1         ; only a maximum of 10% of scattered bokeh]]
[2019.04.23-13.48.08:997][  0]LogConfig: Setting CVar [[r.DOF.Recombine.Quality:1                ; cheap slight out of focus]]
[2019.04.23-13.48.08:997][  0]LogConfig: Setting CVar [[r.DOF.Recombine.EnableBokehSettings:0    ; no bokeh simulation on slight out of focus]]
[2019.04.23-13.48.08:997][  0]LogConfig: Setting CVar [[r.DOF.TemporalAAQuality:1                ; more stable temporal accumulation]]
[2019.04.23-13.48.08:997][  0]LogConfig: Setting CVar [[r.DOF.Kernel.MaxForegroundRadius:0.025]]
[2019.04.23-13.48.08:997][  0]LogConfig: Setting CVar [[r.DOF.Kernel.MaxBackgroundRadius:0.025]]
[2019.04.23-13.48.08:998][  0]LogConfig: Applying CVar settings from Section [TextureQuality@3] File [C:/Users/Computer 2/Documents/GitHub/Pay-of-Day-Sunscreen/AI Love you 4.22/Saved/Config/Windows/Scalability.ini]
[2019.04.23-13.48.08:998][  0]LogConfig: Setting CVar [[r.Streaming.MipBias:0]]
[2019.04.23-13.48.08:998][  0]LogConfig: Setting CVar [[r.Streaming.AmortizeCPUToGPUCopy:0]]
[2019.04.23-13.48.08:998][  0]LogConfig: Setting CVar [[r.Streaming.MaxNumTexturesToStreamPerFrame:0]]
[2019.04.23-13.48.08:998][  0]LogConfig: Setting CVar [[r.Streaming.Boost:1]]
[2019.04.23-13.48.08:998][  0]LogConfig: Setting CVar [[r.MaxAnisotropy:8]]
[2019.04.23-13.48.08:998][  0]LogConfig: Setting CVar [[r.Streaming.LimitPoolSizeToVRAM:0]]
[2019.04.23-13.48.08:998][  0]LogConfig: Setting CVar [[r.Streaming.PoolSize:1000]]
[2019.04.23-13.48.08:998][  0]LogConfig: Setting CVar [[r.Streaming.MaxEffectiveScreenSize:0]]
[2019.04.23-13.48.08:998][  0]LogConfig: Applying CVar settings from Section [EffectsQuality@3] File [C:/Users/Computer 2/Documents/GitHub/Pay-of-Day-Sunscreen/AI Love you 4.22/Saved/Config/Windows/Scalability.ini]
[2019.04.23-13.48.08:999][  0]LogConfig: Setting CVar [[r.TranslucencyLightingVolumeDim:64]]
[2019.04.23-13.48.08:999][  0]LogConfig: Setting CVar [[r.RefractionQuality:2]]
[2019.04.23-13.48.08:999][  0]LogConfig: Setting CVar [[r.SSR.Quality:3]]
[2019.04.23-13.48.08:999][  0]LogConfig: Setting CVar [[r.SceneColorFormat:4]]
[2019.04.23-13.48.08:999][  0]LogConfig: Setting CVar [[r.DetailMode:2]]
[2019.04.23-13.48.08:999][  0]LogConfig: Setting CVar [[r.TranslucencyVolumeBlur:1]]
[2019.04.23-13.48.08:999][  0]LogConfig: Setting CVar [[r.MaterialQualityLevel:1 ; High quality]]
[2019.04.23-13.48.08:999][  0]LogConfig: Setting CVar [[r.SSS.Scale:1]]
[2019.04.23-13.48.08:999][  0]LogConfig: Setting CVar [[r.SSS.SampleSet:2]]
[2019.04.23-13.48.08:999][  0]LogConfig: Setting CVar [[r.SSS.Quality:1]]
[2019.04.23-13.48.08:999][  0]LogConfig: Setting CVar [[r.SSS.HalfRes:1]]
[2019.04.23-13.48.08:999][  0]LogConfig: Setting CVar [[r.EmitterSpawnRateScale:1.0]]
[2019.04.23-13.48.08:999][  0]LogConfig: Setting CVar [[r.ParticleLightQuality:2]]
[2019.04.23-13.48.08:999][  0]LogConfig: Applying CVar settings from Section [FoliageQuality@3] File [C:/Users/Computer 2/Documents/GitHub/Pay-of-Day-Sunscreen/AI Love you 4.22/Saved/Config/Windows/Scalability.ini]
[2019.04.23-13.48.08:999][  0]LogConfig: Setting CVar [[foliage.DensityScale:1.0]]
[2019.04.23-13.48.08:999][  0]LogConfig: Setting CVar [[grass.DensityScale:1.0]]
[2019.04.23-13.48.08:999][  0]LogConfig: Applying CVar settings from Section [Startup] File [../../../Engine/Config/ConsoleVariables.ini]
[2019.04.23-13.48.09:022][  0]LogConfig: Setting CVar [[net.UseAdaptiveNetUpdateFrequency:0]]
[2019.04.23-13.48.09:022][  0]LogConfig: Setting CVar [[p.chaos.AllowCreatePhysxBodies:1]]
[2019.04.23-13.48.09:022][  0]LogConfig: Applying CVar settings from Section [ConsoleVariables] File [C:/Users/Computer 2/Documents/GitHub/Pay-of-Day-Sunscreen/AI Love you 4.22/Saved/Config/Windows/Engine.ini]
[2019.04.23-13.48.09:084][  0]LogInit: Computer: COMPUTER2
[2019.04.23-13.48.09:084][  0]LogInit: User: Computer2
[2019.04.23-13.48.09:084][  0]LogInit: CPU Page size=4096, Cores=4
[2019.04.23-13.48.09:084][  0]LogInit: High frequency timer resolution =3.328127 MHz
[2019.04.23-13.48.09:087][  0]LogMemory: Memory total: Physical=8.0GB (8GB approx)
[2019.04.23-13.48.09:087][  0]LogMemory: Platform Memory Stats for Windows
[2019.04.23-13.48.09:087][  0]LogMemory: Process Physical Memory: 98.75 MB used, 98.75 MB peak
[2019.04.23-13.48.09:087][  0]LogMemory: Process Virtual Memory: 91.81 MB used, 91.81 MB peak
[2019.04.23-13.48.09:087][  0]LogMemory: Physical Memory: 4142.80 MB used,  4008.99 MB free, 8151.80 MB total
[2019.04.23-13.48.09:087][  0]LogMemory: Virtual Memory: 4668.38 MB used,  134213056.00 MB free, 134217728.00 MB total
[2019.04.23-13.48.11:150][  0]LogInit: Using OS detected language (en-US).
[2019.04.23-13.48.11:150][  0]LogInit: Using OS detected locale (en-US).
[2019.04.23-13.48.11:152][  0]LogTextLocalizationManager: No specific localization for 'en-US' exists, so the 'en' localization will be used.
[2019.04.23-13.48.11:875][  0]LogInit: Setting process to per monitor DPI aware
[2019.04.23-13.48.12:775][  0]LogSlate: New Slate User Created.  User Index 0, Is Virtual User: 0
[2019.04.23-13.48.12:775][  0]LogSlate: Slate User Registered.  User Index 0, Is Virtual User: 0
[2019.04.23-13.48.15:201][  0]LogHMD: Failed to initialize OpenVR with code 110
[2019.04.23-13.48.15:201][  0]LogD3D11RHI: D3D11 adapters:
[2019.04.23-13.48.15:408][  0]LogD3D11RHI:    0. 'NVIDIA GeForce GTX 1070' (Feature Level 11_0)
[2019.04.23-13.48.15:408][  0]LogD3D11RHI:       8088/0/4075 MB DedicatedVideo/DedicatedSystem/SharedSystem, Outputs:1, VendorId:0x10de
[2019.04.23-13.48.15:410][  0]LogD3D11RHI:    1. 'Microsoft Basic Render Driver' (Feature Level 11_0)
[2019.04.23-13.48.15:410][  0]LogD3D11RHI:       0/0/4075 MB DedicatedVideo/DedicatedSystem/SharedSystem, Outputs:0, VendorId:0x1414
[2019.04.23-13.48.15:410][  0]LogD3D11RHI: Chosen D3D11 Adapter: 0
[2019.04.23-13.48.15:448][  0]LogD3D11RHI: Creating new Direct3DDevice
[2019.04.23-13.48.15:449][  0]LogD3D11RHI:     GPU DeviceId: 0x1b81 (for the marketing name, search the web for "GPU Device Id")
[2019.04.23-13.48.15:449][  0]LogWindows: EnumDisplayDevices:
[2019.04.23-13.48.15:449][  0]LogWindows:    0. 'NVIDIA GeForce GTX 1070' (P:1 D:1)
[2019.04.23-13.48.15:449][  0]LogWindows:    1. 'NVIDIA GeForce GTX 1070' (P:0 D:0)
[2019.04.23-13.48.15:450][  0]LogWindows:    2. 'NVIDIA GeForce GTX 1070' (P:0 D:0)
[2019.04.23-13.48.15:450][  0]LogWindows:    3. 'NVIDIA GeForce GTX 1070' (P:0 D:0)
[2019.04.23-13.48.15:450][  0]LogWindows: DebugString: FoundDriverCount:4 
[2019.04.23-13.48.15:450][  0]LogD3D11RHI:     Adapter Name: NVIDIA GeForce GTX 1070
[2019.04.23-13.48.15:450][  0]LogD3D11RHI:   Driver Version: 399.24 (internal:24.21.13.9924, unified:399.24)
[2019.04.23-13.48.15:450][  0]LogD3D11RHI:      Driver Date: 9-5-2018
[2019.04.23-13.48.15:450][  0]LogRHI: Texture pool is 5661 MB (70% of 8088 MB)
[2019.04.23-13.48.15:608][  0]LogD3D11RHI: Async texture creation enabled
[2019.04.23-13.48.15:915][  0]LogRendererCore: FGlobalReadBuffer::InitRHI
[2019.04.23-13.48.15:925][  0]LogRendererCore: FGlobalReadBuffer::InitRHI
[2019.04.23-13.48.15:925][  0]LogRendererCore: FGlobalReadBuffer::InitRHI
[2019.04.23-13.48.15:964][  0]LogD3D11RHI: GPU Timing Frequency: 1000.000000 (Debug: 2 2)
[2019.04.23-13.48.18:147][  0]LogTemp: Display: Module 'AllDesktopTargetPlatform' loaded TargetPlatform 'AllDesktop'
[2019.04.23-13.48.18:160][  0]LogTemp: Display: Module 'MacClientTargetPlatform' loaded TargetPlatform 'MacClient'
[2019.04.23-13.48.18:174][  0]LogTemp: Display: Module 'MacNoEditorTargetPlatform' loaded TargetPlatform 'MacNoEditor'
[2019.04.23-13.48.18:187][  0]LogTemp: Display: Module 'MacServerTargetPlatform' loaded TargetPlatform 'MacServer'
[2019.04.23-13.48.18:201][  0]LogTemp: Display: Module 'MacTargetPlatform' loaded TargetPlatform 'Mac'
[2019.04.23-13.48.18:214][  0]LogTemp: Display: Module 'WindowsClientTargetPlatform' loaded TargetPlatform 'WindowsClient'
[2019.04.23-13.48.18:246][  0]LogTemp: Display: Module 'WindowsNoEditorTargetPlatform' loaded TargetPlatform 'WindowsNoEditor'
[2019.04.23-13.48.18:316][  0]LogTemp: Display: Module 'WindowsServerTargetPlatform' loaded TargetPlatform 'WindowsServer'
[2019.04.23-13.48.18:378][  0]LogTemp: Display: Module 'WindowsTargetPlatform' loaded TargetPlatform 'Windows'
[2019.04.23-13.48.18:653][  0]LogTemp: Display: Module 'AndroidTargetPlatform' loaded TargetPlatform 'Android'
[2019.04.23-13.48.18:653][  0]LogTemp: Display: Module 'AndroidTargetPlatform' loaded TargetPlatform 'Android_ASTC'
[2019.04.23-13.48.18:653][  0]LogTemp: Display: Module 'AndroidTargetPlatform' loaded TargetPlatform 'Android_ATC'
[2019.04.23-13.48.18:653][  0]LogTemp: Display: Module 'AndroidTargetPlatform' loaded TargetPlatform 'Android_DXT'
[2019.04.23-13.48.18:653][  0]LogTemp: Display: Module 'AndroidTargetPlatform' loaded TargetPlatform 'Android_ETC1'
[2019.04.23-13.48.18:653][  0]LogTemp: Display: Module 'AndroidTargetPlatform' loaded TargetPlatform 'Android_ETC1a'
[2019.04.23-13.48.18:653][  0]LogTemp: Display: Module 'AndroidTargetPlatform' loaded TargetPlatform 'Android_ETC2'
[2019.04.23-13.48.18:653][  0]LogTemp: Display: Module 'AndroidTargetPlatform' loaded TargetPlatform 'Android_PVRTC'
[2019.04.23-13.48.18:653][  0]LogTemp: Display: Module 'AndroidTargetPlatform' loaded TargetPlatform 'AndroidClient'
[2019.04.23-13.48.18:653][  0]LogTemp: Display: Module 'AndroidTargetPlatform' loaded TargetPlatform 'Android_ASTCClient'
[2019.04.23-13.48.18:653][  0]LogTemp: Display: Module 'AndroidTargetPlatform' loaded TargetPlatform 'Android_ATCClient'
[2019.04.23-13.48.18:653][  0]LogTemp: Display: Module 'AndroidTargetPlatform' loaded TargetPlatform 'Android_DXTClient'
[2019.04.23-13.48.18:653][  0]LogTemp: Display: Module 'AndroidTargetPlatform' loaded TargetPlatform 'Android_ETC1Client'
[2019.04.23-13.48.18:653][  0]LogTemp: Display: Module 'AndroidTargetPlatform' loaded TargetPlatform 'Android_ETC1aClient'
[2019.04.23-13.48.18:653][  0]LogTemp: Display: Module 'AndroidTargetPlatform' loaded TargetPlatform 'Android_ETC2Client'
[2019.04.23-13.48.18:653][  0]LogTemp: Display: Module 'AndroidTargetPlatform' loaded TargetPlatform 'Android_PVRTCClient'
[2019.04.23-13.48.18:653][  0]LogTemp: Display: Module 'AndroidTargetPlatform' loaded TargetPlatform 'Android_Multi'
[2019.04.23-13.48.18:653][  0]LogTemp: Display: Module 'AndroidTargetPlatform' loaded TargetPlatform 'Android_MultiClient'
[2019.04.23-13.48.18:698][  0]LogTemp: Display: Module 'HTML5TargetPlatform' loaded TargetPlatform 'HTML5'
[2019.04.23-13.48.18:902][  0]LogTemp: Display: Module 'IOSTargetPlatform' loaded TargetPlatform 'IOSClient'
[2019.04.23-13.48.18:902][  0]LogTemp: Display: Module 'IOSTargetPlatform' loaded TargetPlatform 'IOS'
[2019.04.23-13.48.18:941][  0]LogTemp: Display: Module 'TVOSTargetPlatform' loaded TargetPlatform 'TVOSClient'
[2019.04.23-13.48.18:941][  0]LogTemp: Display: Module 'TVOSTargetPlatform' loaded TargetPlatform 'TVOS'
[2019.04.23-13.48.18:965][  0]LogTemp: Display: Module 'LinuxClientTargetPlatform' loaded TargetPlatform 'LinuxClient'
[2019.04.23-13.48.19:067][  0]LogTemp: Display: Module 'LinuxNoEditorTargetPlatform' loaded TargetPlatform 'LinuxNoEditor'
[2019.04.23-13.48.19:082][  0]LogTemp: Display: Module 'LinuxServerTargetPlatform' loaded TargetPlatform 'LinuxServer'
[2019.04.23-13.48.19:110][  0]LogTemp: Display: Module 'LinuxTargetPlatform' loaded TargetPlatform 'Linux'
[2019.04.23-13.48.19:156][  0]LogTemp: Display: Module 'LuminTargetPlatform' loaded TargetPlatform 'Lumin'
[2019.04.23-13.48.19:156][  0]LogTemp: Display: Module 'LuminTargetPlatform' loaded TargetPlatform 'LuminClient'
[2019.04.23-13.48.19:156][  0]LogTargetPlatformManager: Display: Building Assets For Windows
[2019.04.23-13.48.19:650][  0]LogAudioDebug: Display: Lib vorbis DLL was dynamically loaded.
[2019.04.23-13.48.20:424][  0]LogShaderCompilers: Guid format shader working directory is -40 characters bigger than the processId version (../../../../../../Users/Computer 2/Documents/GitHub/Pay-of-Day-Sunscreen/AI Love you 4.22/Intermediate/Shaders/WorkingDirectory/119128/).
[2019.04.23-13.48.20:424][  0]LogShaderCompilers: Cleaned the shader compiler working directory 'C:/Users/Computer 2/AppData/Local/Temp/UnrealShaderWorkingDir/01FFE2D549B3C86894E6F7894E37C0C3/'.
[2019.04.23-13.48.20:508][  0]LogXGEController: Cannot use XGE Controller as Incredibuild is not installed on this machine.
[2019.04.23-13.48.20:509][  0]LogShaderCompilers: Cannot use XGE Shader Compiler as Incredibuild is not installed on this machine.
[2019.04.23-13.48.20:509][  0]LogShaderCompilers: Display: Using Local Shader Compiler.
[2019.04.23-13.48.24:326][  0]LogDerivedDataCache: Display: Max Cache Size: 512 MB
[2019.04.23-13.48.25:385][  0]LogDerivedDataCache: Loaded boot cache 1.06s 71MB C:/Users/Computer 2/AppData/Local/UnrealEngine/4.22/DerivedDataCache/Boot.ddc.
[2019.04.23-13.48.25:385][  0]LogDerivedDataCache: Display: Loaded Boot cache: C:/Users/Computer 2/AppData/Local/UnrealEngine/4.22/DerivedDataCache/Boot.ddc
[2019.04.23-13.48.25:385][  0]LogDerivedDataCache: FDerivedDataBackendGraph:  Pak pak cache file ../../../../../../Users/Computer 2/Documents/GitHub/Pay-of-Day-Sunscreen/AI Love you 4.22/DerivedDataCache/DDC.ddp not found, will not use a pak cache.
[2019.04.23-13.48.25:385][  0]LogDerivedDataCache: Unable to find inner node Pak for hierarchical cache Hierarchy.
[2019.04.23-13.48.25:385][  0]LogDerivedDataCache: FDerivedDataBackendGraph:  CompressedPak pak cache file ../../../../../../Users/Computer 2/Documents/GitHub/Pay-of-Day-Sunscreen/AI Love you 4.22/DerivedDataCache/Compressed.ddp not found, will not use a pak cache.
[2019.04.23-13.48.25:385][  0]LogDerivedDataCache: Unable to find inner node CompressedPak for hierarchical cache Hierarchy.
[2019.04.23-13.48.25:481][  0]LogDerivedDataCache: Display: Pak cache opened for reading ../../../Engine/DerivedDataCache/Compressed.ddp.
[2019.04.23-13.48.25:481][  0]LogDerivedDataCache: FDerivedDataBackendGraph:  EnterprisePak pak cache file ../../../Enterprise/DerivedDataCache/Compressed.ddp not found, will not use a pak cache.
[2019.04.23-13.48.25:481][  0]LogDerivedDataCache: Unable to find inner node EnterprisePak for hierarchical cache Hierarchy.
[2019.04.23-13.48.25:494][  0]LogDerivedDataCache: Using Local data cache path C:/Users/Computer 2/AppData/Local/UnrealEngine/Common/DerivedDataCache: Writable
[2019.04.23-13.48.25:494][  0]LogDerivedDataCache: Shared data cache path not found in *engine.ini, will not use an Shared cache.
[2019.04.23-13.48.25:494][  0]LogDerivedDataCache: Unable to find inner node Shared for hierarchical cache Hierarchy.
[2019.04.23-13.48.25:740][  0]LogMaterial: Verifying Global Shaders for PCD3D_SM5
[2019.04.23-13.48.25:907][  0]LogSlate: Using FreeType 2.6.0
[2019.04.23-13.48.25:965][  0]LogSlate: SlateFontServices - WITH_FREETYPE: 1, WITH_HARFBUZZ: 1
[2019.04.23-13.48.26:765][  0]LogAssetRegistry: FAssetRegistry took 0.0349 seconds to start up
[2019.04.23-13.48.32:075][  0]LogAssetRegistry: Error: Failed to open file for write ../../../../../../Users/Computer 2/Documents/GitHub/Pay-of-Day-Sunscreen/AI Love you 4.22/Intermediate/CachedAssetRegistry.bin
[2019.04.23-13.48.32:075][  0]LogInit: Selected Device Profile: [Windows]
[2019.04.23-13.48.36:809][  0]LogMeshReduction: Using QuadricMeshReduction for automatic static mesh reduction
[2019.04.23-13.48.36:809][  0]LogMeshReduction: Using SimplygonMeshReduction for automatic skeletal mesh reduction
[2019.04.23-13.48.36:809][  0]LogMeshReduction: Using ProxyLODMeshReduction for automatic mesh merging
[2019.04.23-13.48.36:809][  0]LogMeshReduction: No distributed automatic mesh merging module available
[2019.04.23-13.48.36:810][  0]LogMeshMerging: No distributed automatic mesh merging module available
[2019.04.23-13.48.37:510][  0]LogNetVersion: AILoveYou 1.0.0, NetCL: 5660361, EngineNetVer: 10, GameNetVer: 0 (Checksum: 1436152512)
[2019.04.23-13.48.43:662][  0]LogAssetRegistry: Error: Failed to open file for write ../../../../../../Users/Computer 2/Documents/GitHub/Pay-of-Day-Sunscreen/AI Love you 4.22/Intermediate/AssetRegistryCache/2657c409.bin
[2019.04.23-13.48.43:681][  0]LogAssetRegistry: Error: Failed to open file for write ../../../../../../Users/Computer 2/Documents/GitHub/Pay-of-Day-Sunscreen/AI Love you 4.22/Intermediate/AssetRegistryCache/866581fd.bin
[2019.04.23-13.48.43:685][  0]LogAssetRegistry: Error: Failed to open file for write ../../../../../../Users/Computer 2/Documents/GitHub/Pay-of-Day-Sunscreen/AI Love you 4.22/Intermediate/AssetRegistryCache/8c0e1344.bin
[2019.04.23-13.48.43:689][  0]LogAssetRegistry: Error: Failed to open file for write ../../../../../../Users/Computer 2/Documents/GitHub/Pay-of-Day-Sunscreen/AI Love you 4.22/Intermediate/AssetRegistryCache/6bead350.bin
[2019.04.23-13.48.43:697][  0]LogAssetRegistry: Error: Failed to open file for write ../../../../../../Users/Computer 2/Documents/GitHub/Pay-of-Day-Sunscreen/AI Love you 4.22/Intermediate/AssetRegistryCache/c9e91a3f.bin
[2019.04.23-13.48.43:701][  0]LogAssetRegistry: Error: Failed to open file for write ../../../../../../Users/Computer 2/Documents/GitHub/Pay-of-Day-Sunscreen/AI Love you 4.22/Intermediate/AssetRegistryCache/50a675f9.bin
[2019.04.23-13.48.43:710][  0]LogAssetRegistry: Error: Failed to open file for write ../../../../../../Users/Computer 2/Documents/GitHub/Pay-of-Day-Sunscreen/AI Love you 4.22/Intermediate/AssetRegistryCache/52ed2538.bin
[2019.04.23-13.48.43:716][  0]LogAssetRegistry: Error: Failed to open file for write ../../../../../../Users/Computer 2/Documents/GitHub/Pay-of-Day-Sunscreen/AI Love you 4.22/Intermediate/AssetRegistryCache/1f683343.bin
[2019.04.23-13.48.43:718][  0]LogPackageLocalizationCache: Processed 11 localized package path(s) for 1 prioritized culture(s) in 0.070214 seconds
[2019.04.23-13.48.43:737][  0]LogUObjectArray: 42205 objects as part of root set at end of initial load.
[2019.04.23-13.48.43:737][  0]LogUObjectAllocator: 7325032 out of 0 bytes used by permanent object pool.
[2019.04.23-13.48.43:737][  0]LogUObjectArray: CloseDisregardForGC: 0/0 objects in disregard for GC pool
[2019.04.23-13.48.59:210][  0]LogTcpMessaging: Initializing TcpMessaging bridge
[2019.04.23-13.48.59:247][  0]LogUdpMessaging: Initializing bridge on interface 0.0.0.0:0 to multicast group 230.0.0.1:6666.
[2019.04.23-13.49.00:567][  0]SourceControl: Source control is disabled
[2019.04.23-13.49.00:581][  0]SourceControl: Source control is disabled
[2019.04.23-13.49.00:672][  0]SourceControl: Source control is disabled
[2019.04.23-13.49.00:812][  0]SourceControl: Source control is disabled
[2019.04.23-13.49.02:025][  0]LogAndroidPermission: UAndroidPermissionCallbackProxy::GetInstance
[2019.04.23-13.49.02:808][  0]LogOcInput: OculusInput pre-init called
[2019.04.23-13.49.05:445][  0]LogEngine: Initializing Engine...
[2019.04.23-13.49.05:480][  0]LogHMD: Failed to initialize OpenVR with code 110
[2019.04.23-13.49.05:553][  0]LogStats: UGameplayTagsManager::InitializeManager -  0.050 s
[2019.04.23-13.49.06:654][  0]LogInit: Initializing FReadOnlyCVARCache
[2019.04.23-13.49.07:118][  0]LogAIModule: Creating AISystem for world Untitled
[2019.04.23-13.49.07:433][  0]LogInit: XAudio2 using 'LG 32 FHD (NVIDIA High Definition Audio)' : 2 channels at 48 kHz using 16 bits per sample (channel mask 0x3)
[2019.04.23-13.49.07:687][  0]LogInit: FAudioDevice initialized.
[2019.04.23-13.49.07:687][  0]LogNetVersion: Set ProjectVersion to 1.0.0.0. Version Checksum will be recalculated on next use.
[2019.04.23-13.49.08:394][  0]LogDerivedDataCache: Saved boot cache 0.71s 71MB C:/Users/Computer 2/AppData/Local/UnrealEngine/4.22/DerivedDataCache/Boot.ddc.
[2019.04.23-13.49.08:398][  0]LogInit: Texture streaming: Enabled
[2019.04.23-13.49.08:485][  0]LogEngineSessionManager: EngineSessionManager initialized
[2019.04.23-13.49.08:954][  0]LogInit: Transaction tracking system initialized
[2019.04.23-13.49.11:779][  0]BlueprintLog: New page: Editor Load
[2019.04.23-13.49.13:322][  0]LocalizationService: Localization service is disabled
[2019.04.23-13.49.17:204][  0]LogFileCache: Scanning file cache for directory 'C:/Users/Computer 2/Documents/GitHub/Pay-of-Day-Sunscreen/AI Love you 4.22/Content/' took 0.03s
[2019.04.23-13.49.17:204][  0]LogCook: Display: Max memory allowance for cook 16384mb min free memory 0mb
[2019.04.23-13.49.17:204][  0]LogCook: Display: Mobile HDR setting 1
[2019.04.23-13.49.20:288][  0]SourceControl: Source control is disabled
[2019.04.23-13.49.20:316][  0]Cmd: MAP LOAD FILE="../../../Engine/Content/Maps/Templates/Template_Default.umap" TEMPLATE=1 SHOWPROGRESS=1 FEATURELEVEL=3
[2019.04.23-13.49.20:485][  0]LightingResults: New page: Lighting Build
[2019.04.23-13.49.20:621][  0]MapCheck: New page: Map Check
[2019.04.23-13.49.20:621][  0]LightingResults: New page: Lighting Build
[2019.04.23-13.49.20:986][  0]LogUObjectHash: Compacting FUObjectHashTables data took   1.48ms
[2019.04.23-13.49.22:300][  0]LogAIModule: Creating AISystem for world Untitled_1
[2019.04.23-13.49.23:240][  0]LogEditorServer: Finished looking for orphan Actors (0.000 secs)
[2019.04.23-13.49.23:487][  0]LogUObjectHash: Compacting FUObjectHashTables data took   1.91ms
[2019.04.23-13.49.23:487][  0]Cmd: MAP CHECKDEP NOCLEARLOG
[2019.04.23-13.49.23:488][  0]MapCheck: Map check complete: 0 Error(s), 0 Warning(s), took 0.449ms to complete.
[2019.04.23-13.49.23:488][  0]LogFileHelpers: Loading map 'Template_Default' took 3.187
[2019.04.23-13.49.25:081][  0]LogSlate: Updating window title bar state: overlay mode, drag disabled, window buttons hidden, title bar hidden
[2019.04.23-13.49.25:089][  0]LogSlate: Updating window title bar state: overlay mode, drag disabled, window buttons hidden, title bar hidden
[2019.04.23-13.49.25:096][  0]LogSlate: Updating window title bar state: overlay mode, drag disabled, window buttons hidden, title bar hidden
[2019.04.23-13.49.25:104][  0]LogSlate: Updating window title bar state: overlay mode, drag disabled, window buttons hidden, title bar hidden
[2019.04.23-13.49.25:268][  0]LogCollectionManager: Loaded 0 collections in 0.003042 seconds
[2019.04.23-13.49.25:442][  0]LogFileCache: Scanning file cache for directory 'C:/Users/Computer 2/Documents/GitHub/Pay-of-Day-Sunscreen/AI Love you 4.22/Saved/Collections/' took 0.01s
[2019.04.23-13.49.25:442][  0]LogFileCache: Scanning file cache for directory 'C:/Users/Computer 2/Documents/GitHub/Pay-of-Day-Sunscreen/AI Love you 4.22/Content/Developers/Computer2/Collections/' took 0.01s
[2019.04.23-13.49.25:442][  0]LogFileCache: Scanning file cache for directory 'C:/Users/Computer 2/Documents/GitHub/Pay-of-Day-Sunscreen/AI Love you 4.22/Content/Collections/' took 0.00s
[2019.04.23-13.49.25:442][  0]LogCollectionManager: Rebuilt the GUID cache for 0 collections in 0.000000 seconds
[2019.04.23-13.49.25:452][  0]LogContentBrowser: Native class hierarchy populated in 0.0087 seconds. Added 2741 classes and 672 folders.
[2019.04.23-13.49.25:618][  0]LogContentBrowser: Native class hierarchy updated for 'WidgetCarousel' in 0.0002 seconds. Added 0 classes and 0 folders.
[2019.04.23-13.49.25:880][  0]LogPakFile: Registered encryption key '00000000000000000000000000000000': 0 pak files mounted, 0 remain pending
[2019.04.23-13.49.26:062][  0]LogPakFile: Registered encryption key '00000000000000000000000000000000': 0 pak files mounted, 0 remain pending
[2019.04.23-13.49.26:102][  0]LogPakFile: Registered encryption key '00000000000000000000000000000000': 0 pak files mounted, 0 remain pending
[2019.04.23-13.49.26:107][  0]LogPakFile: Registered encryption key '00000000000000000000000000000000': 0 pak files mounted, 0 remain pending
[2019.04.23-13.49.26:112][  0]LogPakFile: Registered encryption key '00000000000000000000000000000000': 0 pak files mounted, 0 remain pending
[2019.04.23-13.49.26:117][  0]LogPakFile: Registered encryption key '00000000000000000000000000000000': 0 pak files mounted, 0 remain pending
[2019.04.23-13.49.26:122][  0]LogPakFile: Registered encryption key '00000000000000000000000000000000': 0 pak files mounted, 0 remain pending
[2019.04.23-13.49.26:127][  0]LogPakFile: Registered encryption key '00000000000000000000000000000000': 0 pak files mounted, 0 remain pending
[2019.04.23-13.49.26:133][  0]LogPakFile: Registered encryption key '00000000000000000000000000000000': 0 pak files mounted, 0 remain pending
[2019.04.23-13.49.26:138][  0]LogPakFile: Registered encryption key '00000000000000000000000000000000': 0 pak files mounted, 0 remain pending
[2019.04.23-13.49.26:143][  0]LogPakFile: Registered encryption key '00000000000000000000000000000000': 0 pak files mounted, 0 remain pending
[2019.04.23-13.49.26:147][  0]LogPakFile: Registered encryption key '00000000000000000000000000000000': 0 pak files mounted, 0 remain pending
[2019.04.23-13.49.26:152][  0]LogPakFile: Registered encryption key '00000000000000000000000000000000': 0 pak files mounted, 0 remain pending
[2019.04.23-13.49.26:157][  0]LogPakFile: Registered encryption key '00000000000000000000000000000000': 0 pak files mounted, 0 remain pending
[2019.04.23-13.49.26:161][  0]LogPakFile: Registered encryption key '00000000000000000000000000000000': 0 pak files mounted, 0 remain pending
[2019.04.23-13.49.26:297][  0]LogPakFile: Registered encryption key '00000000000000000000000000000000': 0 pak files mounted, 0 remain pending
[2019.04.23-13.49.26:343][  0]LogPakFile: Registered encryption key '00000000000000000000000000000000': 0 pak files mounted, 0 remain pending
[2019.04.23-13.49.26:354][  0]LogPakFile: Registered encryption key '00000000000000000000000000000000': 0 pak files mounted, 0 remain pending
[2019.04.23-13.49.26:359][  0]LogPakFile: Registered encryption key '00000000000000000000000000000000': 0 pak files mounted, 0 remain pending
[2019.04.23-13.49.26:364][  0]LogPakFile: Registered encryption key '00000000000000000000000000000000': 0 pak files mounted, 0 remain pending
[2019.04.23-13.49.26:369][  0]LogPakFile: Registered encryption key '00000000000000000000000000000000': 0 pak files mounted, 0 remain pending
[2019.04.23-13.49.26:374][  0]LogPakFile: Registered encryption key '00000000000000000000000000000000': 0 pak files mounted, 0 remain pending
[2019.04.23-13.49.26:379][  0]LogPakFile: Registered encryption key '00000000000000000000000000000000': 0 pak files mounted, 0 remain pending
[2019.04.23-13.49.26:384][  0]LogPakFile: Registered encryption key '00000000000000000000000000000000': 0 pak files mounted, 0 remain pending
[2019.04.23-13.49.26:389][  0]LogPakFile: Registered encryption key '00000000000000000000000000000000': 0 pak files mounted, 0 remain pending
[2019.04.23-13.49.26:403][  0]LogPakFile: Registered encryption key '00000000000000000000000000000000': 0 pak files mounted, 0 remain pending
[2019.04.23-13.49.27:180][  0]LogContentBrowser: Native class hierarchy updated for 'AddContentDialog' in 0.0002 seconds. Added 0 classes and 0 folders.
[2019.04.23-13.49.28:137][  0]LogContentBrowser: Native class hierarchy updated for 'SceneOutliner' in 0.0002 seconds. Added 1 classes and 2 folders.
[2019.04.23-13.49.28:465][  0]LogSlate: Took 0.025670 seconds to synchronously load lazily loaded font '../../../Engine/Content/Slate/Fonts/Roboto-Regular.ttf' (155K)
[2019.04.23-13.49.28:522][  0]LogSlate: Took 0.055843 seconds to synchronously load lazily loaded font '../../../Engine/Content/Slate/Fonts/Roboto-Bold.ttf' (160K)
[2019.04.23-13.49.28:605][  0]LogSlate: Took 0.018864 seconds to synchronously load lazily loaded font '../../../Engine/Content/Editor/Slate/Fonts/FontAwesome.ttf' (139K)
[2019.04.23-13.49.29:171][  0]LogRenderer: Reallocating scene render targets to support 1100x568 Format 10 NumSamples 1 (Frame:1).
[2019.04.23-13.49.29:922][  0]LogContentBrowser: Native class hierarchy updated for 'HierarchicalLODOutliner' in 0.0002 seconds. Added 0 classes and 0 folders.
[2019.04.23-13.49.29:922][  0]LogLoad: (Engine Initialization) Total time: 100.60 seconds
[2019.04.23-13.49.29:922][  0]LogLoad: (Engine Initialization) Total Blueprint compile time: 0.01 seconds
[2019.04.23-13.49.30:034][  0]LogWindowsTextInputMethodSystem: Display: IME system now deactivated.
[2019.04.23-13.49.30:221][  0]LogContentStreaming: Texture pool size now 1000 MB
[2019.04.23-13.49.30:325][  0]LogSlate: Took 0.037864 seconds to synchronously load lazily loaded font '../../../Engine/Content/Slate/Fonts/Roboto-Light.ttf' (167K)
[2019.04.23-13.49.30:618][  1]LogAssetRegistry: Asset discovery search completed in 63.8753 seconds
[2019.04.23-13.49.30:635][  1]LogCollectionManager: Rebuilt the object cache for 0 collections in 0.000000 seconds (found 0 objects)
[2019.04.23-13.49.30:635][  1]LogCollectionManager: Fixed up redirectors for 0 collections in 0.000068 seconds (updated 0 objects)
[2019.04.23-13.49.35:731][567]LogUObjectHash: Compacting FUObjectHashTables data took   0.66ms
[2019.04.23-13.49.35:802][567]LogSlate: Window 'AILoveYou - Unreal Editor' being destroyed
[2019.04.23-13.49.35:820][567]LogWindowsTextInputMethodSystem: Display: IME system now deactivated.
[2019.04.23-13.49.36:246][568]Cmd: QUIT_EDITOR
[2019.04.23-13.49.36:406][568]LogExit: Preparing to exit.
[2019.04.23-13.49.37:524][568]LogExit: Editor shut down
[2019.04.23-13.49.37:524][568]LogExit: Transaction tracking system shut down
[2019.04.23-13.49.38:469][568]LogExit: Object subsystem successfully closed.
[2019.04.23-13.49.38:598][568]LogShaderCompilers: Display: Shaders left to compile 0
[2019.04.23-13.49.38:659][568]LogD3D11RHI: Shutdown
[2019.04.23-13.49.38:659][568]LogD3D11RHI: CleanupD3DDevice
[2019.04.23-13.49.38:659][568]LogRendererCore: FGlobalReadBuffer::ReleaseRHI
[2019.04.23-13.49.38:659][568]LogRendererCore: FGlobalDynamicReadBuffer::Cleanup()
[2019.04.23-13.49.38:659][568]LogRendererCore: FGlobalReadBuffer::ReleaseRHI
[2019.04.23-13.49.38:659][568]LogRendererCore: FGlobalDynamicReadBuffer::Cleanup()
[2019.04.23-13.49.38:659][568]LogRendererCore: FGlobalReadBuffer::ReleaseRHI
[2019.04.23-13.49.38:659][568]LogRendererCore: FGlobalDynamicReadBuffer::Cleanup()
[2019.04.23-13.49.38:753][568]LogD3D11RHI: ~FD3D11DynamicRHI
[2019.04.23-13.49.40:038][568]LogModuleManager: Shutting down and abandoning module HierarchicalLODOutliner (658)
[2019.04.23-13.49.40:038][568]LogModuleManager: Shutting down and abandoning module SceneOutliner (656)
[2019.04.23-13.49.40:038][568]LogModuleManager: Shutting down and abandoning module AddContentDialog (654)
[2019.04.23-13.49.40:039][568]LogModuleManager: Shutting down and abandoning module WidgetCarousel (653)
[2019.04.23-13.49.40:039][568]LogModuleManager: Shutting down and abandoning module EditorWidgets (650)
[2019.04.23-13.49.40:039][568]LogModuleManager: Shutting down and abandoning module CollectionManager (648)
[2019.04.23-13.49.40:039][568]LogModuleManager: Shutting down and abandoning module HierarchicalLODUtilities (646)
[2019.04.23-13.49.40:039][568]LogModuleManager: Shutting down and abandoning module StatsViewer (644)
[2019.04.23-13.49.40:039][568]LogModuleManager: Shutting down and abandoning module FoliageEdit (642)
[2019.04.23-13.49.40:039][568]LogModuleManager: Shutting down and abandoning module LandscapeEditor (640)
[2019.04.23-13.49.40:106][568]LogModuleManager: Shutting down and abandoning module MeshPaintMode (638)
[2019.04.23-13.49.40:106][568]LogModuleManager: Shutting down and abandoning module SceneDepthPickerMode (636)
[2019.04.23-13.49.40:106][568]LogModuleManager: Shutting down and abandoning module ActorPickerMode (634)
[2019.04.23-13.49.40:106][568]LogModuleManager: Shutting down and abandoning module GeometryMode (632)
[2019.04.23-13.49.40:106][568]LogModuleManager: Shutting down and abandoning module TextureAlignMode (630)
[2019.04.23-13.49.40:106][568]LogModuleManager: Shutting down and abandoning module BspMode (628)
[2019.04.23-13.49.40:118][568]LogModuleManager: Shutting down and abandoning module PIEPreviewDeviceProfileSelector (626)
[2019.04.23-13.49.40:118][568]LogModuleManager: Shutting down and abandoning module SequenceRecorderSections (624)
[2019.04.23-13.49.40:118][568]LogModuleManager: Shutting down and abandoning module AutomationWorker (622)
[2019.04.23-13.49.40:118][568]LogModuleManager: Shutting down and abandoning module OculusMR (620)
[2019.04.23-13.49.40:118][568]LogModuleManager: Shutting down and abandoning module AudioCaptureEditor (618)
[2019.04.23-13.49.40:118][568]LogModuleManager: Shutting down and abandoning module MatineeToLevelSequence (616)
[2019.04.23-13.49.40:118][568]LogModuleManager: Shutting down and abandoning module LevelSequenceEditor (614)
[2019.04.23-13.49.40:145][568]LogModuleManager: Shutting down and abandoning module PlacementMode (613)
[2019.04.23-13.49.40:145][568]LogModuleManager: Shutting down and abandoning module MaterialEditor (612)
[2019.04.23-13.49.40:241][568]LogModuleManager: Shutting down and abandoning module ActorSequenceEditor (608)
[2019.04.23-13.49.40:241][568]LogModuleManager: Shutting down and abandoning module WmfMediaFactory (606)
[2019.04.23-13.49.40:241][568]LogModuleManager: Shutting down and abandoning module WmfMediaEditor (604)
[2019.04.23-13.49.40:241][568]LogModuleManager: Shutting down and abandoning module WebMMediaFactory (602)
[2019.04.23-13.49.40:241][568]LogModuleManager: Shutting down and abandoning module WebMMediaEditor (600)
[2019.04.23-13.49.40:241][568]LogModuleManager: Shutting down and abandoning module WebMMedia (598)
[2019.04.23-13.49.40:241][568]LogModuleManager: Shutting down and abandoning module MediaPlayerEditor (596)
[2019.04.23-13.49.40:241][568]LogModuleManager: Shutting down and abandoning module MediaCompositingEditor (594)
[2019.04.23-13.49.40:258][568]LogModuleManager: Shutting down and abandoning module SequenceRecorder (593)
[2019.04.23-13.49.40:258][568]LogModuleManager: Shutting down and abandoning module OpenExrWrapper (590)
[2019.04.23-13.49.40:259][568]LogModuleManager: Shutting down and abandoning module ImgMediaFactory (588)
[2019.04.23-13.49.40:259][568]LogModuleManager: Shutting down and abandoning module ImgMediaEditor (586)
[2019.04.23-13.49.40:259][568]LogModuleManager: Shutting down and abandoning module AvfMediaFactory (584)
[2019.04.23-13.49.40:259][568]LogModuleManager: Shutting down and abandoning module AvfMediaEditor (582)
[2019.04.23-13.49.40:259][568]LogModuleManager: Shutting down and abandoning module AndroidMediaFactory (580)
[2019.04.23-13.49.40:259][568]LogModuleManager: Shutting down and abandoning module AndroidMediaEditor (578)
[2019.04.23-13.49.40:259][568]LogModuleManager: Shutting down and abandoning module MagicLeapCameraPreviewFactory (576)
[2019.04.23-13.49.40:259][568]LogModuleManager: Shutting down and abandoning module MagicLeapMediaCodecFactory (574)
[2019.04.23-13.49.40:259][568]LogModuleManager: Shutting down and abandoning module MagicLeapMediaFactory (572)
[2019.04.23-13.49.40:259][568]LogModuleManager: Shutting down and abandoning module MagicLeapMediaEditor (570)
[2019.04.23-13.49.40:259][568]LogModuleManager: Shutting down and abandoning module CharacterAI (568)
[2019.04.23-13.49.40:259][568]LogModuleManager: Shutting down and abandoning module SmartSnapping (566)
[2019.04.23-13.49.40:259][568]LogModuleManager: Shutting down and abandoning module SessionServices (564)
[2019.04.23-13.49.40:259][568]LogModuleManager: Shutting down and abandoning module MeshPaint (562)
[2019.04.23-13.49.40:259][568]LogModuleManager: Shutting down and abandoning module ViewportSnapping (560)
[2019.04.23-13.49.40:259][568]LogModuleManager: Shutting down and abandoning module ViewportInteraction (558)
[2019.04.23-13.49.40:259][568]LogModuleManager: Shutting down and abandoning module ClothPainter (556)
[2019.04.23-13.49.40:269][568]LogModuleManager: Shutting down and abandoning module SkeletalMeshEditor (555)
[2019.04.23-13.49.40:293][568]LogModuleManager: Shutting down and abandoning module LogVisualizer (552)
[2019.04.23-13.49.40:294][568]LogModuleManager: Shutting down and abandoning module IntroTutorials (550)
[2019.04.23-13.49.40:294][568]LogModuleManager: Shutting down and abandoning module GameProjectGeneration (549)
[2019.04.23-13.49.40:305][568]LogModuleManager: Shutting down and abandoning module LuminPlatformEditor (546)
[2019.04.23-13.49.40:305][568]LogModuleManager: Shutting down and abandoning module IOSPlatformEditor (544)
[2019.04.23-13.49.40:305][568]LogModuleManager: Shutting down and abandoning module HTML5PlatformEditor (542)
[2019.04.23-13.49.40:305][568]LogModuleManager: Shutting down and abandoning module AndroidPlatformEditor (540)
[2019.04.23-13.49.40:305][568]LogModuleManager: Shutting down and abandoning module AndroidDeviceDetection (539)
[2019.04.23-13.49.40:862][568]LogModuleManager: Shutting down and abandoning module WindowsPlatformEditor (536)
[2019.04.23-13.49.40:862][568]LogModuleManager: Shutting down and abandoning module LuminRuntimeSettings (534)
[2019.04.23-13.49.40:862][568]LogModuleManager: Shutting down and abandoning module IOSRuntimeSettings (532)
[2019.04.23-13.49.40:862][568]LogModuleManager: Shutting down and abandoning module AndroidRuntimeSettings (530)
[2019.04.23-13.49.40:862][568]LogModuleManager: Shutting down and abandoning module TimeManagementEditor (528)
[2019.04.23-13.49.40:862][568]LogModuleManager: Shutting down and abandoning module InputBindingEditor (526)
[2019.04.23-13.49.40:909][568]LogModuleManager: Shutting down and abandoning module MergeActors (524)
[2019.04.23-13.49.40:909][568]LogModuleManager: Shutting down and abandoning module LocalizationDashboard (522)
[2019.04.23-13.49.40:909][568]LogModuleManager: Shutting down and abandoning module LocalizationService (521)
[2019.04.23-13.49.40:909][568]LogModuleManager: Shutting down and abandoning module HardwareTargeting (518)
[2019.04.23-13.49.40:909][568]LogModuleManager: Shutting down and abandoning module DeviceProfileEditor (516)
[2019.04.23-13.49.40:909][568]LogModuleManager: Shutting down and abandoning module UndoHistory (514)
[2019.04.23-13.49.41:018][568]LogModuleManager: Shutting down and abandoning module XmlParser (512)
[2019.04.23-13.49.41:018][568]LogModuleManager: Shutting down and abandoning module Blutility (510)
[2019.04.23-13.49.41:018][568]LogModuleManager: Shutting down and abandoning module ProjectSettingsViewer (508)
[2019.04.23-13.49.41:018][568]LogModuleManager: Shutting down and abandoning module ProjectTargetPlatformEditor (507)
[2019.04.23-13.49.41:018][568]LogModuleManager: Shutting down and abandoning module EditorSettingsViewer (504)
[2019.04.23-13.49.41:018][568]LogModuleManager: Shutting down and abandoning module SettingsEditor (502)
[2019.04.23-13.49.41:018][568]LogModuleManager: Shutting down and abandoning module ProjectLauncher (500)
[2019.04.23-13.49.41:105][568]LogModuleManager: Shutting down and abandoning module SessionFrontend (498)
[2019.04.23-13.49.41:105][568]LogModuleManager: Shutting down and abandoning module ProfilerClient (496)
[2019.04.23-13.49.41:148][568]LogModuleManager: Shutting down and abandoning module DeviceManager (494)
[2019.04.23-13.49.41:148][568]LogModuleManager: Shutting down and abandoning module TargetDeviceServices (493)
[2019.04.23-13.49.41:196][568]LogModuleManager: Shutting down and abandoning module AutomationController (490)
[2019.04.23-13.49.41:196][568]LogModuleManager: Shutting down and abandoning module AutomationWindow (488)
[2019.04.23-13.49.41:255][568]LogModuleManager: Shutting down and abandoning module Layers (486)
[2019.04.23-13.49.41:281][568]LogModuleManager: Shutting down and abandoning module ComponentVisualizers (484)
[2019.04.23-13.49.41:281][568]LogModuleManager: Shutting down and abandoning module DetailCustomizations (482)
[2019.04.23-13.49.41:281][568]LogModuleManager: Shutting down and abandoning module PackagesDialog (480)
[2019.04.23-13.49.41:330][568]LogModuleManager: Shutting down and abandoning module AnimationBlueprintEditor (478)
[2019.04.23-13.49.41:400][568]LogModuleManager: Shutting down and abandoning module Persona (476)
[2019.04.23-13.49.41:413][568]LogModuleManager: Shutting down and abandoning module AdvancedPreviewScene (475)
[2019.04.23-13.49.41:413][568]LogModuleManager: Shutting down and abandoning module AnimGraph (473)
[2019.04.23-13.49.41:413][568]LogModuleManager: Shutting down and abandoning module Kismet (470)
[2019.04.23-13.49.41:511][568]LogModuleManager: Shutting down and abandoning module GraphEditor (468)
[2019.04.23-13.49.41:690][568]LogModuleManager: Shutting down and abandoning module ClassViewer (466)
[2019.04.23-13.49.41:690][568]LogModuleManager: Shutting down and abandoning module Toolbox (464)
[2019.04.23-13.49.41:690][568]LogModuleManager: Shutting down and abandoning module ModuleUI (462)
[2019.04.23-13.49.41:716][568]LogModuleManager: Shutting down and abandoning module MovieSceneTools (460)
[2019.04.23-13.49.41:716][568]LogModuleManager: Shutting down and abandoning module OutputLog (458)
[2019.04.23-13.49.41:716][568]LogModuleManager: Shutting down and abandoning module GammaUI (456)
[2019.04.23-13.49.41:716][568]LogModuleManager: Shutting down and abandoning module Documentation (454)
[2019.04.23-13.49.41:716][568]LogModuleManager: Shutting down and abandoning module LiveCoding (452)
[2019.04.23-13.49.41:716][568]LogModuleManager: Shutting down and abandoning module LevelSequence (450)
[2019.04.23-13.49.41:716][568]LogModuleManager: Shutting down and abandoning module MovieSceneTracks (448)
[2019.04.23-13.49.41:716][568]LogModuleManager: Shutting down and abandoning module MovieScene (446)
[2019.04.23-13.49.41:716][568]LogModuleManager: Shutting down and abandoning module StreamingPauseRendering (444)
[2019.04.23-13.49.41:716][568]LogModuleManager: Shutting down and abandoning module LauncherPlatform (442)
[2019.04.23-13.49.41:717][568]LogModuleManager: Shutting down and abandoning module AnalyticsET (440)
[2019.04.23-13.49.41:717][568]LogModuleManager: Shutting down and abandoning module PortalServices (438)
[2019.04.23-13.49.41:717][568]LogModuleManager: Shutting down and abandoning module PortalRpc (436)
[2019.04.23-13.49.41:717][568]LogModuleManager: Shutting down and abandoning module MessagingRpc (434)
[2019.04.23-13.49.41:717][568]LogModuleManager: Shutting down and abandoning module AIModule (432)
[2019.04.23-13.49.41:717][568]LogModuleManager: Shutting down and abandoning module GameplayDebugger (431)
[2019.04.23-13.49.41:717][568]LogModuleManager: Shutting down and abandoning module AITestSuite (429)
[2019.04.23-13.49.41:717][568]LogModuleManager: Shutting down and abandoning module NavigationSystem (427)
[2019.04.23-13.49.41:717][568]LogModuleManager: Shutting down and abandoning module DesktopPlatform (424)
[2019.04.23-13.49.41:717][568]LogModuleManager: Shutting down and abandoning module ImageWriteQueue (422)
[2019.04.23-13.49.41:720][568]LogModuleManager: Shutting down and abandoning module ProfilerService (420)
[2019.04.23-13.49.41:908][568]LogModuleManager: Shutting down and abandoning module TaskGraph (418)
[2019.04.23-13.49.42:035][568]LogModuleManager: Shutting down and abandoning module SteamVRController (416)
[2019.04.23-13.49.42:035][568]LogModuleManager: Shutting down and abandoning module ProceduralMeshComponentEditor (414)
[2019.04.23-13.49.42:035][568]LogModuleManager: Shutting down and abandoning module ProceduralMeshComponent (412)
[2019.04.23-13.49.42:035][568]LogModuleManager: Shutting down and abandoning module OculusEditor (410)
[2019.04.23-13.49.42:035][568]LogModuleManager: Shutting down and abandoning module OculusInput (408)
[2019.04.23-13.49.42:035][568]LogModuleManager: Shutting down and abandoning module MobilePatchingUtils (406)
[2019.04.23-13.49.42:035][568]LogModuleManager: Shutting down and abandoning module EditableMesh (404)
[2019.04.23-13.49.42:081][568]LogModuleManager: Shutting down and abandoning module CustomMeshComponent (402)
[2019.04.23-13.49.42:081][568]LogModuleManager: Shutting down and abandoning module CableComponent (400)
[2019.04.23-13.49.42:081][568]LogModuleManager: Shutting down and abandoning module AudioCapture (398)
[2019.04.23-13.49.42:081][568]LogModuleManager: Shutting down and abandoning module ArchVisCharacter (396)
[2019.04.23-13.49.42:081][568]LogModuleManager: Shutting down and abandoning module AndroidPermission (394)
[2019.04.23-13.49.42:081][568]LogModuleManager: Shutting down and abandoning module NUTUnrealEngine4 (392)
[2019.04.23-13.49.42:081][568]LogModuleManager: Shutting down and abandoning module NetcodeUnitTest (390)
[2019.04.23-13.49.42:081][568]LogModuleManager: Shutting down and abandoning module MediaCompositing (388)
[2019.04.23-13.49.42:081][568]LogModuleManager: Shutting down and abandoning module LinearTimecode (386)
[2019.04.23-13.49.42:081][568]LogModuleManager: Shutting down and abandoning module ImgMedia (384)
[2019.04.23-13.49.42:081][568]LogModuleManager: Shutting down and abandoning module MagicLeapHelperVulkan (382)
[2019.04.23-13.49.42:081][568]LogModuleManager: Shutting down and abandoning module MagicLeapHelperOpenGL (380)
[2019.04.23-13.49.42:081][568]LogModuleManager: Shutting down and abandoning module MagicLeapAudio (378)
[2019.04.23-13.49.42:081][568]LogModuleManager: Shutting down and abandoning module HTML5Networking (376)
[2019.04.23-13.49.42:081][568]LogModuleManager: Shutting down and abandoning module GeometryCacheTracks (374)
[2019.04.23-13.49.42:081][568]LogModuleManager: Shutting down and abandoning module GeometryCacheSequencer (372)
[2019.04.23-13.49.42:081][568]LogModuleManager: Shutting down and abandoning module BackChannel (370)
[2019.04.23-13.49.42:081][568]LogModuleManager: Shutting down and abandoning module AppleVision (368)
[2019.04.23-13.49.42:082][568]LogModuleManager: Shutting down and abandoning module AppleImageUtilsBlueprintSupport (366)
[2019.04.23-13.49.42:082][568]LogModuleManager: Shutting down and abandoning module AppleImageUtils (364)
[2019.04.23-13.49.42:082][568]LogModuleManager: Shutting down and abandoning module AlembicImporter (362)
[2019.04.23-13.49.42:082][568]LogModuleManager: Shutting down and abandoning module AlembicLibrary (361)
[2019.04.23-13.49.42:082][568]LogModuleManager: Shutting down and abandoning module GeometryCache (360)
[2019.04.23-13.49.42:082][568]LogModuleManager: Shutting down and abandoning module GeometryCacheEd (359)
[2019.04.23-13.49.42:082][568]LogModuleManager: Shutting down and abandoning module VariantManagerContent (354)
[2019.04.23-13.49.42:082][568]LogModuleManager: Shutting down and abandoning module DatasmithContentEditor (352)
[2019.04.23-13.49.42:082][568]LogModuleManager: Shutting down and abandoning module SpeedTreeImporter (350)
[2019.04.23-13.49.42:082][568]LogModuleManager: Shutting down and abandoning module PluginBrowser (348)
[2019.04.23-13.49.42:082][568]LogModuleManager: Shutting down and abandoning module MobileLauncherProfileWizard (346)
[2019.04.23-13.49.42:139][568]LogModuleManager: Shutting down and abandoning module MaterialAnalyzer (344)
[2019.04.23-13.49.42:139][568]LogModuleManager: Shutting down and abandoning module CryptoKeysOpenSSL (342)
[2019.04.23-13.49.42:139][568]LogModuleManager: Shutting down and abandoning module CryptoKeys (340)
[2019.04.23-13.49.42:139][568]LogModuleManager: Shutting down and abandoning module VisualStudioSourceCodeAccess (338)
[2019.04.23-13.49.42:139][568]LogModuleManager: Shutting down and abandoning module VisualStudioCodeSourceCodeAccess (336)
[2019.04.23-13.49.42:139][568]LogModuleManager: Shutting down and abandoning module UObjectPlugin (334)
[2019.04.23-13.49.42:139][568]LogModuleManager: Shutting down and abandoning module SubversionSourceControl (332)
[2019.04.23-13.49.42:139][568]LogModuleManager: Shutting down and abandoning module PerforceSourceControl (330)
[2019.04.23-13.49.42:235][568]LogModuleManager: Shutting down and abandoning module GitSourceControl (328)
[2019.04.23-13.49.42:235][568]LogModuleManager: Shutting down and abandoning module SourceControl (327)
[2019.04.23-13.49.42:282][568]LogModuleManager: Shutting down and abandoning module ConcertSyncClientLibrary (324)
[2019.04.23-13.49.42:282][568]LogModuleManager: Shutting down and abandoning module ConcertUICore (322)
[2019.04.23-13.49.42:282][568]LogModuleManager: Shutting down and abandoning module ConcertSyncClient (320)
[2019.04.23-13.49.42:466][568]LogModuleManager: Shutting down and abandoning module ConcertFrontend (318)
[2019.04.23-13.49.42:466][568]LogModuleManager: Shutting down and abandoning module CLionSourceCodeAccess (316)
[2019.04.23-13.49.42:466][568]LogModuleManager: Shutting down and abandoning module AnimationSharingEd (314)
[2019.04.23-13.49.42:466][568]LogModuleManager: Shutting down and abandoning module ActorLayerUtilitiesEditor (312)
[2019.04.23-13.49.42:467][568]LogModuleManager: Shutting down and abandoning module ActorLayerUtilities (310)
[2019.04.23-13.49.42:467][568]LogModuleManager: Shutting down and abandoning module LightPropagationVolumeEditor (308)
[2019.04.23-13.49.42:467][568]LogModuleManager: Shutting down and abandoning module PaperTiledImporter (306)
[2019.04.23-13.49.42:467][568]LogModuleManager: Shutting down and abandoning module PaperSpriteSheetImporter (304)
[2019.04.23-13.49.42:467][568]LogModuleManager: Shutting down and abandoning module Paper2DEditor (302)
[2019.04.23-13.49.42:576][568]LogModuleManager: Shutting down and abandoning module SignificanceManager (300)
[2019.04.23-13.49.42:576][568]LogModuleManager: Shutting down and abandoning module RuntimePhysXCooking (298)
[2019.04.23-13.49.42:576][568]LogModuleManager: Shutting down and abandoning module PhysXVehiclesEditor (296)
[2019.04.23-13.49.42:576][568]LogModuleManager: Shutting down and abandoning module PhysXVehicles (294)
[2019.04.23-13.49.42:576][568]LogModuleManager: Shutting down and abandoning module LocationServicesBPLibrary (292)
[2019.04.23-13.49.42:576][568]LogModuleManager: Shutting down and abandoning module ActorSequence (290)
[2019.04.23-13.49.42:576][568]LogModuleManager: Shutting down and abandoning module UdpMessaging (288)
[2019.04.23-13.49.42:678][568]LogModuleManager: Shutting down and abandoning module TcpMessaging (286)
[2019.04.23-13.49.42:779][568]LogModuleManager: Shutting down and abandoning module MagicLeapIdentity (284)
[2019.04.23-13.49.42:779][568]LogModuleManager: Shutting down and abandoning module MagicLeapSecureStorage (282)
[2019.04.23-13.49.42:779][568]LogModuleManager: Shutting down and abandoning module MagicLeapHandTracking (280)
[2019.04.23-13.49.42:779][568]LogModuleManager: Shutting down and abandoning module MagicLeapEyeTracker (278)
[2019.04.23-13.49.42:779][568]LogModuleManager: Shutting down and abandoning module MagicLeapController (276)
[2019.04.23-13.49.42:779][568]LogSlate: Slate User Destroyed.  User Index 0, Is Virtual User: 0
[2019.04.23-13.49.42:779][568]LogModuleManager: Shutting down and abandoning module MagicLeapAR (274)
[2019.04.23-13.49.42:779][568]LogModuleManager: Shutting down and abandoning module AugmentedReality (273)
[2019.04.23-13.49.42:779][568]LogModuleManager: Shutting down and abandoning module GameplayTagsEditor (270)
[2019.04.23-13.49.42:879][568]LogModuleManager: Shutting down and abandoning module FacialAnimationEditor (268)
[2019.04.23-13.49.42:879][568]LogModuleManager: Shutting down and abandoning module FacialAnimation (266)
[2019.04.23-13.49.42:879][568]LogModuleManager: Shutting down and abandoning module DataValidation (264)
[2019.04.23-13.49.42:879][568]LogModuleManager: Shutting down and abandoning module AssetManagerEditor (262)
[2019.04.23-13.49.43:146][568]LogModuleManager: Shutting down and abandoning module LevelEditor (261)
[2019.04.23-13.49.43:147][568]LogModuleManager: Shutting down and abandoning module PixelInspectorModule (260)
[2019.04.23-13.49.43:147][568]LogModuleManager: Shutting down and abandoning module CommonMenuExtensions (258)
[2019.04.23-13.49.43:147][568]LogModuleManager: Shutting down and abandoning module MainFrame (256)
[2019.04.23-13.49.43:147][568]LogModuleManager: Shutting down and abandoning module HotReload (255)
[2019.04.23-13.49.43:147][568]LogModuleManager: Shutting down and abandoning module ContentBrowser (251)
[2019.04.23-13.49.43:148][568]LogModuleManager: Shutting down and abandoning module TreeMap (249)
[2019.04.23-13.49.43:148][568]LogModuleManager: Shutting down and abandoning module ConcertSyncCore (246)
[2019.04.23-13.49.43:148][568]LogModuleManager: Shutting down and abandoning module ConcertTransport (244)
[2019.04.23-13.49.43:148][568]LogModuleManager: Shutting down and abandoning module Concert (242)
[2019.04.23-13.49.43:148][568]LogModuleManager: Shutting down and abandoning module AnimationSharing (240)
[2019.04.23-13.49.43:148][568]LogModuleManager: Shutting down and abandoning module LightPropagationVolumeRuntime (238)
[2019.04.23-13.49.43:148][568]LogModuleManager: Shutting down and abandoning module AISupportModule (236)
[2019.04.23-13.49.43:148][568]LogModuleManager: Shutting down and abandoning module Paper2D (234)
[2019.04.23-13.49.43:148][568]LogModuleManager: Shutting down and abandoning module WindowsMoviePlayer (232)
[2019.04.23-13.49.43:148][568]LogModuleManager: Shutting down and abandoning module WebMMoviePlayer (230)
[2019.04.23-13.49.43:148][568]LogModuleManager: Shutting down and abandoning module PacketHandler (228)
[2019.04.23-13.49.43:148][568]LogModuleManager: Shutting down and abandoning module ClothingSystemEditor (226)
[2019.04.23-13.49.43:148][568]LogModuleManager: Shutting down and abandoning module ClothingSystemRuntime (224)
[2019.04.23-13.49.43:334][568]LogModuleManager: Shutting down and abandoning module MediaAssets (222)
[2019.04.23-13.49.43:334][568]LogModuleManager: Shutting down and abandoning module Overlay (220)
[2019.04.23-13.49.43:334][568]LogModuleManager: Shutting down and abandoning module OverlayEditor (219)
[2019.04.23-13.49.43:334][568]LogModuleManager: Shutting down and abandoning module VREditor (216)
[2019.04.23-13.49.43:334][568]LogModuleManager: Shutting down and abandoning module StringTableEditor (214)
[2019.04.23-13.49.43:477][568]LogModuleManager: Shutting down and abandoning module GameplayTasksEditor (212)
[2019.04.23-13.49.43:477][568]LogModuleManager: Shutting down and abandoning module BehaviorTreeEditor (210)
[2019.04.23-13.49.43:635][568]LogModuleManager: Shutting down and abandoning module FunctionalTesting (208)
[2019.04.23-13.49.43:635][568]LogModuleManager: Shutting down and abandoning module CollisionAnalyzer (206)
[2019.04.23-13.49.43:685][568]LogModuleManager: Shutting down and abandoning module WorkspaceMenuStructure (205)
[2019.04.23-13.49.43:685][568]LogModuleManager: Shutting down and abandoning module UMG (202)
[2019.04.23-13.49.43:735][568]LogModuleManager: Shutting down and abandoning module UMGEditor (201)
[2019.04.23-13.49.43:753][568]LogModuleManager: Shutting down and abandoning module Sequencer (200)
[2019.04.23-13.49.43:778][568]LogModuleManager: Shutting down and abandoning module MessageLog (197)
[2019.04.23-13.49.43:779][568]LogModuleManager: Shutting down and abandoning module SlateReflector (192)
[2019.04.23-13.49.43:942][568]LogModuleManager: Shutting down and abandoning module Slate (190)
[2019.04.23-13.49.43:942][568]LogModuleManager: Shutting down and abandoning module EditorStyle (188)
[2019.04.23-13.49.43:943][568]LogModuleManager: Shutting down and abandoning module UnrealEd (186)
[2019.04.23-13.49.43:943][568]LogModuleManager: Shutting down and abandoning module MRMesh (184)
[2019.04.23-13.49.43:943][568]LogModuleManager: Shutting down and abandoning module SourceCodeAccess (182)
[2019.04.23-13.49.43:943][568]LogModuleManager: Shutting down and abandoning module HeadMountedDisplay (180)
[2019.04.23-13.49.43:943][568]LogModuleManager: Shutting down and abandoning module XAudio2 (178)
[2019.04.23-13.49.43:943][568]LogModuleManager: Shutting down and abandoning module Networking (176)
[2019.04.23-13.49.43:944][568]LogModuleManager: Shutting down and abandoning module Core (174)
[2019.04.23-13.49.43:944][568]LogModuleManager: Shutting down and abandoning module KismetCompiler (172)
[2019.04.23-13.49.43:944][568]LogModuleManager: Shutting down and abandoning module MeshUtilities (170)
[2019.04.23-13.49.43:944][568]LogModuleManager: Shutting down and abandoning module MeshMergeUtilities (169)
[2019.04.23-13.49.43:944][568]LogModuleManager: Shutting down and abandoning module MeshReductionInterface (168)
[2019.04.23-13.49.43:944][568]LogModuleManager: Shutting down and abandoning module SkeletalMeshReduction (167)
[2019.04.23-13.49.44:035][568]LogModuleManager: Shutting down and abandoning module ProxyLODMeshReduction (165)
[2019.04.23-13.49.44:061][568]LogModuleManager: Shutting down and abandoning module QuadricMeshReduction (163)
[2019.04.23-13.49.44:061][568]LogModuleManager: Shutting down and abandoning module MaterialBaking (159)
[2019.04.23-13.49.44:090][568]LogModuleManager: Shutting down and abandoning module DerivedDataCache (154)
[2019.04.23-13.49.44:614][568]LogDerivedDataCache: Shutdown
[2019.04.23-13.49.44:614][568]LogModuleManager: Shutting down and abandoning module XGEController (152)
[2019.04.23-13.49.44:614][568]LogModuleManager: Shutting down and abandoning module TargetPlatform (150)
[2019.04.23-13.49.44:614][568]LogModuleManager: Shutting down and abandoning module VulkanShaderFormat (149)
[2019.04.23-13.49.44:614][568]LogModuleManager: Shutting down and abandoning module ShaderFormatVectorVM (147)
[2019.04.23-13.49.44:614][568]LogModuleManager: Shutting down and abandoning module ShaderFormatOpenGL (145)
[2019.04.23-13.49.44:614][568]LogModuleManager: Shutting down and abandoning module ShaderFormatD3D (143)
[2019.04.23-13.49.44:614][568]LogModuleManager: Shutting down and abandoning module MetalShaderFormat (141)
[2019.04.23-13.49.44:614][568]LogModuleManager: Shutting down and abandoning module TextureFormatUncompressed (139)
[2019.04.23-13.49.44:614][568]LogModuleManager: Shutting down and abandoning module TextureFormatPVR (137)
[2019.04.23-13.49.44:614][568]LogModuleManager: Shutting down and abandoning module TextureFormatDXT (135)
[2019.04.23-13.49.44:614][568]LogModuleManager: Shutting down and abandoning module TextureFormatIntelISPCTexComp (133)
[2019.04.23-13.49.44:614][568]LogModuleManager: Shutting down and abandoning module TextureFormatASTC (131)
[2019.04.23-13.49.44:614][568]LogModuleManager: Shutting down and abandoning module ImageWrapper (130)
[2019.04.23-13.49.44:614][568]LogModuleManager: Shutting down and abandoning module TextureFormatAndroid (127)
[2019.04.23-13.49.44:614][568]LogModuleManager: Shutting down and abandoning module AudioFormatOpus (125)
[2019.04.23-13.49.44:614][568]LogModuleManager: Shutting down and abandoning module AudioFormatOgg (123)
[2019.04.23-13.49.44:614][568]LogModuleManager: Shutting down and abandoning module AudioFormatADPCM (121)
[2019.04.23-13.49.44:614][568]LogModuleManager: Shutting down and abandoning module LuminTargetPlatform (119)
[2019.04.23-13.49.44:615][568]LogModuleManager: Shutting down and abandoning module LinuxTargetPlatform (117)
[2019.04.23-13.49.44:615][568]LogModuleManager: Shutting down and abandoning module LinuxServerTargetPlatform (115)
[2019.04.23-13.49.44:615][568]LogModuleManager: Shutting down and abandoning module LinuxNoEditorTargetPlatform (113)
[2019.04.23-13.49.44:615][568]LogModuleManager: Shutting down and abandoning module LinuxClientTargetPlatform (111)
[2019.04.23-13.49.44:615][568]LogModuleManager: Shutting down and abandoning module TVOSTargetPlatform (109)
[2019.04.23-13.49.44:616][568]LogModuleManager: Shutting down and abandoning module Messaging (107)
[2019.04.23-13.49.44:616][568]LogModuleManager: Shutting down and abandoning module IOSTargetPlatform (105)
[2019.04.23-13.49.44:617][568]LogModuleManager: Shutting down and abandoning module HTML5TargetPlatform (103)
[2019.04.23-13.49.44:617][568]LogModuleManager: Shutting down and abandoning module AndroidTargetPlatform (101)
[2019.04.23-13.49.44:629][568]LogModuleManager: Shutting down and abandoning module WindowsTargetPlatform (99)
[2019.04.23-13.49.44:629][568]LogModuleManager: Shutting down and abandoning module WindowsServerTargetPlatform (97)
[2019.04.23-13.49.44:629][568]LogModuleManager: Shutting down and abandoning module WindowsNoEditorTargetPlatform (95)
[2019.04.23-13.49.44:629][568]LogModuleManager: Shutting down and abandoning module WindowsClientTargetPlatform (93)
[2019.04.23-13.49.44:629][568]LogModuleManager: Shutting down and abandoning module MacTargetPlatform (91)
[2019.04.23-13.49.44:629][568]LogModuleManager: Shutting down and abandoning module MacServerTargetPlatform (89)
[2019.04.23-13.49.44:629][568]LogModuleManager: Shutting down and abandoning module MacNoEditorTargetPlatform (87)
[2019.04.23-13.49.44:629][568]LogModuleManager: Shutting down and abandoning module MacClientTargetPlatform (85)
[2019.04.23-13.49.44:629][568]LogModuleManager: Shutting down and abandoning module AllDesktopTargetPlatform (83)
[2019.04.23-13.49.44:629][568]LogModuleManager: Shutting down and abandoning module InputCore (80)
[2019.04.23-13.49.44:629][568]LogModuleManager: Shutting down and abandoning module Settings (78)
[2019.04.23-13.49.44:629][568]LogModuleManager: Shutting down and abandoning module DirectoryWatcher (76)
[2019.04.23-13.49.44:629][568]LogModuleManager: Shutting down and abandoning module PhysXCooking (74)
[2019.04.23-13.49.44:629][568]LogModuleManager: Shutting down and abandoning module SteamVR (72)
[2019.04.23-13.49.44:629][568]LogHMD: Freeing OpenVRDLLHandle.
[2019.04.23-13.49.44:629][568]LogModuleManager: Shutting down and abandoning module OculusHMD (70)
[2019.04.23-13.49.44:629][568]LogModuleManager: Shutting down and abandoning module ExampleDeviceProfileSelector (68)
[2019.04.23-13.49.44:629][568]LogModuleManager: Shutting down and abandoning module LauncherChunkInstaller (66)
[2019.04.23-13.49.44:629][568]LogModuleManager: Shutting down and abandoning module OnlineBlueprintSupport (64)
[2019.04.23-13.49.44:629][568]LogModuleManager: Shutting down and abandoning module OnlineSubsystem (60)
[2019.04.23-13.49.44:729][568]LogModuleManager: Shutting down and abandoning module XMPP (55)
[2019.04.23-13.49.44:883][568]LogModuleManager: Shutting down and abandoning module WebSockets (54)
[2019.04.23-13.49.45:081][568]LogModuleManager: Shutting down and abandoning module HTTP (51)
[2019.04.23-13.49.45:081][568]LogHttp: Display: Http module shutting down, but needs to wait on 1 outstanding Http requests:
[2019.04.23-13.49.45:081][568]LogHttp: Display: 	verb=[POST] url=[https://datarouter.ol.epicgames.com/datarouter/api/v1/public/data?SessionID=%7B3E2B505B-4C7F-C1AF-83F3-59B20E10EE15%7D&AppID=UEEditor.Rocket.Release&AppVersion=4.22.0-5660361%2B%2B%2BUE4%2BRelease-4.22&UserID=a251b6f048400b9631cafdafcfcbfdbc%7Cdb2aaf5aa07d453fa31f63f40b6b6df1%7Ccd64d517-039e-4ba1-9203-dce190c10e89&AppEnvironment=datacollector-binary&UploadType=eteventstream] status=Processing
[2019.04.23-13.49.45:104][568]LogModuleManager: Shutting down and abandoning module SSL (50)
[2019.04.23-13.49.45:104][568]LogModuleManager: Shutting down and abandoning module WmfMedia (46)
[2019.04.23-13.49.45:129][568]LogModuleManager: Shutting down and abandoning module Media (45)
[2019.04.23-13.49.45:135][568]LogModuleManager: Shutting down and abandoning module MagicLeap (42)
[2019.04.23-13.49.45:135][568]LogModuleManager: Shutting down and abandoning module DatasmithContent (40)
[2019.04.23-13.49.45:136][568]LogModuleManager: Shutting down and abandoning module AnimationModifiers (38)
[2019.04.23-13.49.45:263][568]LogModuleManager: Shutting down and abandoning module PropertyEditor (37)
[2019.04.23-13.49.45:300][568]LogModuleManager: Shutting down and abandoning module AudioEditor (34)
[2019.04.23-13.49.45:388][568]LogModuleManager: Shutting down and abandoning module TextureCompressor (32)
[2019.04.23-13.49.45:388][568]LogModuleManager: Shutting down and abandoning module RenderCore (30)
[2019.04.23-13.49.45:388][568]LogModuleManager: Shutting down and abandoning module Landscape (28)
[2019.04.23-13.49.45:388][568]LogModuleManager: Shutting down and abandoning module SlateRHIRenderer (26)
[2019.04.23-13.49.45:498][568]LogModuleManager: Shutting down and abandoning module OpenGLDrv (24)
[2019.04.23-13.49.45:587][568]LogModuleManager: Shutting down and abandoning module D3D11RHI (22)
[2019.04.23-13.49.45:587][568]LogModuleManager: Shutting down and abandoning module AnimGraphRuntime (20)
[2019.04.23-13.49.45:587][568]LogModuleManager: Shutting down and abandoning module Renderer (18)
[2019.04.23-13.49.45:587][568]LogModuleManager: Shutting down and abandoning module Engine (16)
[2019.04.23-13.49.45:587][568]LogModuleManager: Shutting down and abandoning module CoreUObject (14)
[2019.04.23-13.49.45:587][568]LogModuleManager: Shutting down and abandoning module NetworkFile (12)
[2019.04.23-13.49.45:587][568]LogModuleManager: Shutting down and abandoning module CookedIterativeFile (10)
[2019.04.23-13.49.45:587][568]LogModuleManager: Shutting down and abandoning module StreamingFile (8)
[2019.04.23-13.49.45:587][568]LogModuleManager: Shutting down and abandoning module SandboxFile (6)
[2019.04.23-13.49.45:587][568]LogModuleManager: Shutting down and abandoning module PakFile (4)
[2019.04.23-13.49.45:587][568]LogModuleManager: Shutting down and abandoning module RSA (3)
[2019.04.23-13.49.45:595][568]LogExit: Exiting.
[2019.04.23-13.49.45:781][568]Log file closed, 04/23/19 09:49:45
