Log file open, 04/04/19 08:04:21
LogWindows: Failed to load 'aqProf.dll' (GetLastError=126)
LogWindows: File 'aqProf.dll' does not exist
LogWindows: Failed to load 'VtuneApi.dll' (GetLastError=126)
LogWindows: File 'VtuneApi.dll' does not exist
LogWindows: Failed to load 'VtuneApi32e.dll' (GetLastError=126)
LogWindows: File 'VtuneApi32e.dll' does not exist
LogConsoleResponse: Display: Failed to find resolution value strings in scalability ini. Falling back to default.
LogInit: Display: Running engine for game: AILoveYou
LogPakFile: Registered encryption key '00000000000000000000000000000000': 0 pak files mounted, 0 remain pending
LogPlatformFile: Not using cached read wrapper
LogTaskGraph: Started task graph with 5 named threads and 23 total threads with 3 sets of task threads.
LogStats: Stats thread started at 7.674893
LogD3D11RHI: Loaded GFSDK_Aftermath_Lib.x64.dll
LogICUInternationalization: ICU TimeZone Detection - Raw Offset: -5:00, Platform Override: ''
LogPluginManager: Mounting plugin Paper2D
LogPluginManager: Mounting plugin AISupport
LogPluginManager: Mounting plugin LightPropagationVolume
LogPluginManager: Mounting plugin ActorLayerUtilities
LogPluginManager: Mounting plugin CLionSourceCodeAccess
LogPluginManager: Mounting plugin CodeLiteSourceCodeAccess
LogPluginManager: Mounting plugin GitSourceControl
LogPluginManager: Mounting plugin KDevelopSourceCodeAccess
LogPluginManager: Mounting plugin NullSourceCodeAccess
LogPluginManager: Mounting plugin PerforceSourceControl
LogPluginManager: Mounting plugin SubversionSourceControl
LogPluginManager: Mounting plugin UObjectPlugin
LogPluginManager: Mounting plugin VisualStudioCodeSourceCodeAccess
LogPluginManager: Mounting plugin VisualStudioSourceCodeAccess
LogPluginManager: Mounting plugin XCodeSourceCodeAccess
LogPluginManager: Mounting plugin AssetManagerEditor
LogPluginManager: Mounting plugin CryptoKeys
LogPluginManager: Mounting plugin DataValidation
LogPluginManager: Mounting plugin FacialAnimation
LogPluginManager: Mounting plugin GameplayTagsEditor
LogPluginManager: Mounting plugin MacGraphicsSwitching
LogPluginManager: Mounting plugin MeshEditor
LogPluginManager: Mounting plugin MobileLauncherProfileWizard
LogPluginManager: Mounting plugin PluginBrowser
LogPluginManager: Mounting plugin SpeedTreeImporter
LogPluginManager: Mounting plugin DatasmithContent
LogPluginManager: Mounting plugin VariantManagerContent
LogPluginManager: Mounting plugin AlembicImporter
LogPluginManager: Mounting plugin AppleImageUtils
LogPluginManager: Mounting plugin AppleVision
LogPluginManager: Mounting plugin BackChannel
LogPluginManager: Mounting plugin CharacterAI
LogPluginManager: Mounting plugin GeometryCache
LogPluginManager: Mounting plugin HTML5Networking
LogPluginManager: Mounting plugin ProxyLODPlugin
LogPluginManager: Mounting plugin MagicLeap
LogPluginManager: Mounting plugin MagicLeapMedia
LogPluginManager: Mounting plugin AndroidMedia
LogPluginManager: Mounting plugin AvfMedia
LogPluginManager: Mounting plugin ImgMedia
LogPluginManager: Mounting plugin LinearTimecode
LogPluginManager: Mounting plugin MediaCompositing
LogPluginManager: Mounting plugin MediaPlayerEditor
LogPluginManager: Mounting plugin WebMMedia
LogPluginManager: Mounting plugin WmfMedia
LogPluginManager: Mounting plugin TcpMessaging
LogPluginManager: Mounting plugin UdpMessaging
LogPluginManager: Mounting plugin ActorSequence
LogPluginManager: Mounting plugin LevelSequenceEditor
LogPluginManager: Mounting plugin MatineeToLevelSequence
LogPluginManager: Mounting plugin NetcodeUnitTest
LogPluginManager: Mounting plugin NUTUnrealEngine4
LogPluginManager: Mounting plugin OnlineSubsystemGooglePlay
LogPluginManager: Mounting plugin OnlineSubsystemIOS
LogPluginManager: Mounting plugin OnlineSubsystem
LogPluginManager: Mounting plugin OnlineSubsystemNull
LogPluginManager: Mounting plugin OnlineSubsystemUtils
LogPluginManager: Mounting plugin LauncherChunkInstaller
LogPluginManager: Mounting plugin AndroidDeviceProfileSelector
LogPluginManager: Mounting plugin AndroidMoviePlayer
LogPluginManager: Mounting plugin AndroidPermission
LogPluginManager: Mounting plugin AppleMoviePlayer
LogPluginManager: Mounting plugin ArchVisCharacter
LogPluginManager: Mounting plugin AudioCapture
LogPluginManager: Mounting plugin CableComponent
LogPluginManager: Mounting plugin CustomMeshComponent
LogPluginManager: Mounting plugin EditableMesh
LogPluginManager: Mounting plugin ExampleDeviceProfileSelector
LogPluginManager: Mounting plugin Firebase
LogPluginManager: Mounting plugin GoogleCloudMessaging
LogPluginManager: Mounting plugin IOSDeviceProfileSelector
LogPluginManager: Mounting plugin LinuxDeviceProfileSelector
LogPluginManager: Mounting plugin LocationServicesBPLibrary
LogPluginManager: Mounting plugin MobilePatchingUtils
LogPluginManager: Mounting plugin OculusVR
LogPluginManager: Mounting plugin PhysXVehicles
LogPluginManager: Mounting plugin ProceduralMeshComponent
LogPluginManager: Mounting plugin RuntimePhysXCooking
LogPluginManager: Mounting plugin SteamVR
LogPluginManager: Mounting plugin WebMMoviePlayer
LogPluginManager: Mounting plugin WindowsMoviePlayer
LogStreaming: Display: Took  0.599s to configure plugins.
LogInit: Using libcurl 7.55.1-DEV
LogInit:  - built for x86_64-pc-win32
LogInit:  - supports SSL with OpenSSL/1.0.2h
LogInit:  - supports HTTP deflate (compression) using libz 1.2.8
LogInit:  - other features:
LogInit:      CURL_VERSION_SSL
LogInit:      CURL_VERSION_LIBZ
LogInit:      CURL_VERSION_IPV6
LogInit:      CURL_VERSION_ASYNCHDNS
LogInit:      CURL_VERSION_LARGEFILE
LogInit:      CURL_VERSION_IDN
LogInit:  CurlRequestOptions (configurable via config and command line):
LogInit:  - bVerifyPeer = true  - Libcurl will verify peer certificate
LogInit:  - bUseHttpProxy = false  - Libcurl will NOT use HTTP proxy
LogInit:  - bDontReuseConnections = false  - Libcurl will reuse connections
LogInit:  - MaxHostConnections = 16  - Libcurl will limit the number of connections to a host
LogInit:  - LocalHostAddr = Default
LogInit:  - BufferSize = 65536
LogInit: WinSock: version 1.1 (2.2), MaxSocks=32767, MaxUdp=65467
LogInit: Build: ++UE4+Release-4.21-CL-4753647
LogInit: Engine Version: 4.21.2-4753647+++UE4+Release-4.21
LogInit: Compatible Engine Version: 4.21.0-4541578+++UE4+Release-4.21
LogInit: Net CL: 4541578
LogInit: OS: Windows 10 (), CPU: Intel(R) Core(TM) i7-6700 CPU @ 3.40GHz, GPU: NVIDIA GeForce GTX 1070
LogInit: Compiled (64-bit): Jan 19 2019 02:07:31
LogInit: Compiled with Visual C++: 19.13.26129.00
LogInit: Build Configuration: Development
LogInit: Branch Name: ++UE4+Release-4.21
LogInit: Command Line: 
LogInit: Base Directory: C:/Program Files/Epic Games/UE_4.21/Engine/Binaries/Win64/
LogInit: Installed Engine Build: 1
LogDevObjectVersion: Number of dev versions registered: 22
LogDevObjectVersion:   Dev-Blueprints (B0D832E4-1F89-4F0D-ACCF-7EB736FD4AA2): 10
LogDevObjectVersion:   Dev-Build (E1C64328-A22C-4D53-A36C-8E866417BD8C): 0
LogDevObjectVersion:   Dev-Core (375EC13C-06E4-48FB-B500-84F0262A717E): 2
LogDevObjectVersion:   Dev-Editor (E4B068ED-F494-42E9-A231-DA0B2E46BB41): 26
LogDevObjectVersion:   Dev-Framework (CFFC743F-43B0-4480-9391-14DF171D2073): 34
LogDevObjectVersion:   Dev-Mobile (B02B49B5-BB20-44E9-A304-32B752E40360): 2
LogDevObjectVersion:   Dev-Networking (A4E4105C-59A1-49B5-A7C5-40C4547EDFEE): 0
LogDevObjectVersion:   Dev-Online (39C831C9-5AE6-47DC-9A44-9C173E1C8E7C): 0
LogDevObjectVersion:   Dev-Physics (78F01B33-EBEA-4F98-B9B4-84EACCB95AA2): 0
LogDevObjectVersion:   Dev-Platform (6631380F-2D4D-43E0-8009-CF276956A95A): 0
LogDevObjectVersion:   Dev-Rendering (12F88B9F-8875-4AFC-A67C-D90C383ABD29): 27
LogDevObjectVersion:   Dev-Sequencer (7B5AE74C-D270-4C10-A958-57980B212A5A): 9
LogDevObjectVersion:   Dev-VR (D7296918-1DD6-4BDD-9DE2-64A83CC13884): 2
LogDevObjectVersion:   Dev-LoadTimes (C2A15278-BFE7-4AFE-6C17-90FF531DF755): 1
LogDevObjectVersion:   Private-Geometry (6EACA3D4-40EC-4CC1-B786-8BED09428FC5): 3
LogDevObjectVersion:   Dev-AnimPhys (29E575DD-E0A3-4627-9D10-D276232CDCEA): 17
LogDevObjectVersion:   Dev-Anim (AF43A65D-7FD3-4947-9873-3E8ED9C1BB05): 2
LogDevObjectVersion:   Dev-ReflectionCapture (6B266CEC-1EC7-4B8F-A30B-E4D90942FC07): 1
LogDevObjectVersion:   Dev-Automation (0DF73D61-A23F-47EA-B727-89E90C41499A): 1
LogDevObjectVersion:   FortniteMain (601D1886-AC64-4F84-AA16-D3DE0DEAC7D6): 17
LogDevObjectVersion:   Dev-Enterprise (9DFFBCD6-494F-0158-E221-12823C92A888): 4
LogDevObjectVersion:   Dev-Niagara (F2AED0AC-9AFE-416F-8664-AA7FFA26D6FC): 1
LogStreaming: Display: Took  0.001s to delete old logs.
LogInit: Presizing for max 8388607 objects, including 0 objects not considered by GC, pre-allocating 0 bytes for permanent pool.
LogInit: Object subsystem initialized
LogConfig: Setting CVar [[con.DebugEarlyDefault:1]]
LogConfig: Setting CVar [[r.setres:1280x720]]
[2019.04.04-12.04.23:833][  0]LogConfig: Setting CVar [[r.VSync:0]]
[2019.04.04-12.04.23:833][  0]LogConfig: Setting CVar [[r.RHICmdBypass:0]]
[2019.04.04-12.04.23:833][  0]LogConfig: Applying CVar settings from Section [/Script/Engine.RendererSettings] File [C:/Users/Computer 2/Documents/GitHub/Pay-of-Day-Sunscreen/AI Love you/Saved/Config/Windows/Engine.ini]
[2019.04.04-12.04.23:833][  0]LogConfig: Setting CVar [[r.GPUCrashDebugging:0]]
[2019.04.04-12.04.23:833][  0]LogConfig: Applying CVar settings from Section [/Script/Engine.RendererOverrideSettings] File [C:/Users/Computer 2/Documents/GitHub/Pay-of-Day-Sunscreen/AI Love you/Saved/Config/Windows/Engine.ini]
[2019.04.04-12.04.23:833][  0]LogConfig: Applying CVar settings from Section [/Script/Engine.StreamingSettings] File [C:/Users/Computer 2/Documents/GitHub/Pay-of-Day-Sunscreen/AI Love you/Saved/Config/Windows/Engine.ini]
[2019.04.04-12.04.23:833][  0]LogConfig: Setting CVar [[s.MinBulkDataSizeForAsyncLoading:131072]]
[2019.04.04-12.04.23:833][  0]LogConfig: Setting CVar [[s.AsyncLoadingThreadEnabled:0]]
[2019.04.04-12.04.23:833][  0]LogConfig: Setting CVar [[s.EventDrivenLoaderEnabled:1]]
[2019.04.04-12.04.23:833][  0]LogConfig: Setting CVar [[s.WarnIfTimeLimitExceeded:0]]
[2019.04.04-12.04.23:833][  0]LogConfig: Setting CVar [[s.TimeLimitExceededMultiplier:1.5]]
[2019.04.04-12.04.23:834][  0]LogConfig: Setting CVar [[s.TimeLimitExceededMinTime:0.005]]
[2019.04.04-12.04.23:834][  0]LogConfig: Setting CVar [[s.UseBackgroundLevelStreaming:1]]
[2019.04.04-12.04.23:834][  0]LogConfig: Setting CVar [[s.PriorityAsyncLoadingExtraTime:15.0]]
[2019.04.04-12.04.23:834][  0]LogConfig: Setting CVar [[s.LevelStreamingActorsUpdateTimeLimit:5.0]]
[2019.04.04-12.04.23:834][  0]LogConfig: Setting CVar [[s.PriorityLevelStreamingActorsUpdateExtraTime:5.0]]
[2019.04.04-12.04.23:834][  0]LogConfig: Setting CVar [[s.LevelStreamingComponentsRegistrationGranularity:10]]
[2019.04.04-12.04.23:834][  0]LogConfig: Setting CVar [[s.UnregisterComponentsTimeLimit:1.0]]
[2019.04.04-12.04.23:834][  0]LogConfig: Setting CVar [[s.LevelStreamingComponentsUnregistrationGranularity:5]]
[2019.04.04-12.04.23:834][  0]LogConfig: Applying CVar settings from Section [/Script/Engine.GarbageCollectionSettings] File [C:/Users/Computer 2/Documents/GitHub/Pay-of-Day-Sunscreen/AI Love you/Saved/Config/Windows/Engine.ini]
[2019.04.04-12.04.23:834][  0]LogConfig: Setting CVar [[gc.MaxObjectsNotConsideredByGC:1]]
[2019.04.04-12.04.23:834][  0]LogConfig: Setting CVar [[gc.SizeOfPermanentObjectPool:0]]
[2019.04.04-12.04.23:834][  0]LogConfig: Setting CVar [[gc.FlushStreamingOnGC:0]]
[2019.04.04-12.04.23:834][  0]LogConfig: Setting CVar [[gc.NumRetriesBeforeForcingGC:10]]
[2019.04.04-12.04.23:834][  0]LogConfig: Setting CVar [[gc.AllowParallelGC:1]]
[2019.04.04-12.04.23:834][  0]LogConfig: Setting CVar [[gc.TimeBetweenPurgingPendingKillObjects:61.1]]
[2019.04.04-12.04.23:834][  0]LogConfig: Setting CVar [[gc.MaxObjectsInEditor:8388607]]
[2019.04.04-12.04.23:834][  0]LogConfig: Setting CVar [[gc.IncrementalBeginDestroyEnabled:1]]
[2019.04.04-12.04.23:834][  0]LogConfig: Setting CVar [[gc.CreateGCClusters:1]]
[2019.04.04-12.04.23:834][  0]LogConfig: Setting CVar [[gc.MergeGCClusters:0]]
[2019.04.04-12.04.23:834][  0]LogConfig: Setting CVar [[gc.MinGCClusterSize:5]]
[2019.04.04-12.04.23:834][  0]LogConfig: Setting CVar [[gc.ActorClusteringEnabled:0]]
[2019.04.04-12.04.23:834][  0]LogConfig: Setting CVar [[gc.BlueprintClusteringEnabled:0]]
[2019.04.04-12.04.23:834][  0]LogConfig: Setting CVar [[gc.UseDisregardForGCOnDedicatedServers:0]]
[2019.04.04-12.04.23:834][  0]LogConfig: Applying CVar settings from Section [/Script/Engine.NetworkSettings] File [C:/Users/Computer 2/Documents/GitHub/Pay-of-Day-Sunscreen/AI Love you/Saved/Config/Windows/Engine.ini]
[2019.04.04-12.04.23:834][  0]LogConfig: Applying CVar settings from Section [/Script/UnrealEd.CookerSettings] File [C:/Users/Computer 2/Documents/GitHub/Pay-of-Day-Sunscreen/AI Love you/Saved/Config/Windows/Engine.ini]
[2019.04.04-12.04.23:873][  0]LogConfig: Applying CVar settings from Section [ViewDistanceQuality@3] File [C:/Users/Computer 2/Documents/GitHub/Pay-of-Day-Sunscreen/AI Love you/Saved/Config/Windows/Scalability.ini]
[2019.04.04-12.04.23:873][  0]LogConfig: Setting CVar [[r.SkeletalMeshLODBias:0]]
[2019.04.04-12.04.23:873][  0]LogConfig: Setting CVar [[r.ViewDistanceScale:1.0]]
[2019.04.04-12.04.23:873][  0]LogConfig: Applying CVar settings from Section [AntiAliasingQuality@3] File [C:/Users/Computer 2/Documents/GitHub/Pay-of-Day-Sunscreen/AI Love you/Saved/Config/Windows/Scalability.ini]
[2019.04.04-12.04.23:873][  0]LogConfig: Setting CVar [[r.PostProcessAAQuality:4]]
[2019.04.04-12.04.23:873][  0]LogConfig: Applying CVar settings from Section [ShadowQuality@3] File [C:/Users/Computer 2/Documents/GitHub/Pay-of-Day-Sunscreen/AI Love you/Saved/Config/Windows/Scalability.ini]
[2019.04.04-12.04.23:873][  0]LogConfig: Setting CVar [[r.LightFunctionQuality:1]]
[2019.04.04-12.04.23:873][  0]LogConfig: Setting CVar [[r.ShadowQuality:5]]
[2019.04.04-12.04.23:873][  0]LogConfig: Setting CVar [[r.Shadow.CSM.MaxCascades:10]]
[2019.04.04-12.04.23:873][  0]LogConfig: Setting CVar [[r.Shadow.MaxResolution:2048]]
[2019.04.04-12.04.23:873][  0]LogConfig: Setting CVar [[r.Shadow.MaxCSMResolution:2048]]
[2019.04.04-12.04.23:873][  0]LogConfig: Setting CVar [[r.Shadow.RadiusThreshold:0.01]]
[2019.04.04-12.04.23:873][  0]LogConfig: Setting CVar [[r.Shadow.DistanceScale:1.0]]
[2019.04.04-12.04.23:873][  0]LogConfig: Setting CVar [[r.Shadow.CSM.TransitionScale:1.0]]
[2019.04.04-12.04.23:873][  0]LogConfig: Setting CVar [[r.Shadow.PreShadowResolutionFactor:1.0]]
[2019.04.04-12.04.23:873][  0]LogConfig: Setting CVar [[r.DistanceFieldShadowing:1]]
[2019.04.04-12.04.23:873][  0]LogConfig: Setting CVar [[r.DistanceFieldAO:1]]
[2019.04.04-12.04.23:873][  0]LogConfig: Setting CVar [[r.AOQuality:2]]
[2019.04.04-12.04.23:873][  0]LogConfig: Setting CVar [[r.VolumetricFog:1]]
[2019.04.04-12.04.23:873][  0]LogConfig: Setting CVar [[r.VolumetricFog.GridPixelSize:8]]
[2019.04.04-12.04.23:873][  0]LogConfig: Setting CVar [[r.VolumetricFog.GridSizeZ:128]]
[2019.04.04-12.04.23:873][  0]LogConfig: Setting CVar [[r.VolumetricFog.HistoryMissSupersampleCount:4]]
[2019.04.04-12.04.23:873][  0]LogConfig: Setting CVar [[r.LightMaxDrawDistanceScale:1]]
[2019.04.04-12.04.23:873][  0]LogConfig: Setting CVar [[r.CapsuleShadows:1]]
[2019.04.04-12.04.23:873][  0]LogConfig: Applying CVar settings from Section [PostProcessQuality@3] File [C:/Users/Computer 2/Documents/GitHub/Pay-of-Day-Sunscreen/AI Love you/Saved/Config/Windows/Scalability.ini]
[2019.04.04-12.04.23:873][  0]LogConfig: Setting CVar [[r.MotionBlurQuality:4]]
[2019.04.04-12.04.23:873][  0]LogConfig: Setting CVar [[r.AmbientOcclusionMipLevelFactor:0.4]]
[2019.04.04-12.04.23:873][  0]LogConfig: Setting CVar [[r.AmbientOcclusionMaxQuality:100]]
[2019.04.04-12.04.23:873][  0]LogConfig: Setting CVar [[r.AmbientOcclusionLevels:-1]]
[2019.04.04-12.04.23:873][  0]LogConfig: Setting CVar [[r.AmbientOcclusionRadiusScale:1.0]]
[2019.04.04-12.04.23:873][  0]LogConfig: Setting CVar [[r.DepthOfFieldQuality:2]]
[2019.04.04-12.04.23:873][  0]LogConfig: Setting CVar [[r.RenderTargetPoolMin:400]]
[2019.04.04-12.04.23:873][  0]LogConfig: Setting CVar [[r.LensFlareQuality:2]]
[2019.04.04-12.04.23:873][  0]LogConfig: Setting CVar [[r.SceneColorFringeQuality:1]]
[2019.04.04-12.04.23:873][  0]LogConfig: Setting CVar [[r.EyeAdaptationQuality:2]]
[2019.04.04-12.04.23:873][  0]LogConfig: Setting CVar [[r.BloomQuality:5]]
[2019.04.04-12.04.23:873][  0]LogConfig: Setting CVar [[r.FastBlurThreshold:100]]
[2019.04.04-12.04.23:873][  0]LogConfig: Setting CVar [[r.Upscale.Quality:3]]
[2019.04.04-12.04.23:873][  0]LogConfig: Setting CVar [[r.Tonemapper.GrainQuantization:1]]
[2019.04.04-12.04.23:873][  0]LogConfig: Setting CVar [[r.LightShaftQuality:1]]
[2019.04.04-12.04.23:873][  0]LogConfig: Setting CVar [[r.Filter.SizeScale:1]]
[2019.04.04-12.04.23:873][  0]LogConfig: Setting CVar [[r.Tonemapper.Quality:5]]
[2019.04.04-12.04.23:873][  0]LogConfig: Setting CVar [[r.DOF.Gather.AccumulatorQuality:1        ; higher gathering accumulator quality]]
[2019.04.04-12.04.23:873][  0]LogConfig: Setting CVar [[r.DOF.Gather.PostfilterMethod:1          ; Median3x3 postfilering method]]
[2019.04.04-12.04.23:873][  0]LogConfig: Setting CVar [[r.DOF.Gather.EnableBokehSettings:0       ; no bokeh simulation when gathering]]
[2019.04.04-12.04.23:873][  0]LogConfig: Setting CVar [[r.DOF.Gather.RingCount:4                 ; medium number of samples when gathering]]
[2019.04.04-12.04.23:873][  0]LogConfig: Setting CVar [[r.DOF.Scatter.ForegroundCompositing:1    ; additive foreground scattering]]
[2019.04.04-12.04.23:873][  0]LogConfig: Setting CVar [[r.DOF.Scatter.BackgroundCompositing:2    ; additive background scattering]]
[2019.04.04-12.04.23:873][  0]LogConfig: Setting CVar [[r.DOF.Scatter.EnableBokehSettings:1      ; bokeh simulation when scattering]]
[2019.04.04-12.04.23:873][  0]LogConfig: Setting CVar [[r.DOF.Scatter.MaxSpriteRatio:0.1         ; only a maximum of 10% of scattered bokeh]]
[2019.04.04-12.04.23:873][  0]LogConfig: Setting CVar [[r.DOF.Recombine.Quality:1                ; cheap slight out of focus]]
[2019.04.04-12.04.23:873][  0]LogConfig: Setting CVar [[r.DOF.Recombine.EnableBokehSettings:0    ; no bokeh simulation on slight out of focus]]
[2019.04.04-12.04.23:873][  0]LogConfig: Setting CVar [[r.DOF.TemporalAAQuality:1                ; more stable temporal accumulation]]
[2019.04.04-12.04.23:873][  0]LogConfig: Setting CVar [[r.DOF.Kernel.MaxForegroundRadius:0.025]]
[2019.04.04-12.04.23:873][  0]LogConfig: Setting CVar [[r.DOF.Kernel.MaxBackgroundRadius:0.025]]
[2019.04.04-12.04.23:873][  0]LogConfig: Applying CVar settings from Section [TextureQuality@3] File [C:/Users/Computer 2/Documents/GitHub/Pay-of-Day-Sunscreen/AI Love you/Saved/Config/Windows/Scalability.ini]
[2019.04.04-12.04.23:873][  0]LogConfig: Setting CVar [[r.Streaming.MipBias:0]]
[2019.04.04-12.04.23:873][  0]LogConfig: Setting CVar [[r.Streaming.AmortizeCPUToGPUCopy:0]]
[2019.04.04-12.04.23:873][  0]LogConfig: Setting CVar [[r.Streaming.MaxNumTexturesToStreamPerFrame:0]]
[2019.04.04-12.04.23:873][  0]LogConfig: Setting CVar [[r.Streaming.Boost:1]]
[2019.04.04-12.04.23:873][  0]LogConfig: Setting CVar [[r.MaxAnisotropy:8]]
[2019.04.04-12.04.23:873][  0]LogConfig: Setting CVar [[r.Streaming.LimitPoolSizeToVRAM:0]]
[2019.04.04-12.04.23:873][  0]LogConfig: Setting CVar [[r.Streaming.PoolSize:1000]]
[2019.04.04-12.04.23:873][  0]LogConfig: Setting CVar [[r.Streaming.MaxEffectiveScreenSize:0]]
[2019.04.04-12.04.23:873][  0]LogConfig: Applying CVar settings from Section [EffectsQuality@3] File [C:/Users/Computer 2/Documents/GitHub/Pay-of-Day-Sunscreen/AI Love you/Saved/Config/Windows/Scalability.ini]
[2019.04.04-12.04.23:873][  0]LogConfig: Setting CVar [[r.TranslucencyLightingVolumeDim:64]]
[2019.04.04-12.04.23:873][  0]LogConfig: Setting CVar [[r.RefractionQuality:2]]
[2019.04.04-12.04.23:873][  0]LogConfig: Setting CVar [[r.SSR.Quality:3]]
[2019.04.04-12.04.23:873][  0]LogConfig: Setting CVar [[r.SceneColorFormat:4]]
[2019.04.04-12.04.23:873][  0]LogConfig: Setting CVar [[r.DetailMode:2]]
[2019.04.04-12.04.23:873][  0]LogConfig: Setting CVar [[r.TranslucencyVolumeBlur:1]]
[2019.04.04-12.04.23:873][  0]LogConfig: Setting CVar [[r.MaterialQualityLevel:1 ; High quality]]
[2019.04.04-12.04.23:873][  0]LogConfig: Setting CVar [[r.SSS.Scale:1]]
[2019.04.04-12.04.23:873][  0]LogConfig: Setting CVar [[r.SSS.SampleSet:2]]
[2019.04.04-12.04.23:873][  0]LogConfig: Setting CVar [[r.SSS.Quality:1]]
[2019.04.04-12.04.23:874][  0]LogConfig: Setting CVar [[r.SSS.HalfRes:1]]
[2019.04.04-12.04.23:874][  0]LogConfig: Setting CVar [[r.EmitterSpawnRateScale:1.0]]
[2019.04.04-12.04.23:874][  0]LogConfig: Setting CVar [[r.ParticleLightQuality:2]]
[2019.04.04-12.04.23:874][  0]LogConfig: Applying CVar settings from Section [FoliageQuality@3] File [C:/Users/Computer 2/Documents/GitHub/Pay-of-Day-Sunscreen/AI Love you/Saved/Config/Windows/Scalability.ini]
[2019.04.04-12.04.23:874][  0]LogConfig: Setting CVar [[foliage.DensityScale:1.0]]
[2019.04.04-12.04.23:874][  0]LogConfig: Setting CVar [[grass.DensityScale:1.0]]
[2019.04.04-12.04.23:880][  0]LogInit: Selected Device Profile: [Windows]
[2019.04.04-12.04.23:880][  0]LogInit: Applying CVar settings loaded from the selected device profile: [Windows]
[2019.04.04-12.04.23:954][  0]LogHAL: Display: Platform has ~ 8 GB [8547778560 / 8589934592 / 8], which maps to Default [LargestMinGB=32, LargerMinGB=12, DefaultMinGB=8, SmallerMinGB=6, SmallestMinGB=0)
[2019.04.04-12.04.23:962][  0]LogConfig: Setting CVar [[r.Vulkan.UseRealUBs:1]]
[2019.04.04-12.04.23:962][  0]LogInit: Going up to parent DeviceProfile []
[2019.04.04-12.04.23:962][  0]LogConfig: Applying CVar settings from Section [ViewDistanceQuality@3] File [C:/Users/Computer 2/Documents/GitHub/Pay-of-Day-Sunscreen/AI Love you/Saved/Config/Windows/Scalability.ini]
[2019.04.04-12.04.23:962][  0]LogConfig: Setting CVar [[r.SkeletalMeshLODBias:0]]
[2019.04.04-12.04.23:962][  0]LogConfig: Setting CVar [[r.ViewDistanceScale:1.0]]
[2019.04.04-12.04.23:962][  0]LogConfig: Applying CVar settings from Section [AntiAliasingQuality@3] File [C:/Users/Computer 2/Documents/GitHub/Pay-of-Day-Sunscreen/AI Love you/Saved/Config/Windows/Scalability.ini]
[2019.04.04-12.04.23:962][  0]LogConfig: Setting CVar [[r.PostProcessAAQuality:4]]
[2019.04.04-12.04.23:962][  0]LogConfig: Applying CVar settings from Section [ShadowQuality@3] File [C:/Users/Computer 2/Documents/GitHub/Pay-of-Day-Sunscreen/AI Love you/Saved/Config/Windows/Scalability.ini]
[2019.04.04-12.04.23:962][  0]LogConfig: Setting CVar [[r.LightFunctionQuality:1]]
[2019.04.04-12.04.23:962][  0]LogConfig: Setting CVar [[r.ShadowQuality:5]]
[2019.04.04-12.04.23:962][  0]LogConfig: Setting CVar [[r.Shadow.CSM.MaxCascades:10]]
[2019.04.04-12.04.23:962][  0]LogConfig: Setting CVar [[r.Shadow.MaxResolution:2048]]
[2019.04.04-12.04.23:962][  0]LogConfig: Setting CVar [[r.Shadow.MaxCSMResolution:2048]]
[2019.04.04-12.04.23:962][  0]LogConfig: Setting CVar [[r.Shadow.RadiusThreshold:0.01]]
[2019.04.04-12.04.23:962][  0]LogConfig: Setting CVar [[r.Shadow.DistanceScale:1.0]]
[2019.04.04-12.04.23:962][  0]LogConfig: Setting CVar [[r.Shadow.CSM.TransitionScale:1.0]]
[2019.04.04-12.04.23:962][  0]LogConfig: Setting CVar [[r.Shadow.PreShadowResolutionFactor:1.0]]
[2019.04.04-12.04.23:962][  0]LogConfig: Setting CVar [[r.DistanceFieldShadowing:1]]
[2019.04.04-12.04.23:962][  0]LogConfig: Setting CVar [[r.DistanceFieldAO:1]]
[2019.04.04-12.04.23:962][  0]LogConfig: Setting CVar [[r.AOQuality:2]]
[2019.04.04-12.04.23:962][  0]LogConfig: Setting CVar [[r.VolumetricFog:1]]
[2019.04.04-12.04.23:962][  0]LogConfig: Setting CVar [[r.VolumetricFog.GridPixelSize:8]]
[2019.04.04-12.04.23:962][  0]LogConfig: Setting CVar [[r.VolumetricFog.GridSizeZ:128]]
[2019.04.04-12.04.23:962][  0]LogConfig: Setting CVar [[r.VolumetricFog.HistoryMissSupersampleCount:4]]
[2019.04.04-12.04.23:962][  0]LogConfig: Setting CVar [[r.LightMaxDrawDistanceScale:1]]
[2019.04.04-12.04.23:962][  0]LogConfig: Setting CVar [[r.CapsuleShadows:1]]
[2019.04.04-12.04.23:962][  0]LogConfig: Applying CVar settings from Section [PostProcessQuality@3] File [C:/Users/Computer 2/Documents/GitHub/Pay-of-Day-Sunscreen/AI Love you/Saved/Config/Windows/Scalability.ini]
[2019.04.04-12.04.23:962][  0]LogConfig: Setting CVar [[r.MotionBlurQuality:4]]
[2019.04.04-12.04.23:962][  0]LogConfig: Setting CVar [[r.AmbientOcclusionMipLevelFactor:0.4]]
[2019.04.04-12.04.23:962][  0]LogConfig: Setting CVar [[r.AmbientOcclusionMaxQuality:100]]
[2019.04.04-12.04.23:962][  0]LogConfig: Setting CVar [[r.AmbientOcclusionLevels:-1]]
[2019.04.04-12.04.23:962][  0]LogConfig: Setting CVar [[r.AmbientOcclusionRadiusScale:1.0]]
[2019.04.04-12.04.23:962][  0]LogConfig: Setting CVar [[r.DepthOfFieldQuality:2]]
[2019.04.04-12.04.23:962][  0]LogConfig: Setting CVar [[r.RenderTargetPoolMin:400]]
[2019.04.04-12.04.23:962][  0]LogConfig: Setting CVar [[r.LensFlareQuality:2]]
[2019.04.04-12.04.23:962][  0]LogConfig: Setting CVar [[r.SceneColorFringeQuality:1]]
[2019.04.04-12.04.23:962][  0]LogConfig: Setting CVar [[r.EyeAdaptationQuality:2]]
[2019.04.04-12.04.23:963][  0]LogConfig: Setting CVar [[r.BloomQuality:5]]
[2019.04.04-12.04.23:963][  0]LogConfig: Setting CVar [[r.FastBlurThreshold:100]]
[2019.04.04-12.04.23:963][  0]LogConfig: Setting CVar [[r.Upscale.Quality:3]]
[2019.04.04-12.04.23:963][  0]LogConfig: Setting CVar [[r.Tonemapper.GrainQuantization:1]]
[2019.04.04-12.04.23:963][  0]LogConfig: Setting CVar [[r.LightShaftQuality:1]]
[2019.04.04-12.04.23:963][  0]LogConfig: Setting CVar [[r.Filter.SizeScale:1]]
[2019.04.04-12.04.23:963][  0]LogConfig: Setting CVar [[r.Tonemapper.Quality:5]]
[2019.04.04-12.04.23:963][  0]LogConfig: Setting CVar [[r.DOF.Gather.AccumulatorQuality:1        ; higher gathering accumulator quality]]
[2019.04.04-12.04.23:963][  0]LogConfig: Setting CVar [[r.DOF.Gather.PostfilterMethod:1          ; Median3x3 postfilering method]]
[2019.04.04-12.04.23:963][  0]LogConfig: Setting CVar [[r.DOF.Gather.EnableBokehSettings:0       ; no bokeh simulation when gathering]]
[2019.04.04-12.04.23:963][  0]LogConfig: Setting CVar [[r.DOF.Gather.RingCount:4                 ; medium number of samples when gathering]]
[2019.04.04-12.04.23:963][  0]LogConfig: Setting CVar [[r.DOF.Scatter.ForegroundCompositing:1    ; additive foreground scattering]]
[2019.04.04-12.04.23:963][  0]LogConfig: Setting CVar [[r.DOF.Scatter.BackgroundCompositing:2    ; additive background scattering]]
[2019.04.04-12.04.23:963][  0]LogConfig: Setting CVar [[r.DOF.Scatter.EnableBokehSettings:1      ; bokeh simulation when scattering]]
[2019.04.04-12.04.23:963][  0]LogConfig: Setting CVar [[r.DOF.Scatter.MaxSpriteRatio:0.1         ; only a maximum of 10% of scattered bokeh]]
[2019.04.04-12.04.23:963][  0]LogConfig: Setting CVar [[r.DOF.Recombine.Quality:1                ; cheap slight out of focus]]
[2019.04.04-12.04.23:963][  0]LogConfig: Setting CVar [[r.DOF.Recombine.EnableBokehSettings:0    ; no bokeh simulation on slight out of focus]]
[2019.04.04-12.04.23:963][  0]LogConfig: Setting CVar [[r.DOF.TemporalAAQuality:1                ; more stable temporal accumulation]]
[2019.04.04-12.04.23:963][  0]LogConfig: Setting CVar [[r.DOF.Kernel.MaxForegroundRadius:0.025]]
[2019.04.04-12.04.23:963][  0]LogConfig: Setting CVar [[r.DOF.Kernel.MaxBackgroundRadius:0.025]]
[2019.04.04-12.04.23:963][  0]LogConfig: Applying CVar settings from Section [TextureQuality@3] File [C:/Users/Computer 2/Documents/GitHub/Pay-of-Day-Sunscreen/AI Love you/Saved/Config/Windows/Scalability.ini]
[2019.04.04-12.04.23:963][  0]LogConfig: Setting CVar [[r.Streaming.MipBias:0]]
[2019.04.04-12.04.23:963][  0]LogConfig: Setting CVar [[r.Streaming.AmortizeCPUToGPUCopy:0]]
[2019.04.04-12.04.23:963][  0]LogConfig: Setting CVar [[r.Streaming.MaxNumTexturesToStreamPerFrame:0]]
[2019.04.04-12.04.23:963][  0]LogConfig: Setting CVar [[r.Streaming.Boost:1]]
[2019.04.04-12.04.23:963][  0]LogConfig: Setting CVar [[r.MaxAnisotropy:8]]
[2019.04.04-12.04.23:963][  0]LogConfig: Setting CVar [[r.Streaming.LimitPoolSizeToVRAM:0]]
[2019.04.04-12.04.23:963][  0]LogConfig: Setting CVar [[r.Streaming.PoolSize:1000]]
[2019.04.04-12.04.23:963][  0]LogConfig: Setting CVar [[r.Streaming.MaxEffectiveScreenSize:0]]
[2019.04.04-12.04.23:963][  0]LogConfig: Applying CVar settings from Section [EffectsQuality@3] File [C:/Users/Computer 2/Documents/GitHub/Pay-of-Day-Sunscreen/AI Love you/Saved/Config/Windows/Scalability.ini]
[2019.04.04-12.04.23:963][  0]LogConfig: Setting CVar [[r.TranslucencyLightingVolumeDim:64]]
[2019.04.04-12.04.23:963][  0]LogConfig: Setting CVar [[r.RefractionQuality:2]]
[2019.04.04-12.04.23:963][  0]LogConfig: Setting CVar [[r.SSR.Quality:3]]
[2019.04.04-12.04.23:963][  0]LogConfig: Setting CVar [[r.SceneColorFormat:4]]
[2019.04.04-12.04.23:963][  0]LogConfig: Setting CVar [[r.DetailMode:2]]
[2019.04.04-12.04.23:963][  0]LogConfig: Setting CVar [[r.TranslucencyVolumeBlur:1]]
[2019.04.04-12.04.23:963][  0]LogConfig: Setting CVar [[r.MaterialQualityLevel:1 ; High quality]]
[2019.04.04-12.04.23:963][  0]LogConfig: Setting CVar [[r.SSS.Scale:1]]
[2019.04.04-12.04.23:963][  0]LogConfig: Setting CVar [[r.SSS.SampleSet:2]]
[2019.04.04-12.04.23:963][  0]LogConfig: Setting CVar [[r.SSS.Quality:1]]
[2019.04.04-12.04.23:963][  0]LogConfig: Setting CVar [[r.SSS.HalfRes:1]]
[2019.04.04-12.04.23:963][  0]LogConfig: Setting CVar [[r.EmitterSpawnRateScale:1.0]]
[2019.04.04-12.04.23:963][  0]LogConfig: Setting CVar [[r.ParticleLightQuality:2]]
[2019.04.04-12.04.23:963][  0]LogConfig: Applying CVar settings from Section [FoliageQuality@3] File [C:/Users/Computer 2/Documents/GitHub/Pay-of-Day-Sunscreen/AI Love you/Saved/Config/Windows/Scalability.ini]
[2019.04.04-12.04.23:963][  0]LogConfig: Setting CVar [[foliage.DensityScale:1.0]]
[2019.04.04-12.04.23:963][  0]LogConfig: Setting CVar [[grass.DensityScale:1.0]]
[2019.04.04-12.04.23:963][  0]LogConfig: Applying CVar settings from Section [Startup] File [../../../Engine/Config/ConsoleVariables.ini]
[2019.04.04-12.04.23:983][  0]LogConfig: Setting CVar [[net.UseAdaptiveNetUpdateFrequency:0]]
[2019.04.04-12.04.23:983][  0]LogConfig: Applying CVar settings from Section [ConsoleVariables] File [C:/Users/Computer 2/Documents/GitHub/Pay-of-Day-Sunscreen/AI Love you/Saved/Config/Windows/Engine.ini]
[2019.04.04-12.04.24:017][  0]LogInit: Computer: COMPUTER2
[2019.04.04-12.04.24:017][  0]LogInit: User: Computer2
[2019.04.04-12.04.24:017][  0]LogInit: CPU Page size=4096, Cores=4
[2019.04.04-12.04.24:017][  0]LogInit: High frequency timer resolution =3.328124 MHz
[2019.04.04-12.04.24:017][  0]LogMemory: Memory total: Physical=8.0GB (8GB approx)
[2019.04.04-12.04.24:017][  0]LogMemory: Platform Memory Stats for Windows
[2019.04.04-12.04.24:017][  0]LogMemory: Process Physical Memory: 103.21 MB used, 103.21 MB peak
[2019.04.04-12.04.24:017][  0]LogMemory: Process Virtual Memory: 85.60 MB used, 85.60 MB peak
[2019.04.04-12.04.24:017][  0]LogMemory: Physical Memory: 3685.31 MB used,  4466.49 MB free, 8151.80 MB total
[2019.04.04-12.04.24:017][  0]LogMemory: Virtual Memory: 4647.20 MB used,  134213080.00 MB free, 134217728.00 MB total
[2019.04.04-12.04.25:114][  0]LogInit: Using OS detected language (en-US).
[2019.04.04-12.04.25:114][  0]LogInit: Using OS detected locale (en-US).
[2019.04.04-12.04.25:130][  0]LogTextLocalizationManager: No specific localization for 'en-US' exists, so the 'en' localization will be used.
[2019.04.04-12.04.26:147][  0]LogStreaming: Display: Took  0.972s to InitEngineTextLocalization.
[2019.04.04-12.04.26:153][  0]LogInit: Setting process to per monitor DPI aware
[2019.04.04-12.04.26:742][  0]LogSlate: New Slate User Created.  User Index 0, Is Virtual User: 0
[2019.04.04-12.04.26:742][  0]LogSlate: Slate User Registered.  User Index 0, Is Virtual User: 0
[2019.04.04-12.04.33:386][  0]LogHMD: Failed to initialize OpenVR with code 110
[2019.04.04-12.04.33:386][  0]LogD3D11RHI: D3D11 adapters:
[2019.04.04-12.04.33:609][  0]LogD3D11RHI:    0. 'NVIDIA GeForce GTX 1070' (Feature Level 11_0)
[2019.04.04-12.04.33:609][  0]LogD3D11RHI:       8088/0/4075 MB DedicatedVideo/DedicatedSystem/SharedSystem, Outputs:1, VendorId:0x10de
[2019.04.04-12.04.33:611][  0]LogD3D11RHI:    1. 'Microsoft Basic Render Driver' (Feature Level 11_0)
[2019.04.04-12.04.33:611][  0]LogD3D11RHI:       0/0/4075 MB DedicatedVideo/DedicatedSystem/SharedSystem, Outputs:0, VendorId:0x1414
[2019.04.04-12.04.33:611][  0]LogD3D11RHI: Chosen D3D11 Adapter: 0
[2019.04.04-12.04.33:629][  0]LogD3D11RHI: Creating new Direct3DDevice
[2019.04.04-12.04.33:629][  0]LogD3D11RHI:     GPU DeviceId: 0x1b81 (for the marketing name, search the web for "GPU Device Id")
[2019.04.04-12.04.33:629][  0]LogWindows: EnumDisplayDevices:
[2019.04.04-12.04.33:629][  0]LogWindows:    0. 'NVIDIA GeForce GTX 1070' (P:1 D:1)
[2019.04.04-12.04.33:629][  0]LogWindows:    1. 'NVIDIA GeForce GTX 1070' (P:0 D:0)
[2019.04.04-12.04.33:629][  0]LogWindows:    2. 'NVIDIA GeForce GTX 1070' (P:0 D:0)
[2019.04.04-12.04.33:630][  0]LogWindows:    3. 'NVIDIA GeForce GTX 1070' (P:0 D:0)
[2019.04.04-12.04.33:630][  0]LogWindows: DebugString: FoundDriverCount:4 
[2019.04.04-12.04.33:630][  0]LogD3D11RHI:     Adapter Name: NVIDIA GeForce GTX 1070
[2019.04.04-12.04.33:630][  0]LogD3D11RHI:   Driver Version: 399.24 (internal:24.21.13.9924, unified:399.24)
[2019.04.04-12.04.33:630][  0]LogD3D11RHI:      Driver Date: 9-5-2018
[2019.04.04-12.04.33:630][  0]LogRHI: Texture pool is 5661 MB (70% of 8088 MB)
[2019.04.04-12.04.33:719][  0]LogD3D11RHI: Async texture creation enabled
[2019.04.04-12.04.34:289][  0]LogD3D11RHI: GPU Timing Frequency: 1000.000000 (Debug: 2 2)
[2019.04.04-12.04.35:959][  0]LogTemp: Display: Loaded TP AllDesktopTargetPlatform
[2019.04.04-12.04.35:983][  0]LogTemp: Display: Loaded TP MacClientTargetPlatform
[2019.04.04-12.04.36:007][  0]LogTemp: Display: Loaded TP MacNoEditorTargetPlatform
[2019.04.04-12.04.36:020][  0]LogTemp: Display: Loaded TP MacServerTargetPlatform
[2019.04.04-12.04.36:045][  0]LogTemp: Display: Loaded TP MacTargetPlatform
[2019.04.04-12.04.36:102][  0]LogTemp: Display: Loaded TP WindowsClientTargetPlatform
[2019.04.04-12.04.36:131][  0]LogTemp: Display: Loaded TP WindowsNoEditorTargetPlatform
[2019.04.04-12.04.36:178][  0]LogTemp: Display: Loaded TP WindowsServerTargetPlatform
[2019.04.04-12.04.36:195][  0]LogTemp: Display: Loaded TP WindowsTargetPlatform
[2019.04.04-12.04.36:383][  0]LogTemp: Display: Loaded TP AndroidTargetPlatform
[2019.04.04-12.04.36:383][  0]LogTemp: Display: Loaded TP AndroidTargetPlatform
[2019.04.04-12.04.36:383][  0]LogTemp: Display: Loaded TP AndroidTargetPlatform
[2019.04.04-12.04.36:383][  0]LogTemp: Display: Loaded TP AndroidTargetPlatform
[2019.04.04-12.04.36:383][  0]LogTemp: Display: Loaded TP AndroidTargetPlatform
[2019.04.04-12.04.36:383][  0]LogTemp: Display: Loaded TP AndroidTargetPlatform
[2019.04.04-12.04.36:383][  0]LogTemp: Display: Loaded TP AndroidTargetPlatform
[2019.04.04-12.04.36:383][  0]LogTemp: Display: Loaded TP AndroidTargetPlatform
[2019.04.04-12.04.36:383][  0]LogTemp: Display: Loaded TP AndroidTargetPlatform
[2019.04.04-12.04.36:383][  0]LogTemp: Display: Loaded TP AndroidTargetPlatform
[2019.04.04-12.04.36:383][  0]LogTemp: Display: Loaded TP AndroidTargetPlatform
[2019.04.04-12.04.36:384][  0]LogTemp: Display: Loaded TP AndroidTargetPlatform
[2019.04.04-12.04.36:384][  0]LogTemp: Display: Loaded TP AndroidTargetPlatform
[2019.04.04-12.04.36:384][  0]LogTemp: Display: Loaded TP AndroidTargetPlatform
[2019.04.04-12.04.36:384][  0]LogTemp: Display: Loaded TP AndroidTargetPlatform
[2019.04.04-12.04.36:384][  0]LogTemp: Display: Loaded TP AndroidTargetPlatform
[2019.04.04-12.04.36:384][  0]LogTemp: Display: Loaded TP AndroidTargetPlatform
[2019.04.04-12.04.36:384][  0]LogTemp: Display: Loaded TP AndroidTargetPlatform
[2019.04.04-12.04.36:406][  0]LogTemp: Display: Loaded TP HTML5TargetPlatform
[2019.04.04-12.04.36:528][  0]LogTemp: Display: Loaded TP IOSTargetPlatform
[2019.04.04-12.04.36:528][  0]LogTemp: Display: Loaded TP IOSTargetPlatform
[2019.04.04-12.04.36:562][  0]LogTemp: Display: Loaded TP TVOSTargetPlatform
[2019.04.04-12.04.36:562][  0]LogTemp: Display: Loaded TP TVOSTargetPlatform
[2019.04.04-12.04.36:597][  0]LogTemp: Display: Loaded TP LinuxClientTargetPlatform
[2019.04.04-12.04.36:613][  0]LogTemp: Display: Loaded TP LinuxNoEditorTargetPlatform
[2019.04.04-12.04.36:637][  0]LogTemp: Display: Loaded TP LinuxServerTargetPlatform
[2019.04.04-12.04.36:668][  0]LogTemp: Display: Loaded TP LinuxTargetPlatform
[2019.04.04-12.04.36:724][  0]LogTemp: Display: Loaded TP LuminTargetPlatform
[2019.04.04-12.04.36:724][  0]LogTemp: Display: Loaded TP LuminTargetPlatform
[2019.04.04-12.04.36:724][  0]LogTargetPlatformManager: Display: Building Assets For Windows
[2019.04.04-12.04.37:470][  0]LogShaderCompilers: Guid format shader working directory is -34 characters bigger than the processId version (../../../../../../Users/Computer 2/Documents/GitHub/Pay-of-Day-Sunscreen/AI Love you/Intermediate/Shaders/WorkingDirectory/45300/).
[2019.04.04-12.04.37:470][  0]LogShaderCompilers: Cleaned the shader compiler working directory 'C:/Users/Computer 2/AppData/Local/Temp/UnrealShaderWorkingDir/4FD836C94F0B260446B389B880B84B11/'.
[2019.04.04-12.04.37:575][  0]LogXGEController: Cleaning working directory: C:/Users/Computer 2/AppData/Local/Temp/UnrealXGEWorkingDir/
[2019.04.04-12.04.37:575][  0]LogXGEController: Cannot use XGE Controller as Incredibuild is not installed on this machine.
[2019.04.04-12.04.37:575][  0]LogShaderCompilers: Cannot use XGE Shader Compiler as Incredibuild is not installed on this machine.
[2019.04.04-12.04.37:575][  0]LogShaderCompilers: Display: Using Local Shader Compiler.
[2019.04.04-12.04.46:696][  0]LogDerivedDataCache: Display: Max Cache Size: 512 MB
[2019.04.04-12.04.49:396][  0]LogDerivedDataCache: Loaded boot cache 2.59s 71MB C:/Users/Computer 2/AppData/Local/UnrealEngine/4.21/DerivedDataCache/Boot.ddc.
[2019.04.04-12.04.49:396][  0]LogDerivedDataCache: Display: Loaded Boot cache: C:/Users/Computer 2/AppData/Local/UnrealEngine/4.21/DerivedDataCache/Boot.ddc
[2019.04.04-12.04.49:396][  0]LogDerivedDataCache: FDerivedDataBackendGraph:  Pak pak cache file ../../../../../../Users/Computer 2/Documents/GitHub/Pay-of-Day-Sunscreen/AI Love you/DerivedDataCache/DDC.ddp not found, will not use a pak cache.
[2019.04.04-12.04.49:396][  0]LogDerivedDataCache: Unable to find inner node Pak for hierarchical cache Hierarchy.
[2019.04.04-12.04.49:396][  0]LogDerivedDataCache: FDerivedDataBackendGraph:  CompressedPak pak cache file ../../../../../../Users/Computer 2/Documents/GitHub/Pay-of-Day-Sunscreen/AI Love you/DerivedDataCache/Compressed.ddp not found, will not use a pak cache.
[2019.04.04-12.04.49:396][  0]LogDerivedDataCache: Unable to find inner node CompressedPak for hierarchical cache Hierarchy.
[2019.04.04-12.04.49:839][  0]LogDerivedDataCache: Display: Pak cache opened for reading ../../../Engine/DerivedDataCache/Compressed.ddp.
[2019.04.04-12.04.49:839][  0]LogDerivedDataCache: FDerivedDataBackendGraph:  EnterprisePak pak cache file ../../../Enterprise/DerivedDataCache/Compressed.ddp not found, will not use a pak cache.
[2019.04.04-12.04.49:839][  0]LogDerivedDataCache: Unable to find inner node EnterprisePak for hierarchical cache Hierarchy.
[2019.04.04-12.04.49:994][  0]LogDerivedDataCache: Using Local data cache path C:/Users/Computer 2/AppData/Local/UnrealEngine/Common/DerivedDataCache: Writable
[2019.04.04-12.04.49:994][  0]LogDerivedDataCache: Shared data cache path not found in *engine.ini, will not use an Shared cache.
[2019.04.04-12.04.49:994][  0]LogDerivedDataCache: Unable to find inner node Shared for hierarchical cache Hierarchy.
[2019.04.04-12.04.50:350][  0]LogMaterial: Verifying Global Shaders for PCD3D_SM5
[2019.04.04-12.04.50:679][  0]LogSlate: Using FreeType 2.6.0
[2019.04.04-12.04.50:972][  0]LogSlate: SlateFontServices - WITH_FREETYPE: 1, WITH_HARFBUZZ: 1
[2019.04.04-12.04.55:387][  0]LogAssetRegistry: FAssetRegistry took 0.0671 seconds to start up
[2019.04.04-12.05.03:108][  0]LogInit: Selected Device Profile: [Windows]
[2019.04.04-12.05.11:811][  0]LogSimplygon: Simplygon DLL not present - disabling.
[2019.04.04-12.05.12:566][  0]LogMeshReduction: Using SimplygonSwarm for distributed automatic mesh merging
[2019.04.04-12.05.12:566][  0]LogMeshReduction: Using ProxyLODMeshReduction for automatic mesh merging
[2019.04.04-12.05.12:618][  0]LogMeshReduction: Using QuadricMeshReduction for automatic static mesh reduction
[2019.04.04-12.05.12:618][  0]LogMeshReduction: No automatic skeletal mesh reduction module available
[2019.04.04-12.05.14:582][  0]LogNetVersion: AILoveYou 1.0.0, NetCL: 4541578, EngineNetVer: 5, GameNetVer: 0 (Checksum: 696492445)
[2019.04.04-12.05.23:130][  0]LogPackageLocalizationCache: Processed 11 localized package path(s) for 2 prioritized culture(s) in 0.145777 seconds
[2019.04.04-12.05.23:149][  0]LogUObjectArray: 39775 objects as part of root set at end of initial load.
[2019.04.04-12.05.23:149][  0]LogUObjectAllocator: 6914656 out of 0 bytes used by permanent object pool.
[2019.04.04-12.05.23:149][  0]LogUObjectArray: CloseDisregardForGC: 0/0 objects in disregard for GC pool
[2019.04.04-12.05.47:157][  0]LogTcpMessaging: Initializing TcpMessaging bridge
[2019.04.04-12.05.47:211][  0]LogUdpMessaging: Initializing bridge on interface 0.0.0.0:0 to multicast group 230.0.0.1:6666.
[2019.04.04-12.05.49:231][  0]SourceControl: Source control is disabled
[2019.04.04-12.05.49:232][  0]SourceControl: Source control is disabled
[2019.04.04-12.05.49:315][  0]SourceControl: Source control is disabled
[2019.04.04-12.05.49:329][  0]SourceControl: Source control is disabled
[2019.04.04-12.05.50:446][  0]LogAndroidPermission: UAndroidPermissionCallbackProxy::GetInstance
[2019.04.04-12.05.50:670][  0]LogOcInput: OculusInput pre-init called
[2019.04.04-12.05.51:607][  0]LogEngine: Initializing Engine...
[2019.04.04-12.05.51:634][  0]LogHMD: Failed to initialize OpenVR with code 110
[2019.04.04-12.05.51:645][  0]LogStats: UGameplayTagsManager::ConstructGameplayTagTree: ImportINI prefixes -  0.000 s
[2019.04.04-12.05.51:645][  0]LogStats: UGameplayTagsManager::ConstructGameplayTagTree: Construct from data asset -  0.000 s
[2019.04.04-12.05.51:645][  0]LogStats: UGameplayTagsManager::ConstructGameplayTagTree: ImportINI -  0.000 s
[2019.04.04-12.05.51:645][  0]LogStats: UGameplayTagsManager::ConstructGameplayTagTree: GameplayTagTreeChangedEvent.Broadcast -  0.000 s
[2019.04.04-12.05.52:603][  0]LogInit: Initializing FReadOnlyCVARCache
[2019.04.04-12.05.52:988][  0]LogAIModule: Creating AISystem for world Untitled
[2019.04.04-12.05.53:172][  0]LogInit: XAudio2 using 'LG 32 FHD (NVIDIA High Definition Audio)' : 2 channels at 48 kHz using 16 bits per sample (channel mask 0x3)
[2019.04.04-12.05.53:244][  0]LogInit: FAudioDevice initialized.
[2019.04.04-12.05.53:244][  0]LogNetVersion: Set ProjectVersion to 1.0.0.0. Version Checksum will be recalculated on next use.
[2019.04.04-12.05.54:455][  0]LogDerivedDataCache: Saved boot cache 1.21s 71MB C:/Users/Computer 2/AppData/Local/UnrealEngine/4.21/DerivedDataCache/Boot.ddc.
[2019.04.04-12.05.54:497][  0]LogInit: Texture streaming: Enabled
[2019.04.04-12.05.55:398][  0]LogEngineSessionManager: EngineSessionManager initialized
[2019.04.04-12.05.56:179][  0]LogInit: Transaction tracking system initialized
[2019.04.04-12.05.57:436][  0]BlueprintLog: New page: Editor Load
[2019.04.04-12.06.08:491][  0]LocalizationService: Localization service is disabled
[2019.04.04-12.06.28:572][  0]LogFileCache: Scanning file cache for directory 'C:/Users/Computer 2/Documents/GitHub/Pay-of-Day-Sunscreen/AI Love you/Content/' took 0.17s
[2019.04.04-12.06.28:572][  0]LogCook: Display: Max memory allowance for cook 16384mb min free memory 0mb
[2019.04.04-12.06.28:572][  0]LogCook: Display: Mobile HDR setting 1
[2019.04.04-12.06.28:572][  0]LogGameplayTags: Display: UGameplayTagsManager::DoneAddingNativeTags. DelegateIsBound: 0
[2019.04.04-12.06.28:572][  0]LogStats: UGameplayTagsManager::ConstructGameplayTagTree: ImportINI prefixes -  0.000 s
[2019.04.04-12.06.28:572][  0]LogStats: UGameplayTagsManager::ConstructGameplayTagTree: Construct from data asset -  0.000 s
[2019.04.04-12.06.28:572][  0]LogStats: UGameplayTagsManager::ConstructGameplayTagTree: ImportINI -  0.000 s
[2019.04.04-12.06.28:572][  0]LogStats: UGameplayTagsManager::ConstructGameplayTagTree: GameplayTagTreeChangedEvent.Broadcast -  0.000 s
[2019.04.04-12.06.39:363][  0]SourceControl: Source control is disabled
[2019.04.04-12.06.39:413][  0]Cmd: MAP LOAD FILE="../../../Engine/Content/Maps/Templates/Template_Default.umap" TEMPLATE=1 SHOWPROGRESS=1 FEATURELEVEL=3
[2019.04.04-12.06.39:465][  0]LightingResults: New page: Lighting Build
[2019.04.04-12.06.39:637][  0]MapCheck: New page: Map Check
[2019.04.04-12.06.39:637][  0]LightingResults: New page: Lighting Build
[2019.04.04-12.06.40:932][  0]LogAIModule: Creating AISystem for world Untitled_1
[2019.04.04-12.06.41:489][  0]LogEditorServer: Finished looking for orphan Actors (0.000 secs)
[2019.04.04-12.06.41:589][  0]Cmd: MAP CHECKDEP NOCLEARLOG
[2019.04.04-12.06.41:589][  0]MapCheck: Map check complete: 0 Error(s), 0 Warning(s), took 0.209ms to complete.
[2019.04.04-12.06.41:589][  0]LogFileHelpers: Loading map 'Template_Default' took 2.211
[2019.04.04-12.06.42:951][  0]LogSlate: Updating window title bar state: overlay mode, drag disabled, window buttons hidden, title bar hidden
[2019.04.04-12.06.42:958][  0]LogSlate: Updating window title bar state: overlay mode, drag disabled, window buttons hidden, title bar hidden
[2019.04.04-12.06.42:964][  0]LogSlate: Updating window title bar state: overlay mode, drag disabled, window buttons hidden, title bar hidden
[2019.04.04-12.06.42:970][  0]LogSlate: Updating window title bar state: overlay mode, drag disabled, window buttons hidden, title bar hidden
[2019.04.04-12.06.43:163][  0]LogCollectionManager: Loaded 0 collections in 0.001894 seconds
[2019.04.04-12.06.43:244][  0]LogFileCache: Scanning file cache for directory 'C:/Users/Computer 2/Documents/GitHub/Pay-of-Day-Sunscreen/AI Love you/Saved/Collections/' took 0.01s
[2019.04.04-12.06.43:244][  0]LogFileCache: Scanning file cache for directory 'C:/Users/Computer 2/Documents/GitHub/Pay-of-Day-Sunscreen/AI Love you/Content/Developers/Computer2/Collections/' took 0.01s
[2019.04.04-12.06.43:244][  0]LogFileCache: Scanning file cache for directory 'C:/Users/Computer 2/Documents/GitHub/Pay-of-Day-Sunscreen/AI Love you/Content/Collections/' took 0.00s
[2019.04.04-12.06.43:244][  0]LogCollectionManager: Rebuilt the GUID cache for 0 collections in 0.000000 seconds
[2019.04.04-12.06.43:254][  0]LogContentBrowser: Native class hierarchy populated in 0.0083 seconds. Added 2651 classes and 620 folders.
[2019.04.04-12.06.43:328][  0]LogContentBrowser: Native class hierarchy updated for 'WidgetCarousel' in 0.0002 seconds. Added 0 classes and 0 folders.
[2019.04.04-12.06.43:383][  0]LogPakFile: Registered encryption key '00000000000000000000000000000000': 0 pak files mounted, 0 remain pending
[2019.04.04-12.06.43:394][  0]LogPakFile: Registered encryption key '00000000000000000000000000000000': 0 pak files mounted, 0 remain pending
[2019.04.04-12.06.43:411][  0]LogPakFile: Registered encryption key '00000000000000000000000000000000': 0 pak files mounted, 0 remain pending
[2019.04.04-12.06.43:421][  0]LogPakFile: Registered encryption key '00000000000000000000000000000000': 0 pak files mounted, 0 remain pending
[2019.04.04-12.06.43:432][  0]LogPakFile: Registered encryption key '00000000000000000000000000000000': 0 pak files mounted, 0 remain pending
[2019.04.04-12.06.43:444][  0]LogPakFile: Registered encryption key '00000000000000000000000000000000': 0 pak files mounted, 0 remain pending
[2019.04.04-12.06.43:454][  0]LogPakFile: Registered encryption key '00000000000000000000000000000000': 0 pak files mounted, 0 remain pending
[2019.04.04-12.06.43:458][  0]LogPakFile: Registered encryption key '00000000000000000000000000000000': 0 pak files mounted, 0 remain pending
[2019.04.04-12.06.43:467][  0]LogPakFile: Registered encryption key '00000000000000000000000000000000': 0 pak files mounted, 0 remain pending
[2019.04.04-12.06.43:480][  0]LogPakFile: Registered encryption key '00000000000000000000000000000000': 0 pak files mounted, 0 remain pending
[2019.04.04-12.06.43:485][  0]LogPakFile: Registered encryption key '00000000000000000000000000000000': 0 pak files mounted, 0 remain pending
[2019.04.04-12.06.43:492][  0]LogPakFile: Registered encryption key '00000000000000000000000000000000': 0 pak files mounted, 0 remain pending
[2019.04.04-12.06.43:499][  0]LogPakFile: Registered encryption key '00000000000000000000000000000000': 0 pak files mounted, 0 remain pending
[2019.04.04-12.06.43:517][  0]LogPakFile: Registered encryption key '00000000000000000000000000000000': 0 pak files mounted, 0 remain pending
[2019.04.04-12.06.43:521][  0]LogPakFile: Registered encryption key '00000000000000000000000000000000': 0 pak files mounted, 0 remain pending
[2019.04.04-12.06.43:539][  0]LogPakFile: Registered encryption key '00000000000000000000000000000000': 0 pak files mounted, 0 remain pending
[2019.04.04-12.06.43:555][  0]LogPakFile: Registered encryption key '00000000000000000000000000000000': 0 pak files mounted, 0 remain pending
[2019.04.04-12.06.43:573][  0]LogPakFile: Registered encryption key '00000000000000000000000000000000': 0 pak files mounted, 0 remain pending
[2019.04.04-12.06.43:577][  0]LogPakFile: Registered encryption key '00000000000000000000000000000000': 0 pak files mounted, 0 remain pending
[2019.04.04-12.06.43:580][  0]LogPakFile: Registered encryption key '00000000000000000000000000000000': 0 pak files mounted, 0 remain pending
[2019.04.04-12.06.43:601][  0]LogPakFile: Registered encryption key '00000000000000000000000000000000': 0 pak files mounted, 0 remain pending
[2019.04.04-12.06.43:633][  0]LogPakFile: Registered encryption key '00000000000000000000000000000000': 0 pak files mounted, 0 remain pending
[2019.04.04-12.06.43:648][  0]LogPakFile: Registered encryption key '00000000000000000000000000000000': 0 pak files mounted, 0 remain pending
[2019.04.04-12.06.43:659][  0]LogPakFile: Registered encryption key '00000000000000000000000000000000': 0 pak files mounted, 0 remain pending
[2019.04.04-12.06.43:682][  0]LogPakFile: Registered encryption key '00000000000000000000000000000000': 0 pak files mounted, 0 remain pending
[2019.04.04-12.06.43:686][  0]LogPakFile: Registered encryption key '00000000000000000000000000000000': 0 pak files mounted, 0 remain pending
[2019.04.04-12.06.44:858][  0]LogContentBrowser: Native class hierarchy updated for 'AddContentDialog' in 0.0002 seconds. Added 0 classes and 0 folders.
[2019.04.04-12.06.44:942][  0]LogContentBrowser: Native class hierarchy updated for 'SceneOutliner' in 0.0003 seconds. Added 1 classes and 2 folders.
[2019.04.04-12.06.45:954][  0]LogSlate: Took 0.017470 seconds to synchronously load lazily loaded font '../../../Engine/Content/Slate/Fonts/Roboto-Regular.ttf' (155K)
[2019.04.04-12.06.45:986][  0]LogSlate: Took 0.029828 seconds to synchronously load lazily loaded font '../../../Engine/Content/Slate/Fonts/Roboto-Bold.ttf' (160K)
[2019.04.04-12.06.46:057][  0]LogSlate: Took 0.011375 seconds to synchronously load lazily loaded font '../../../Engine/Content/Editor/Slate/Fonts/FontAwesome.ttf' (139K)
[2019.04.04-12.06.46:512][  0]LogRenderer: Reallocating scene render targets to support 1160x504 Format 10 NumSamples 1 (Frame:1).
[2019.04.04-12.06.47:361][  0]LogContentBrowser: Native class hierarchy updated for 'HierarchicalLODOutliner' in 0.0003 seconds. Added 0 classes and 0 folders.
[2019.04.04-12.06.47:361][  0]LogLoad: (Engine Initialization) Total time: 165.60 seconds
[2019.04.04-12.06.47:361][  0]LogLoad: (Engine Initialization) Total Blueprint compile time: 0.00 seconds
[2019.04.04-12.06.47:518][  0]LogContentStreaming: Texture pool size now 1000 MB
[2019.04.04-12.06.47:580][  0]LogSlate: Took 0.017711 seconds to synchronously load lazily loaded font '../../../Engine/Content/Slate/Fonts/Roboto-Light.ttf' (167K)
[2019.04.04-12.06.47:743][  2]LogAssetRegistry: Asset discovery search completed in 112.3794 seconds
[2019.04.04-12.06.47:744][  2]LogCollectionManager: Rebuilt the object cache for 0 collections in 0.000000 seconds (found 0 objects)
[2019.04.04-12.06.47:745][  2]LogCollectionManager: Fixed up redirectors for 0 collections in 0.000056 seconds (updated 0 objects)
[2019.04.04-12.06.51:820][ 14]LogSlate: FSceneViewport::OnFocusLost() reason 0
[2019.04.04-12.07.09:281][ 11]LogSlate: Took 0.000218 seconds to synchronously load lazily loaded font '../../../Engine/Content/Slate/Fonts/Roboto-Light.ttf' (167K)
[2019.04.04-12.07.10:289][ 11]LogBlueprint: Warning: [Compiler Ue4ASP_Character] InputAction Event references unknown Action 'Crouch' for  InputAction Crouch
[2019.04.04-12.07.10:306][ 11]LogBlueprint: Warning: [Compiler Ue4ASP_Character] [0188.55] Compile of Ue4ASP_Character successful, but with 1 Warning(s) [in 118 ms] (/Game/AnimStarterPack/Ue4ASP_Character.Ue4ASP_Character)
[2019.04.04-12.07.16:833][ 11]LogAIModule: Creating AISystem for world Level1
[2019.04.04-12.07.16:960][ 11]LogAssetEditorManager: Opening Asset editor for World /Game/FirstPersonBP/Maps/Level1.Level1
[2019.04.04-12.07.17:020][ 11]Cmd: MAP LOAD FILE="../../../../../../Users/Computer 2/Documents/GitHub/Pay-of-Day-Sunscreen/AI Love you/Content/FirstPersonBP/Maps/Level1.umap" TEMPLATE=0 SHOWPROGRESS=1 FEATURELEVEL=3
[2019.04.04-12.07.17:020][ 11]LightingResults: New page: Lighting Build
[2019.04.04-12.07.17:020][ 11]LoadErrors: New page: Loading map: Level1.umap
[2019.04.04-12.07.17:030][ 11]MapCheck: New page: Map Check
[2019.04.04-12.07.17:030][ 11]LightingResults: New page: Lighting Build
[2019.04.04-12.07.17:266][ 11]LogEditorServer: Finished looking for orphan Actors (0.000 secs)
[2019.04.04-12.07.17:329][ 11]Cmd: MAP CHECKDEP NOCLEARLOG
[2019.04.04-12.07.17:330][ 11]MapCheck: Map check complete: 0 Error(s), 0 Warning(s), took 0.114ms to complete.
[2019.04.04-12.07.17:330][ 11]LogFileHelpers: Loading map 'Level1' took 0.310
[2019.04.04-12.07.20:406][294]LogAssetEditorManager: Opening Asset editor for LevelScriptBlueprint /Game/FirstPersonBP/Maps/Level1.Level1:PersistentLevel.Level1
[2019.04.04-12.07.21:513][294]LogContentBrowser: Native class hierarchy updated for 'BlueprintGraph' in 0.0006 seconds. Added 117 classes and 0 folders.
[2019.04.04-12.07.22:794][294]LogSlate: Took 0.011015 seconds to synchronously load lazily loaded font '../../../Engine/Content/Slate/Fonts/Roboto-BoldCondensed.ttf' (158K)
[2019.04.04-12.07.29:290][976]LogAssetEditorManager: Opening Asset editor for Blueprint /Game/FirstPersonBP/Blueprints/Actors/FirstPersonCharacter.FirstPersonCharacter
[2019.04.04-12.07.31:042][977]LogSlate: Took 0.066843 seconds to synchronously load lazily loaded font '../../../Engine/Content/Slate/Fonts/Roboto-Italic.ttf' (157K)
[2019.04.04-12.12.06:779][746]LogAIModule: Creating AISystem for world Level1_6
[2019.04.04-12.12.06:787][746]LogAssetEditorManager: Opening Asset editor for World /Game/FirstPersonBP/Maps/Level1_6.Level1_6
[2019.04.04-12.12.06:816][746]Cmd: MAP LOAD FILE="../../../../../../Users/Computer 2/Documents/GitHub/Pay-of-Day-Sunscreen/AI Love you/Content/FirstPersonBP/Maps/Level1_6.umap" TEMPLATE=0 SHOWPROGRESS=1 FEATURELEVEL=3
[2019.04.04-12.12.06:817][746]LightingResults: New page: Lighting Build
[2019.04.04-12.12.06:817][746]LoadErrors: New page: Loading map: Level1_6.umap
[2019.04.04-12.12.06:963][746]MapCheck: New page: Map Check
[2019.04.04-12.12.06:963][746]LightingResults: New page: Lighting Build
[2019.04.04-12.12.07:100][746]LogEditorServer: Finished looking for orphan Actors (0.000 secs)
[2019.04.04-12.12.07:166][746]Cmd: MAP CHECKDEP NOCLEARLOG
[2019.04.04-12.12.07:166][746]MapCheck: Map check complete: 0 Error(s), 0 Warning(s), took 0.115ms to complete.
[2019.04.04-12.12.07:166][746]LogFileHelpers: Loading map 'Level1_6' took 0.351
