Log file open, 04/11/19 08:08:36
LogWindows: Failed to load 'aqProf.dll' (GetLastError=126)
LogWindows: File 'aqProf.dll' does not exist
LogWindows: Failed to load 'VtuneApi.dll' (GetLastError=126)
LogWindows: File 'VtuneApi.dll' does not exist
LogWindows: Failed to load 'VtuneApi32e.dll' (GetLastError=126)
LogWindows: File 'VtuneApi32e.dll' does not exist
LogConsoleResponse: Display: Failed to find resolution value strings in scalability ini. Falling back to default.
LogInit: Display: Running engine for game: AILoveYou
LogPakFile: Registered encryption key '00000000000000000000000000000000': 0 pak files mounted, 0 remain pending
LogPlatformFile: Not using cached read wrapper
LogTaskGraph: Started task graph with 5 named threads and 23 total threads with 3 sets of task threads.
LogStats: Stats thread started at 5.128260
LogD3D11RHI: Loaded GFSDK_Aftermath_Lib.x64.dll
LogICUInternationalization: ICU TimeZone Detection - Raw Offset: -5:00, Platform Override: ''
LogPluginManager: Mounting plugin Paper2D
LogPluginManager: Mounting plugin AISupport
LogPluginManager: Mounting plugin LightPropagationVolume
LogPluginManager: Mounting plugin ActorLayerUtilities
LogPluginManager: Mounting plugin CLionSourceCodeAccess
LogPluginManager: Mounting plugin CodeLiteSourceCodeAccess
LogPluginManager: Mounting plugin GitSourceControl
LogPluginManager: Mounting plugin KDevelopSourceCodeAccess
LogPluginManager: Mounting plugin NullSourceCodeAccess
LogPluginManager: Mounting plugin PerforceSourceControl
LogPluginManager: Mounting plugin SubversionSourceControl
LogPluginManager: Mounting plugin UObjectPlugin
LogPluginManager: Mounting plugin VisualStudioCodeSourceCodeAccess
LogPluginManager: Mounting plugin VisualStudioSourceCodeAccess
LogPluginManager: Mounting plugin XCodeSourceCodeAccess
LogPluginManager: Mounting plugin AssetManagerEditor
LogPluginManager: Mounting plugin CryptoKeys
LogPluginManager: Mounting plugin DataValidation
LogPluginManager: Mounting plugin FacialAnimation
LogPluginManager: Mounting plugin GameplayTagsEditor
LogPluginManager: Mounting plugin MacGraphicsSwitching
LogPluginManager: Mounting plugin MeshEditor
LogPluginManager: Mounting plugin MobileLauncherProfileWizard
LogPluginManager: Mounting plugin PluginBrowser
LogPluginManager: Mounting plugin SpeedTreeImporter
LogPluginManager: Mounting plugin DatasmithContent
LogPluginManager: Mounting plugin VariantManagerContent
LogPluginManager: Mounting plugin AlembicImporter
LogPluginManager: Mounting plugin AppleImageUtils
LogPluginManager: Mounting plugin AppleVision
LogPluginManager: Mounting plugin BackChannel
LogPluginManager: Mounting plugin CharacterAI
LogPluginManager: Mounting plugin GeometryCache
LogPluginManager: Mounting plugin HTML5Networking
LogPluginManager: Mounting plugin ProxyLODPlugin
LogPluginManager: Mounting plugin MagicLeap
LogPluginManager: Mounting plugin MagicLeapMedia
LogPluginManager: Mounting plugin AndroidMedia
LogPluginManager: Mounting plugin AvfMedia
LogPluginManager: Mounting plugin ImgMedia
LogPluginManager: Mounting plugin LinearTimecode
LogPluginManager: Mounting plugin MediaCompositing
LogPluginManager: Mounting plugin MediaPlayerEditor
LogPluginManager: Mounting plugin WebMMedia
LogPluginManager: Mounting plugin WmfMedia
LogPluginManager: Mounting plugin TcpMessaging
LogPluginManager: Mounting plugin UdpMessaging
LogPluginManager: Mounting plugin ActorSequence
LogPluginManager: Mounting plugin LevelSequenceEditor
LogPluginManager: Mounting plugin MatineeToLevelSequence
LogPluginManager: Mounting plugin NetcodeUnitTest
LogPluginManager: Mounting plugin NUTUnrealEngine4
LogPluginManager: Mounting plugin OnlineSubsystemGooglePlay
LogPluginManager: Mounting plugin OnlineSubsystemIOS
LogPluginManager: Mounting plugin OnlineSubsystem
LogPluginManager: Mounting plugin OnlineSubsystemNull
LogPluginManager: Mounting plugin OnlineSubsystemUtils
LogPluginManager: Mounting plugin LauncherChunkInstaller
LogPluginManager: Mounting plugin AndroidDeviceProfileSelector
LogPluginManager: Mounting plugin AndroidMoviePlayer
LogPluginManager: Mounting plugin AndroidPermission
LogPluginManager: Mounting plugin AppleMoviePlayer
LogPluginManager: Mounting plugin ArchVisCharacter
LogPluginManager: Mounting plugin AudioCapture
LogPluginManager: Mounting plugin CableComponent
LogPluginManager: Mounting plugin CustomMeshComponent
LogPluginManager: Mounting plugin EditableMesh
LogPluginManager: Mounting plugin ExampleDeviceProfileSelector
LogPluginManager: Mounting plugin Firebase
LogPluginManager: Mounting plugin GoogleCloudMessaging
LogPluginManager: Mounting plugin IOSDeviceProfileSelector
LogPluginManager: Mounting plugin LinuxDeviceProfileSelector
LogPluginManager: Mounting plugin LocationServicesBPLibrary
LogPluginManager: Mounting plugin MobilePatchingUtils
LogPluginManager: Mounting plugin OculusVR
LogPluginManager: Mounting plugin PhysXVehicles
LogPluginManager: Mounting plugin ProceduralMeshComponent
LogPluginManager: Mounting plugin RuntimePhysXCooking
LogPluginManager: Mounting plugin SteamVR
LogPluginManager: Mounting plugin WebMMoviePlayer
LogPluginManager: Mounting plugin WindowsMoviePlayer
LogStreaming: Display: Took  0.733s to configure plugins.
LogInit: Using libcurl 7.55.1-DEV
LogInit:  - built for x86_64-pc-win32
LogInit:  - supports SSL with OpenSSL/1.0.2h
LogInit:  - supports HTTP deflate (compression) using libz 1.2.8
LogInit:  - other features:
LogInit:      CURL_VERSION_SSL
LogInit:      CURL_VERSION_LIBZ
LogInit:      CURL_VERSION_IPV6
LogInit:      CURL_VERSION_ASYNCHDNS
LogInit:      CURL_VERSION_LARGEFILE
LogInit:      CURL_VERSION_IDN
LogInit:  CurlRequestOptions (configurable via config and command line):
LogInit:  - bVerifyPeer = true  - Libcurl will verify peer certificate
LogInit:  - bUseHttpProxy = false  - Libcurl will NOT use HTTP proxy
LogInit:  - bDontReuseConnections = false  - Libcurl will reuse connections
LogInit:  - MaxHostConnections = 16  - Libcurl will limit the number of connections to a host
LogInit:  - LocalHostAddr = Default
LogInit:  - BufferSize = 65536
LogInit: WinSock: version 1.1 (2.2), MaxSocks=32767, MaxUdp=65467
LogInit: Build: ++UE4+Release-4.21-CL-4753647
LogInit: Engine Version: 4.21.2-4753647+++UE4+Release-4.21
LogInit: Compatible Engine Version: 4.21.0-4541578+++UE4+Release-4.21
LogInit: Net CL: 4541578
LogInit: OS: Windows 10 (), CPU: Intel(R) Core(TM) i7-6700 CPU @ 3.40GHz, GPU: NVIDIA GeForce GTX 1070
LogInit: Compiled (64-bit): Jan 19 2019 02:07:31
LogInit: Compiled with Visual C++: 19.13.26129.00
LogInit: Build Configuration: Development
LogInit: Branch Name: ++UE4+Release-4.21
LogInit: Command Line: 
LogInit: Base Directory: C:/Program Files/Epic Games/UE_4.21/Engine/Binaries/Win64/
LogInit: Installed Engine Build: 1
LogDevObjectVersion: Number of dev versions registered: 22
LogDevObjectVersion:   Dev-Blueprints (B0D832E4-1F89-4F0D-ACCF-7EB736FD4AA2): 10
LogDevObjectVersion:   Dev-Build (E1C64328-A22C-4D53-A36C-8E866417BD8C): 0
LogDevObjectVersion:   Dev-Core (375EC13C-06E4-48FB-B500-84F0262A717E): 2
LogDevObjectVersion:   Dev-Editor (E4B068ED-F494-42E9-A231-DA0B2E46BB41): 26
LogDevObjectVersion:   Dev-Framework (CFFC743F-43B0-4480-9391-14DF171D2073): 34
LogDevObjectVersion:   Dev-Mobile (B02B49B5-BB20-44E9-A304-32B752E40360): 2
LogDevObjectVersion:   Dev-Networking (A4E4105C-59A1-49B5-A7C5-40C4547EDFEE): 0
LogDevObjectVersion:   Dev-Online (39C831C9-5AE6-47DC-9A44-9C173E1C8E7C): 0
LogDevObjectVersion:   Dev-Physics (78F01B33-EBEA-4F98-B9B4-84EACCB95AA2): 0
LogDevObjectVersion:   Dev-Platform (6631380F-2D4D-43E0-8009-CF276956A95A): 0
LogDevObjectVersion:   Dev-Rendering (12F88B9F-8875-4AFC-A67C-D90C383ABD29): 27
LogDevObjectVersion:   Dev-Sequencer (7B5AE74C-D270-4C10-A958-57980B212A5A): 9
LogDevObjectVersion:   Dev-VR (D7296918-1DD6-4BDD-9DE2-64A83CC13884): 2
LogDevObjectVersion:   Dev-LoadTimes (C2A15278-BFE7-4AFE-6C17-90FF531DF755): 1
LogDevObjectVersion:   Private-Geometry (6EACA3D4-40EC-4CC1-B786-8BED09428FC5): 3
LogDevObjectVersion:   Dev-AnimPhys (29E575DD-E0A3-4627-9D10-D276232CDCEA): 17
LogDevObjectVersion:   Dev-Anim (AF43A65D-7FD3-4947-9873-3E8ED9C1BB05): 2
LogDevObjectVersion:   Dev-ReflectionCapture (6B266CEC-1EC7-4B8F-A30B-E4D90942FC07): 1
LogDevObjectVersion:   Dev-Automation (0DF73D61-A23F-47EA-B727-89E90C41499A): 1
LogDevObjectVersion:   FortniteMain (601D1886-AC64-4F84-AA16-D3DE0DEAC7D6): 17
LogDevObjectVersion:   Dev-Enterprise (9DFFBCD6-494F-0158-E221-12823C92A888): 4
LogDevObjectVersion:   Dev-Niagara (F2AED0AC-9AFE-416F-8664-AA7FFA26D6FC): 1
LogStreaming: Display: Took  0.050s to delete old logs.
LogInit: Presizing for max 8388607 objects, including 0 objects not considered by GC, pre-allocating 0 bytes for permanent pool.
LogInit: Object subsystem initialized
LogConfig: Setting CVar [[con.DebugEarlyDefault:1]]
LogConfig: Setting CVar [[r.setres:1280x720]]
[2019.04.11-12.08.39:267][  0]LogConfig: Setting CVar [[r.VSync:0]]
[2019.04.11-12.08.39:267][  0]LogConfig: Setting CVar [[r.RHICmdBypass:0]]
[2019.04.11-12.08.39:267][  0]LogConfig: Applying CVar settings from Section [/Script/Engine.RendererSettings] File [C:/Users/User/Documents/GitHub/Pay-of-Day-Sunscreen/AI Love you/Saved/Config/Windows/Engine.ini]
[2019.04.11-12.08.39:267][  0]LogConfig: Setting CVar [[r.GPUCrashDebugging:0]]
[2019.04.11-12.08.39:267][  0]LogConfig: Applying CVar settings from Section [/Script/Engine.RendererOverrideSettings] File [C:/Users/User/Documents/GitHub/Pay-of-Day-Sunscreen/AI Love you/Saved/Config/Windows/Engine.ini]
[2019.04.11-12.08.39:267][  0]LogConfig: Applying CVar settings from Section [/Script/Engine.StreamingSettings] File [C:/Users/User/Documents/GitHub/Pay-of-Day-Sunscreen/AI Love you/Saved/Config/Windows/Engine.ini]
[2019.04.11-12.08.39:267][  0]LogConfig: Setting CVar [[s.MinBulkDataSizeForAsyncLoading:131072]]
[2019.04.11-12.08.39:267][  0]LogConfig: Setting CVar [[s.AsyncLoadingThreadEnabled:0]]
[2019.04.11-12.08.39:267][  0]LogConfig: Setting CVar [[s.EventDrivenLoaderEnabled:1]]
[2019.04.11-12.08.39:267][  0]LogConfig: Setting CVar [[s.WarnIfTimeLimitExceeded:0]]
[2019.04.11-12.08.39:267][  0]LogConfig: Setting CVar [[s.TimeLimitExceededMultiplier:1.5]]
[2019.04.11-12.08.39:267][  0]LogConfig: Setting CVar [[s.TimeLimitExceededMinTime:0.005]]
[2019.04.11-12.08.39:267][  0]LogConfig: Setting CVar [[s.UseBackgroundLevelStreaming:1]]
[2019.04.11-12.08.39:267][  0]LogConfig: Setting CVar [[s.PriorityAsyncLoadingExtraTime:15.0]]
[2019.04.11-12.08.39:268][  0]LogConfig: Setting CVar [[s.LevelStreamingActorsUpdateTimeLimit:5.0]]
[2019.04.11-12.08.39:268][  0]LogConfig: Setting CVar [[s.PriorityLevelStreamingActorsUpdateExtraTime:5.0]]
[2019.04.11-12.08.39:268][  0]LogConfig: Setting CVar [[s.LevelStreamingComponentsRegistrationGranularity:10]]
[2019.04.11-12.08.39:268][  0]LogConfig: Setting CVar [[s.UnregisterComponentsTimeLimit:1.0]]
[2019.04.11-12.08.39:268][  0]LogConfig: Setting CVar [[s.LevelStreamingComponentsUnregistrationGranularity:5]]
[2019.04.11-12.08.39:268][  0]LogConfig: Applying CVar settings from Section [/Script/Engine.GarbageCollectionSettings] File [C:/Users/User/Documents/GitHub/Pay-of-Day-Sunscreen/AI Love you/Saved/Config/Windows/Engine.ini]
[2019.04.11-12.08.39:268][  0]LogConfig: Setting CVar [[gc.MaxObjectsNotConsideredByGC:1]]
[2019.04.11-12.08.39:268][  0]LogConfig: Setting CVar [[gc.SizeOfPermanentObjectPool:0]]
[2019.04.11-12.08.39:268][  0]LogConfig: Setting CVar [[gc.FlushStreamingOnGC:0]]
[2019.04.11-12.08.39:268][  0]LogConfig: Setting CVar [[gc.NumRetriesBeforeForcingGC:10]]
[2019.04.11-12.08.39:268][  0]LogConfig: Setting CVar [[gc.AllowParallelGC:1]]
[2019.04.11-12.08.39:268][  0]LogConfig: Setting CVar [[gc.TimeBetweenPurgingPendingKillObjects:61.1]]
[2019.04.11-12.08.39:268][  0]LogConfig: Setting CVar [[gc.MaxObjectsInEditor:8388607]]
[2019.04.11-12.08.39:268][  0]LogConfig: Setting CVar [[gc.IncrementalBeginDestroyEnabled:1]]
[2019.04.11-12.08.39:268][  0]LogConfig: Setting CVar [[gc.CreateGCClusters:1]]
[2019.04.11-12.08.39:268][  0]LogConfig: Setting CVar [[gc.MergeGCClusters:0]]
[2019.04.11-12.08.39:268][  0]LogConfig: Setting CVar [[gc.MinGCClusterSize:5]]
[2019.04.11-12.08.39:268][  0]LogConfig: Setting CVar [[gc.ActorClusteringEnabled:0]]
[2019.04.11-12.08.39:268][  0]LogConfig: Setting CVar [[gc.BlueprintClusteringEnabled:0]]
[2019.04.11-12.08.39:268][  0]LogConfig: Setting CVar [[gc.UseDisregardForGCOnDedicatedServers:0]]
[2019.04.11-12.08.39:268][  0]LogConfig: Applying CVar settings from Section [/Script/Engine.NetworkSettings] File [C:/Users/User/Documents/GitHub/Pay-of-Day-Sunscreen/AI Love you/Saved/Config/Windows/Engine.ini]
[2019.04.11-12.08.39:268][  0]LogConfig: Applying CVar settings from Section [/Script/UnrealEd.CookerSettings] File [C:/Users/User/Documents/GitHub/Pay-of-Day-Sunscreen/AI Love you/Saved/Config/Windows/Engine.ini]
[2019.04.11-12.08.39:326][  0]LogConfig: Applying CVar settings from Section [ViewDistanceQuality@3] File [C:/Users/User/Documents/GitHub/Pay-of-Day-Sunscreen/AI Love you/Saved/Config/Windows/Scalability.ini]
[2019.04.11-12.08.39:326][  0]LogConfig: Setting CVar [[r.SkeletalMeshLODBias:0]]
[2019.04.11-12.08.39:326][  0]LogConfig: Setting CVar [[r.ViewDistanceScale:1.0]]
[2019.04.11-12.08.39:326][  0]LogConfig: Applying CVar settings from Section [AntiAliasingQuality@3] File [C:/Users/User/Documents/GitHub/Pay-of-Day-Sunscreen/AI Love you/Saved/Config/Windows/Scalability.ini]
[2019.04.11-12.08.39:326][  0]LogConfig: Setting CVar [[r.PostProcessAAQuality:4]]
[2019.04.11-12.08.39:326][  0]LogConfig: Applying CVar settings from Section [ShadowQuality@3] File [C:/Users/User/Documents/GitHub/Pay-of-Day-Sunscreen/AI Love you/Saved/Config/Windows/Scalability.ini]
[2019.04.11-12.08.39:326][  0]LogConfig: Setting CVar [[r.LightFunctionQuality:1]]
[2019.04.11-12.08.39:326][  0]LogConfig: Setting CVar [[r.ShadowQuality:5]]
[2019.04.11-12.08.39:326][  0]LogConfig: Setting CVar [[r.Shadow.CSM.MaxCascades:10]]
[2019.04.11-12.08.39:326][  0]LogConfig: Setting CVar [[r.Shadow.MaxResolution:2048]]
[2019.04.11-12.08.39:326][  0]LogConfig: Setting CVar [[r.Shadow.MaxCSMResolution:2048]]
[2019.04.11-12.08.39:326][  0]LogConfig: Setting CVar [[r.Shadow.RadiusThreshold:0.01]]
[2019.04.11-12.08.39:326][  0]LogConfig: Setting CVar [[r.Shadow.DistanceScale:1.0]]
[2019.04.11-12.08.39:326][  0]LogConfig: Setting CVar [[r.Shadow.CSM.TransitionScale:1.0]]
[2019.04.11-12.08.39:326][  0]LogConfig: Setting CVar [[r.Shadow.PreShadowResolutionFactor:1.0]]
[2019.04.11-12.08.39:326][  0]LogConfig: Setting CVar [[r.DistanceFieldShadowing:1]]
[2019.04.11-12.08.39:327][  0]LogConfig: Setting CVar [[r.DistanceFieldAO:1]]
[2019.04.11-12.08.39:327][  0]LogConfig: Setting CVar [[r.AOQuality:2]]
[2019.04.11-12.08.39:327][  0]LogConfig: Setting CVar [[r.VolumetricFog:1]]
[2019.04.11-12.08.39:327][  0]LogConfig: Setting CVar [[r.VolumetricFog.GridPixelSize:8]]
[2019.04.11-12.08.39:327][  0]LogConfig: Setting CVar [[r.VolumetricFog.GridSizeZ:128]]
[2019.04.11-12.08.39:327][  0]LogConfig: Setting CVar [[r.VolumetricFog.HistoryMissSupersampleCount:4]]
[2019.04.11-12.08.39:327][  0]LogConfig: Setting CVar [[r.LightMaxDrawDistanceScale:1]]
[2019.04.11-12.08.39:327][  0]LogConfig: Setting CVar [[r.CapsuleShadows:1]]
[2019.04.11-12.08.39:327][  0]LogConfig: Applying CVar settings from Section [PostProcessQuality@3] File [C:/Users/User/Documents/GitHub/Pay-of-Day-Sunscreen/AI Love you/Saved/Config/Windows/Scalability.ini]
[2019.04.11-12.08.39:327][  0]LogConfig: Setting CVar [[r.MotionBlurQuality:4]]
[2019.04.11-12.08.39:327][  0]LogConfig: Setting CVar [[r.AmbientOcclusionMipLevelFactor:0.4]]
[2019.04.11-12.08.39:327][  0]LogConfig: Setting CVar [[r.AmbientOcclusionMaxQuality:100]]
[2019.04.11-12.08.39:327][  0]LogConfig: Setting CVar [[r.AmbientOcclusionLevels:-1]]
[2019.04.11-12.08.39:327][  0]LogConfig: Setting CVar [[r.AmbientOcclusionRadiusScale:1.0]]
[2019.04.11-12.08.39:327][  0]LogConfig: Setting CVar [[r.DepthOfFieldQuality:2]]
[2019.04.11-12.08.39:327][  0]LogConfig: Setting CVar [[r.RenderTargetPoolMin:400]]
[2019.04.11-12.08.39:327][  0]LogConfig: Setting CVar [[r.LensFlareQuality:2]]
[2019.04.11-12.08.39:327][  0]LogConfig: Setting CVar [[r.SceneColorFringeQuality:1]]
[2019.04.11-12.08.39:327][  0]LogConfig: Setting CVar [[r.EyeAdaptationQuality:2]]
[2019.04.11-12.08.39:327][  0]LogConfig: Setting CVar [[r.BloomQuality:5]]
[2019.04.11-12.08.39:327][  0]LogConfig: Setting CVar [[r.FastBlurThreshold:100]]
[2019.04.11-12.08.39:327][  0]LogConfig: Setting CVar [[r.Upscale.Quality:3]]
[2019.04.11-12.08.39:327][  0]LogConfig: Setting CVar [[r.Tonemapper.GrainQuantization:1]]
[2019.04.11-12.08.39:327][  0]LogConfig: Setting CVar [[r.LightShaftQuality:1]]
[2019.04.11-12.08.39:327][  0]LogConfig: Setting CVar [[r.Filter.SizeScale:1]]
[2019.04.11-12.08.39:327][  0]LogConfig: Setting CVar [[r.Tonemapper.Quality:5]]
[2019.04.11-12.08.39:327][  0]LogConfig: Setting CVar [[r.DOF.Gather.AccumulatorQuality:1        ; higher gathering accumulator quality]]
[2019.04.11-12.08.39:327][  0]LogConfig: Setting CVar [[r.DOF.Gather.PostfilterMethod:1          ; Median3x3 postfilering method]]
[2019.04.11-12.08.39:327][  0]LogConfig: Setting CVar [[r.DOF.Gather.EnableBokehSettings:0       ; no bokeh simulation when gathering]]
[2019.04.11-12.08.39:327][  0]LogConfig: Setting CVar [[r.DOF.Gather.RingCount:4                 ; medium number of samples when gathering]]
[2019.04.11-12.08.39:327][  0]LogConfig: Setting CVar [[r.DOF.Scatter.ForegroundCompositing:1    ; additive foreground scattering]]
[2019.04.11-12.08.39:327][  0]LogConfig: Setting CVar [[r.DOF.Scatter.BackgroundCompositing:2    ; additive background scattering]]
[2019.04.11-12.08.39:327][  0]LogConfig: Setting CVar [[r.DOF.Scatter.EnableBokehSettings:1      ; bokeh simulation when scattering]]
[2019.04.11-12.08.39:327][  0]LogConfig: Setting CVar [[r.DOF.Scatter.MaxSpriteRatio:0.1         ; only a maximum of 10% of scattered bokeh]]
[2019.04.11-12.08.39:327][  0]LogConfig: Setting CVar [[r.DOF.Recombine.Quality:1                ; cheap slight out of focus]]
[2019.04.11-12.08.39:327][  0]LogConfig: Setting CVar [[r.DOF.Recombine.EnableBokehSettings:0    ; no bokeh simulation on slight out of focus]]
[2019.04.11-12.08.39:327][  0]LogConfig: Setting CVar [[r.DOF.TemporalAAQuality:1                ; more stable temporal accumulation]]
[2019.04.11-12.08.39:327][  0]LogConfig: Setting CVar [[r.DOF.Kernel.MaxForegroundRadius:0.025]]
[2019.04.11-12.08.39:327][  0]LogConfig: Setting CVar [[r.DOF.Kernel.MaxBackgroundRadius:0.025]]
[2019.04.11-12.08.39:327][  0]LogConfig: Applying CVar settings from Section [TextureQuality@3] File [C:/Users/User/Documents/GitHub/Pay-of-Day-Sunscreen/AI Love you/Saved/Config/Windows/Scalability.ini]
[2019.04.11-12.08.39:327][  0]LogConfig: Setting CVar [[r.Streaming.MipBias:0]]
[2019.04.11-12.08.39:327][  0]LogConfig: Setting CVar [[r.Streaming.AmortizeCPUToGPUCopy:0]]
[2019.04.11-12.08.39:327][  0]LogConfig: Setting CVar [[r.Streaming.MaxNumTexturesToStreamPerFrame:0]]
[2019.04.11-12.08.39:327][  0]LogConfig: Setting CVar [[r.Streaming.Boost:1]]
[2019.04.11-12.08.39:327][  0]LogConfig: Setting CVar [[r.MaxAnisotropy:8]]
[2019.04.11-12.08.39:327][  0]LogConfig: Setting CVar [[r.Streaming.LimitPoolSizeToVRAM:0]]
[2019.04.11-12.08.39:327][  0]LogConfig: Setting CVar [[r.Streaming.PoolSize:1000]]
[2019.04.11-12.08.39:327][  0]LogConfig: Setting CVar [[r.Streaming.MaxEffectiveScreenSize:0]]
[2019.04.11-12.08.39:327][  0]LogConfig: Applying CVar settings from Section [EffectsQuality@3] File [C:/Users/User/Documents/GitHub/Pay-of-Day-Sunscreen/AI Love you/Saved/Config/Windows/Scalability.ini]
[2019.04.11-12.08.39:327][  0]LogConfig: Setting CVar [[r.TranslucencyLightingVolumeDim:64]]
[2019.04.11-12.08.39:327][  0]LogConfig: Setting CVar [[r.RefractionQuality:2]]
[2019.04.11-12.08.39:327][  0]LogConfig: Setting CVar [[r.SSR.Quality:3]]
[2019.04.11-12.08.39:327][  0]LogConfig: Setting CVar [[r.SceneColorFormat:4]]
[2019.04.11-12.08.39:327][  0]LogConfig: Setting CVar [[r.DetailMode:2]]
[2019.04.11-12.08.39:327][  0]LogConfig: Setting CVar [[r.TranslucencyVolumeBlur:1]]
[2019.04.11-12.08.39:327][  0]LogConfig: Setting CVar [[r.MaterialQualityLevel:1 ; High quality]]
[2019.04.11-12.08.39:327][  0]LogConfig: Setting CVar [[r.SSS.Scale:1]]
[2019.04.11-12.08.39:327][  0]LogConfig: Setting CVar [[r.SSS.SampleSet:2]]
[2019.04.11-12.08.39:327][  0]LogConfig: Setting CVar [[r.SSS.Quality:1]]
[2019.04.11-12.08.39:327][  0]LogConfig: Setting CVar [[r.SSS.HalfRes:1]]
[2019.04.11-12.08.39:327][  0]LogConfig: Setting CVar [[r.EmitterSpawnRateScale:1.0]]
[2019.04.11-12.08.39:327][  0]LogConfig: Setting CVar [[r.ParticleLightQuality:2]]
[2019.04.11-12.08.39:327][  0]LogConfig: Applying CVar settings from Section [FoliageQuality@3] File [C:/Users/User/Documents/GitHub/Pay-of-Day-Sunscreen/AI Love you/Saved/Config/Windows/Scalability.ini]
[2019.04.11-12.08.39:327][  0]LogConfig: Setting CVar [[foliage.DensityScale:1.0]]
[2019.04.11-12.08.39:327][  0]LogConfig: Setting CVar [[grass.DensityScale:1.0]]
[2019.04.11-12.08.39:335][  0]LogInit: Selected Device Profile: [Windows]
[2019.04.11-12.08.39:335][  0]LogInit: Applying CVar settings loaded from the selected device profile: [Windows]
[2019.04.11-12.08.39:404][  0]LogHAL: Display: Platform has ~ 8 GB [8547753984 / 8589934592 / 8], which maps to Default [LargestMinGB=32, LargerMinGB=12, DefaultMinGB=8, SmallerMinGB=6, SmallestMinGB=0)
[2019.04.11-12.08.39:411][  0]LogConfig: Setting CVar [[r.Vulkan.UseRealUBs:1]]
[2019.04.11-12.08.39:411][  0]LogInit: Going up to parent DeviceProfile []
[2019.04.11-12.08.39:411][  0]LogConfig: Applying CVar settings from Section [ViewDistanceQuality@3] File [C:/Users/User/Documents/GitHub/Pay-of-Day-Sunscreen/AI Love you/Saved/Config/Windows/Scalability.ini]
[2019.04.11-12.08.39:411][  0]LogConfig: Setting CVar [[r.SkeletalMeshLODBias:0]]
[2019.04.11-12.08.39:411][  0]LogConfig: Setting CVar [[r.ViewDistanceScale:1.0]]
[2019.04.11-12.08.39:411][  0]LogConfig: Applying CVar settings from Section [AntiAliasingQuality@3] File [C:/Users/User/Documents/GitHub/Pay-of-Day-Sunscreen/AI Love you/Saved/Config/Windows/Scalability.ini]
[2019.04.11-12.08.39:411][  0]LogConfig: Setting CVar [[r.PostProcessAAQuality:4]]
[2019.04.11-12.08.39:411][  0]LogConfig: Applying CVar settings from Section [ShadowQuality@3] File [C:/Users/User/Documents/GitHub/Pay-of-Day-Sunscreen/AI Love you/Saved/Config/Windows/Scalability.ini]
[2019.04.11-12.08.39:411][  0]LogConfig: Setting CVar [[r.LightFunctionQuality:1]]
[2019.04.11-12.08.39:411][  0]LogConfig: Setting CVar [[r.ShadowQuality:5]]
[2019.04.11-12.08.39:411][  0]LogConfig: Setting CVar [[r.Shadow.CSM.MaxCascades:10]]
[2019.04.11-12.08.39:411][  0]LogConfig: Setting CVar [[r.Shadow.MaxResolution:2048]]
[2019.04.11-12.08.39:411][  0]LogConfig: Setting CVar [[r.Shadow.MaxCSMResolution:2048]]
[2019.04.11-12.08.39:411][  0]LogConfig: Setting CVar [[r.Shadow.RadiusThreshold:0.01]]
[2019.04.11-12.08.39:411][  0]LogConfig: Setting CVar [[r.Shadow.DistanceScale:1.0]]
[2019.04.11-12.08.39:411][  0]LogConfig: Setting CVar [[r.Shadow.CSM.TransitionScale:1.0]]
[2019.04.11-12.08.39:411][  0]LogConfig: Setting CVar [[r.Shadow.PreShadowResolutionFactor:1.0]]
[2019.04.11-12.08.39:411][  0]LogConfig: Setting CVar [[r.DistanceFieldShadowing:1]]
[2019.04.11-12.08.39:411][  0]LogConfig: Setting CVar [[r.DistanceFieldAO:1]]
[2019.04.11-12.08.39:411][  0]LogConfig: Setting CVar [[r.AOQuality:2]]
[2019.04.11-12.08.39:411][  0]LogConfig: Setting CVar [[r.VolumetricFog:1]]
[2019.04.11-12.08.39:411][  0]LogConfig: Setting CVar [[r.VolumetricFog.GridPixelSize:8]]
[2019.04.11-12.08.39:411][  0]LogConfig: Setting CVar [[r.VolumetricFog.GridSizeZ:128]]
[2019.04.11-12.08.39:411][  0]LogConfig: Setting CVar [[r.VolumetricFog.HistoryMissSupersampleCount:4]]
[2019.04.11-12.08.39:411][  0]LogConfig: Setting CVar [[r.LightMaxDrawDistanceScale:1]]
[2019.04.11-12.08.39:411][  0]LogConfig: Setting CVar [[r.CapsuleShadows:1]]
[2019.04.11-12.08.39:411][  0]LogConfig: Applying CVar settings from Section [PostProcessQuality@3] File [C:/Users/User/Documents/GitHub/Pay-of-Day-Sunscreen/AI Love you/Saved/Config/Windows/Scalability.ini]
[2019.04.11-12.08.39:411][  0]LogConfig: Setting CVar [[r.MotionBlurQuality:4]]
[2019.04.11-12.08.39:411][  0]LogConfig: Setting CVar [[r.AmbientOcclusionMipLevelFactor:0.4]]
[2019.04.11-12.08.39:411][  0]LogConfig: Setting CVar [[r.AmbientOcclusionMaxQuality:100]]
[2019.04.11-12.08.39:411][  0]LogConfig: Setting CVar [[r.AmbientOcclusionLevels:-1]]
[2019.04.11-12.08.39:411][  0]LogConfig: Setting CVar [[r.AmbientOcclusionRadiusScale:1.0]]
[2019.04.11-12.08.39:411][  0]LogConfig: Setting CVar [[r.DepthOfFieldQuality:2]]
[2019.04.11-12.08.39:412][  0]LogConfig: Setting CVar [[r.RenderTargetPoolMin:400]]
[2019.04.11-12.08.39:412][  0]LogConfig: Setting CVar [[r.LensFlareQuality:2]]
[2019.04.11-12.08.39:412][  0]LogConfig: Setting CVar [[r.SceneColorFringeQuality:1]]
[2019.04.11-12.08.39:412][  0]LogConfig: Setting CVar [[r.EyeAdaptationQuality:2]]
[2019.04.11-12.08.39:412][  0]LogConfig: Setting CVar [[r.BloomQuality:5]]
[2019.04.11-12.08.39:412][  0]LogConfig: Setting CVar [[r.FastBlurThreshold:100]]
[2019.04.11-12.08.39:412][  0]LogConfig: Setting CVar [[r.Upscale.Quality:3]]
[2019.04.11-12.08.39:412][  0]LogConfig: Setting CVar [[r.Tonemapper.GrainQuantization:1]]
[2019.04.11-12.08.39:412][  0]LogConfig: Setting CVar [[r.LightShaftQuality:1]]
[2019.04.11-12.08.39:412][  0]LogConfig: Setting CVar [[r.Filter.SizeScale:1]]
[2019.04.11-12.08.39:412][  0]LogConfig: Setting CVar [[r.Tonemapper.Quality:5]]
[2019.04.11-12.08.39:412][  0]LogConfig: Setting CVar [[r.DOF.Gather.AccumulatorQuality:1        ; higher gathering accumulator quality]]
[2019.04.11-12.08.39:412][  0]LogConfig: Setting CVar [[r.DOF.Gather.PostfilterMethod:1          ; Median3x3 postfilering method]]
[2019.04.11-12.08.39:412][  0]LogConfig: Setting CVar [[r.DOF.Gather.EnableBokehSettings:0       ; no bokeh simulation when gathering]]
[2019.04.11-12.08.39:412][  0]LogConfig: Setting CVar [[r.DOF.Gather.RingCount:4                 ; medium number of samples when gathering]]
[2019.04.11-12.08.39:412][  0]LogConfig: Setting CVar [[r.DOF.Scatter.ForegroundCompositing:1    ; additive foreground scattering]]
[2019.04.11-12.08.39:412][  0]LogConfig: Setting CVar [[r.DOF.Scatter.BackgroundCompositing:2    ; additive background scattering]]
[2019.04.11-12.08.39:412][  0]LogConfig: Setting CVar [[r.DOF.Scatter.EnableBokehSettings:1      ; bokeh simulation when scattering]]
[2019.04.11-12.08.39:412][  0]LogConfig: Setting CVar [[r.DOF.Scatter.MaxSpriteRatio:0.1         ; only a maximum of 10% of scattered bokeh]]
[2019.04.11-12.08.39:412][  0]LogConfig: Setting CVar [[r.DOF.Recombine.Quality:1                ; cheap slight out of focus]]
[2019.04.11-12.08.39:412][  0]LogConfig: Setting CVar [[r.DOF.Recombine.EnableBokehSettings:0    ; no bokeh simulation on slight out of focus]]
[2019.04.11-12.08.39:412][  0]LogConfig: Setting CVar [[r.DOF.TemporalAAQuality:1                ; more stable temporal accumulation]]
[2019.04.11-12.08.39:412][  0]LogConfig: Setting CVar [[r.DOF.Kernel.MaxForegroundRadius:0.025]]
[2019.04.11-12.08.39:412][  0]LogConfig: Setting CVar [[r.DOF.Kernel.MaxBackgroundRadius:0.025]]
[2019.04.11-12.08.39:412][  0]LogConfig: Applying CVar settings from Section [TextureQuality@3] File [C:/Users/User/Documents/GitHub/Pay-of-Day-Sunscreen/AI Love you/Saved/Config/Windows/Scalability.ini]
[2019.04.11-12.08.39:412][  0]LogConfig: Setting CVar [[r.Streaming.MipBias:0]]
[2019.04.11-12.08.39:412][  0]LogConfig: Setting CVar [[r.Streaming.AmortizeCPUToGPUCopy:0]]
[2019.04.11-12.08.39:412][  0]LogConfig: Setting CVar [[r.Streaming.MaxNumTexturesToStreamPerFrame:0]]
[2019.04.11-12.08.39:412][  0]LogConfig: Setting CVar [[r.Streaming.Boost:1]]
[2019.04.11-12.08.39:412][  0]LogConfig: Setting CVar [[r.MaxAnisotropy:8]]
[2019.04.11-12.08.39:412][  0]LogConfig: Setting CVar [[r.Streaming.LimitPoolSizeToVRAM:0]]
[2019.04.11-12.08.39:412][  0]LogConfig: Setting CVar [[r.Streaming.PoolSize:1000]]
[2019.04.11-12.08.39:412][  0]LogConfig: Setting CVar [[r.Streaming.MaxEffectiveScreenSize:0]]
[2019.04.11-12.08.39:412][  0]LogConfig: Applying CVar settings from Section [EffectsQuality@3] File [C:/Users/User/Documents/GitHub/Pay-of-Day-Sunscreen/AI Love you/Saved/Config/Windows/Scalability.ini]
[2019.04.11-12.08.39:412][  0]LogConfig: Setting CVar [[r.TranslucencyLightingVolumeDim:64]]
[2019.04.11-12.08.39:412][  0]LogConfig: Setting CVar [[r.RefractionQuality:2]]
[2019.04.11-12.08.39:412][  0]LogConfig: Setting CVar [[r.SSR.Quality:3]]
[2019.04.11-12.08.39:412][  0]LogConfig: Setting CVar [[r.SceneColorFormat:4]]
[2019.04.11-12.08.39:412][  0]LogConfig: Setting CVar [[r.DetailMode:2]]
[2019.04.11-12.08.39:412][  0]LogConfig: Setting CVar [[r.TranslucencyVolumeBlur:1]]
[2019.04.11-12.08.39:412][  0]LogConfig: Setting CVar [[r.MaterialQualityLevel:1 ; High quality]]
[2019.04.11-12.08.39:412][  0]LogConfig: Setting CVar [[r.SSS.Scale:1]]
[2019.04.11-12.08.39:412][  0]LogConfig: Setting CVar [[r.SSS.SampleSet:2]]
[2019.04.11-12.08.39:412][  0]LogConfig: Setting CVar [[r.SSS.Quality:1]]
[2019.04.11-12.08.39:412][  0]LogConfig: Setting CVar [[r.SSS.HalfRes:1]]
[2019.04.11-12.08.39:412][  0]LogConfig: Setting CVar [[r.EmitterSpawnRateScale:1.0]]
[2019.04.11-12.08.39:412][  0]LogConfig: Setting CVar [[r.ParticleLightQuality:2]]
[2019.04.11-12.08.39:412][  0]LogConfig: Applying CVar settings from Section [FoliageQuality@3] File [C:/Users/User/Documents/GitHub/Pay-of-Day-Sunscreen/AI Love you/Saved/Config/Windows/Scalability.ini]
[2019.04.11-12.08.39:412][  0]LogConfig: Setting CVar [[foliage.DensityScale:1.0]]
[2019.04.11-12.08.39:412][  0]LogConfig: Setting CVar [[grass.DensityScale:1.0]]
[2019.04.11-12.08.39:412][  0]LogConfig: Applying CVar settings from Section [Startup] File [../../../Engine/Config/ConsoleVariables.ini]
[2019.04.11-12.08.39:426][  0]LogConfig: Setting CVar [[net.UseAdaptiveNetUpdateFrequency:0]]
[2019.04.11-12.08.39:426][  0]LogConfig: Applying CVar settings from Section [ConsoleVariables] File [C:/Users/User/Documents/GitHub/Pay-of-Day-Sunscreen/AI Love you/Saved/Config/Windows/Engine.ini]
[2019.04.11-12.08.39:470][  0]LogInit: Computer: COMPUTER1
[2019.04.11-12.08.39:470][  0]LogInit: User: User
[2019.04.11-12.08.39:470][  0]LogInit: CPU Page size=4096, Cores=4
[2019.04.11-12.08.39:470][  0]LogInit: High frequency timer resolution =3.328128 MHz
[2019.04.11-12.08.39:470][  0]LogMemory: Memory total: Physical=8.0GB (8GB approx)
[2019.04.11-12.08.39:470][  0]LogMemory: Platform Memory Stats for Windows
[2019.04.11-12.08.39:470][  0]LogMemory: Process Physical Memory: 109.42 MB used, 109.42 MB peak
[2019.04.11-12.08.39:470][  0]LogMemory: Process Virtual Memory: 93.14 MB used, 93.14 MB peak
[2019.04.11-12.08.39:470][  0]LogMemory: Physical Memory: 3422.14 MB used,  4729.64 MB free, 8151.77 MB total
[2019.04.11-12.08.39:470][  0]LogMemory: Virtual Memory: 4669.10 MB used,  134213056.00 MB free, 134217728.00 MB total
[2019.04.11-12.08.40:632][  0]LogInit: Using OS detected language (en-US).
[2019.04.11-12.08.40:632][  0]LogInit: Using OS detected locale (en-US).
[2019.04.11-12.08.40:743][  0]LogTextLocalizationManager: No specific localization for 'en-US' exists, so the 'en' localization will be used.
[2019.04.11-12.08.41:881][  0]LogStreaming: Display: Took  1.234s to InitEngineTextLocalization.
[2019.04.11-12.08.41:891][  0]LogInit: Setting process to per monitor DPI aware
[2019.04.11-12.08.42:646][  0]LogSlate: New Slate User Created.  User Index 0, Is Virtual User: 0
[2019.04.11-12.08.42:646][  0]LogSlate: Slate User Registered.  User Index 0, Is Virtual User: 0
[2019.04.11-12.08.47:834][  0]LogD3D11RHI: D3D11 adapters:
[2019.04.11-12.08.47:941][  0]LogD3D11RHI:    0. 'NVIDIA GeForce GTX 1070' (Feature Level 11_0)
[2019.04.11-12.08.47:941][  0]LogD3D11RHI:       8088/0/4075 MB DedicatedVideo/DedicatedSystem/SharedSystem, Outputs:1, VendorId:0x10de
[2019.04.11-12.08.47:943][  0]LogD3D11RHI:    1. 'Microsoft Basic Render Driver' (Feature Level 11_0)
[2019.04.11-12.08.47:943][  0]LogD3D11RHI:       0/0/4075 MB DedicatedVideo/DedicatedSystem/SharedSystem, Outputs:0, VendorId:0x1414
[2019.04.11-12.08.47:943][  0]LogD3D11RHI: Chosen D3D11 Adapter: 0
[2019.04.11-12.08.47:989][  0]LogD3D11RHI: Creating new Direct3DDevice
[2019.04.11-12.08.47:989][  0]LogD3D11RHI:     GPU DeviceId: 0x1b81 (for the marketing name, search the web for "GPU Device Id")
[2019.04.11-12.08.47:989][  0]LogWindows: EnumDisplayDevices:
[2019.04.11-12.08.47:989][  0]LogWindows:    0. 'NVIDIA GeForce GTX 1070' (P:1 D:1)
[2019.04.11-12.08.47:989][  0]LogWindows:    1. 'NVIDIA GeForce GTX 1070' (P:0 D:0)
[2019.04.11-12.08.47:990][  0]LogWindows:    2. 'NVIDIA GeForce GTX 1070' (P:0 D:0)
[2019.04.11-12.08.47:990][  0]LogWindows:    3. 'NVIDIA GeForce GTX 1070' (P:0 D:0)
[2019.04.11-12.08.47:990][  0]LogWindows: DebugString: FoundDriverCount:4 
[2019.04.11-12.08.47:990][  0]LogD3D11RHI:     Adapter Name: NVIDIA GeForce GTX 1070
[2019.04.11-12.08.47:993][  0]LogD3D11RHI:   Driver Version: 391.24 (internal:23.21.13.9124, unified:391.24)
[2019.04.11-12.08.47:993][  0]LogD3D11RHI:      Driver Date: 3-15-2018
[2019.04.11-12.08.47:994][  0]LogRHI: Texture pool is 5661 MB (70% of 8088 MB)
[2019.04.11-12.08.48:182][  0]LogD3D11RHI: Async texture creation enabled
[2019.04.11-12.08.49:216][  0]LogD3D11RHI: GPU Timing Frequency: 1000.000000 (Debug: 2 2)
[2019.04.11-12.08.51:787][  0]LogTemp: Display: Loaded TP AllDesktopTargetPlatform
[2019.04.11-12.08.51:855][  0]LogTemp: Display: Loaded TP MacClientTargetPlatform
[2019.04.11-12.08.51:889][  0]LogTemp: Display: Loaded TP MacNoEditorTargetPlatform
[2019.04.11-12.08.51:996][  0]LogTemp: Display: Loaded TP MacServerTargetPlatform
[2019.04.11-12.08.52:056][  0]LogTemp: Display: Loaded TP MacTargetPlatform
[2019.04.11-12.08.52:151][  0]LogTemp: Display: Loaded TP WindowsClientTargetPlatform
[2019.04.11-12.08.52:187][  0]LogTemp: Display: Loaded TP WindowsNoEditorTargetPlatform
[2019.04.11-12.08.52:230][  0]LogTemp: Display: Loaded TP WindowsServerTargetPlatform
[2019.04.11-12.08.52:278][  0]LogTemp: Display: Loaded TP WindowsTargetPlatform
[2019.04.11-12.08.52:628][  0]LogTemp: Display: Loaded TP AndroidTargetPlatform
[2019.04.11-12.08.52:628][  0]LogTemp: Display: Loaded TP AndroidTargetPlatform
[2019.04.11-12.08.52:628][  0]LogTemp: Display: Loaded TP AndroidTargetPlatform
[2019.04.11-12.08.52:628][  0]LogTemp: Display: Loaded TP AndroidTargetPlatform
[2019.04.11-12.08.52:628][  0]LogTemp: Display: Loaded TP AndroidTargetPlatform
[2019.04.11-12.08.52:628][  0]LogTemp: Display: Loaded TP AndroidTargetPlatform
[2019.04.11-12.08.52:628][  0]LogTemp: Display: Loaded TP AndroidTargetPlatform
[2019.04.11-12.08.52:628][  0]LogTemp: Display: Loaded TP AndroidTargetPlatform
[2019.04.11-12.08.52:628][  0]LogTemp: Display: Loaded TP AndroidTargetPlatform
[2019.04.11-12.08.52:628][  0]LogTemp: Display: Loaded TP AndroidTargetPlatform
[2019.04.11-12.08.52:628][  0]LogTemp: Display: Loaded TP AndroidTargetPlatform
[2019.04.11-12.08.52:628][  0]LogTemp: Display: Loaded TP AndroidTargetPlatform
[2019.04.11-12.08.52:628][  0]LogTemp: Display: Loaded TP AndroidTargetPlatform
[2019.04.11-12.08.52:628][  0]LogTemp: Display: Loaded TP AndroidTargetPlatform
[2019.04.11-12.08.52:628][  0]LogTemp: Display: Loaded TP AndroidTargetPlatform
[2019.04.11-12.08.52:628][  0]LogTemp: Display: Loaded TP AndroidTargetPlatform
[2019.04.11-12.08.52:628][  0]LogTemp: Display: Loaded TP AndroidTargetPlatform
[2019.04.11-12.08.52:628][  0]LogTemp: Display: Loaded TP AndroidTargetPlatform
[2019.04.11-12.08.52:679][  0]LogTemp: Display: Loaded TP HTML5TargetPlatform
[2019.04.11-12.08.53:055][  0]LogTemp: Display: Loaded TP IOSTargetPlatform
[2019.04.11-12.08.53:055][  0]LogTemp: Display: Loaded TP IOSTargetPlatform
[2019.04.11-12.08.53:083][  0]LogTemp: Display: Loaded TP TVOSTargetPlatform
[2019.04.11-12.08.53:083][  0]LogTemp: Display: Loaded TP TVOSTargetPlatform
[2019.04.11-12.08.53:189][  0]LogTemp: Display: Loaded TP LinuxClientTargetPlatform
[2019.04.11-12.08.53:207][  0]LogTemp: Display: Loaded TP LinuxNoEditorTargetPlatform
[2019.04.11-12.08.53:243][  0]LogTemp: Display: Loaded TP LinuxServerTargetPlatform
[2019.04.11-12.08.53:332][  0]LogTemp: Display: Loaded TP LinuxTargetPlatform
[2019.04.11-12.08.53:500][  0]LogTemp: Display: Loaded TP LuminTargetPlatform
[2019.04.11-12.08.53:500][  0]LogTemp: Display: Loaded TP LuminTargetPlatform
[2019.04.11-12.08.53:500][  0]LogTargetPlatformManager: Display: Building Assets For Windows
[2019.04.11-12.08.54:869][  0]LogShaderCompilers: Guid format shader working directory is -32 characters bigger than the processId version (../../../../../../Users/User/Documents/GitHub/Pay-of-Day-Sunscreen/AI Love you/Intermediate/Shaders/WorkingDirectory/864/).
[2019.04.11-12.08.54:870][  0]LogShaderCompilers: Cleaned the shader compiler working directory 'C:/Users/User/AppData/Local/Temp/UnrealShaderWorkingDir/6B45D14347359D985E6A179C365E0B26/'.
[2019.04.11-12.08.54:902][  0]LogXGEController: Cleaning working directory: C:/Users/User/AppData/Local/Temp/UnrealXGEWorkingDir/
[2019.04.11-12.08.54:902][  0]LogXGEController: Cannot use XGE Controller as Incredibuild is not installed on this machine.
[2019.04.11-12.08.54:902][  0]LogShaderCompilers: Cannot use XGE Shader Compiler as Incredibuild is not installed on this machine.
[2019.04.11-12.08.54:902][  0]LogShaderCompilers: Display: Using Local Shader Compiler.
[2019.04.11-12.08.59:727][  0]LogDerivedDataCache: Display: Max Cache Size: 512 MB
[2019.04.11-12.09.00:505][  0]LogDerivedDataCache: Loaded boot cache 0.77s 71MB C:/Users/User/AppData/Local/UnrealEngine/4.21/DerivedDataCache/Boot.ddc.
[2019.04.11-12.09.00:505][  0]LogDerivedDataCache: Display: Loaded Boot cache: C:/Users/User/AppData/Local/UnrealEngine/4.21/DerivedDataCache/Boot.ddc
[2019.04.11-12.09.00:505][  0]LogDerivedDataCache: FDerivedDataBackendGraph:  Pak pak cache file ../../../../../../Users/User/Documents/GitHub/Pay-of-Day-Sunscreen/AI Love you/DerivedDataCache/DDC.ddp not found, will not use a pak cache.
[2019.04.11-12.09.00:505][  0]LogDerivedDataCache: Unable to find inner node Pak for hierarchical cache Hierarchy.
[2019.04.11-12.09.00:505][  0]LogDerivedDataCache: FDerivedDataBackendGraph:  CompressedPak pak cache file ../../../../../../Users/User/Documents/GitHub/Pay-of-Day-Sunscreen/AI Love you/DerivedDataCache/Compressed.ddp not found, will not use a pak cache.
[2019.04.11-12.09.00:505][  0]LogDerivedDataCache: Unable to find inner node CompressedPak for hierarchical cache Hierarchy.
[2019.04.11-12.09.00:585][  0]LogDerivedDataCache: Display: Pak cache opened for reading ../../../Engine/DerivedDataCache/Compressed.ddp.
[2019.04.11-12.09.00:585][  0]LogDerivedDataCache: FDerivedDataBackendGraph:  EnterprisePak pak cache file ../../../Enterprise/DerivedDataCache/Compressed.ddp not found, will not use a pak cache.
[2019.04.11-12.09.00:585][  0]LogDerivedDataCache: Unable to find inner node EnterprisePak for hierarchical cache Hierarchy.
[2019.04.11-12.09.00:629][  0]LogDerivedDataCache: Using Local data cache path C:/Users/User/AppData/Local/UnrealEngine/Common/DerivedDataCache: Writable
[2019.04.11-12.09.00:629][  0]LogDerivedDataCache: Shared data cache path not found in *engine.ini, will not use an Shared cache.
[2019.04.11-12.09.00:629][  0]LogDerivedDataCache: Unable to find inner node Shared for hierarchical cache Hierarchy.
[2019.04.11-12.09.00:717][  0]LogMaterial: Verifying Global Shaders for PCD3D_SM5
[2019.04.11-12.09.00:797][  0]LogSlate: Using FreeType 2.6.0
[2019.04.11-12.09.00:869][  0]LogSlate: SlateFontServices - WITH_FREETYPE: 1, WITH_HARFBUZZ: 1
[2019.04.11-12.09.02:271][  0]LogAssetRegistry: FAssetRegistry took 0.0366 seconds to start up
[2019.04.11-12.09.05:148][  0]LogInit: Selected Device Profile: [Windows]
[2019.04.11-12.09.07:870][  0]LogSimplygon: Simplygon DLL not present - disabling.
[2019.04.11-12.09.08:043][  0]LogMeshReduction: Using SimplygonSwarm for distributed automatic mesh merging
[2019.04.11-12.09.08:044][  0]LogMeshReduction: Using ProxyLODMeshReduction for automatic mesh merging
[2019.04.11-12.09.08:055][  0]LogMeshReduction: Using QuadricMeshReduction for automatic static mesh reduction
[2019.04.11-12.09.08:055][  0]LogMeshReduction: No automatic skeletal mesh reduction module available
[2019.04.11-12.09.08:558][  0]LogNetVersion: AILoveYou 1.0.0, NetCL: 4541578, EngineNetVer: 5, GameNetVer: 0 (Checksum: 696492445)
[2019.04.11-12.09.13:378][  0]LogPackageLocalizationCache: Processed 11 localized package path(s) for 2 prioritized culture(s) in 0.159058 seconds
[2019.04.11-12.09.13:401][  0]LogUObjectArray: 39775 objects as part of root set at end of initial load.
[2019.04.11-12.09.13:401][  0]LogUObjectAllocator: 6914656 out of 0 bytes used by permanent object pool.
[2019.04.11-12.09.13:401][  0]LogUObjectArray: CloseDisregardForGC: 0/0 objects in disregard for GC pool
[2019.04.11-12.09.39:709][  0]LogTcpMessaging: Initializing TcpMessaging bridge
[2019.04.11-12.09.39:741][  0]LogUdpMessaging: Initializing bridge on interface 0.0.0.0:0 to multicast group 230.0.0.1:6666.
[2019.04.11-12.09.41:853][  0]SourceControl: Source control is disabled
[2019.04.11-12.09.41:853][  0]SourceControl: Source control is disabled
[2019.04.11-12.09.41:908][  0]SourceControl: Source control is disabled
[2019.04.11-12.09.41:915][  0]SourceControl: Source control is disabled
[2019.04.11-12.09.42:990][  0]LogAndroidPermission: UAndroidPermissionCallbackProxy::GetInstance
[2019.04.11-12.09.43:103][  0]LogOcInput: OculusInput pre-init called
[2019.04.11-12.09.44:578][  0]LogEngine: Initializing Engine...
[2019.04.11-12.09.44:680][  0]LogHMD: Oculus plugin initialized. Version: 4.21.2-4753647+++UE4+Release-4.21, OVRPlugin: 1.28.0
[2019.04.11-12.09.44:691][  0]LogStats: UGameplayTagsManager::ConstructGameplayTagTree: ImportINI prefixes -  0.000 s
[2019.04.11-12.09.44:691][  0]LogStats: UGameplayTagsManager::ConstructGameplayTagTree: Construct from data asset -  0.000 s
[2019.04.11-12.09.44:691][  0]LogStats: UGameplayTagsManager::ConstructGameplayTagTree: ImportINI -  0.000 s
[2019.04.11-12.09.44:691][  0]LogStats: UGameplayTagsManager::ConstructGameplayTagTree: GameplayTagTreeChangedEvent.Broadcast -  0.000 s
[2019.04.11-12.09.46:345][  0]LogInit: Initializing FReadOnlyCVARCache
[2019.04.11-12.09.46:674][  0]LogAIModule: Creating AISystem for world Untitled
[2019.04.11-12.09.46:837][  0]LogInit: XAudio2 using 'Headphones (Rift Audio)' : 2 channels at 48 kHz using 16 bits per sample (channel mask 0x3)
[2019.04.11-12.09.47:477][  0]LogInit: FAudioDevice initialized.
[2019.04.11-12.09.47:478][  0]LogNetVersion: Set ProjectVersion to 1.0.0.0. Version Checksum will be recalculated on next use.
[2019.04.11-12.09.48:776][  0]LogDerivedDataCache: Saved boot cache 1.30s 71MB C:/Users/User/AppData/Local/UnrealEngine/4.21/DerivedDataCache/Boot.ddc.
[2019.04.11-12.09.48:833][  0]LogInit: Texture streaming: Enabled
[2019.04.11-12.09.49:346][  0]LogEngineSessionManager: EngineSessionManager initialized
[2019.04.11-12.09.49:598][  0]LogInit: Transaction tracking system initialized
[2019.04.11-12.09.49:860][  0]BlueprintLog: New page: Editor Load
[2019.04.11-12.09.50:770][  0]LocalizationService: Localization service is disabled
[2019.04.11-12.09.53:881][  0]LogFileCache: Scanning file cache for directory 'C:/Users/User/Documents/GitHub/Pay-of-Day-Sunscreen/AI Love you/Content/' took 0.03s
[2019.04.11-12.09.53:881][  0]LogCook: Display: Max memory allowance for cook 16384mb min free memory 0mb
[2019.04.11-12.09.53:881][  0]LogCook: Display: Mobile HDR setting 1
[2019.04.11-12.09.53:881][  0]LogGameplayTags: Display: UGameplayTagsManager::DoneAddingNativeTags. DelegateIsBound: 0
[2019.04.11-12.09.53:881][  0]LogStats: UGameplayTagsManager::ConstructGameplayTagTree: ImportINI prefixes -  0.000 s
[2019.04.11-12.09.53:881][  0]LogStats: UGameplayTagsManager::ConstructGameplayTagTree: Construct from data asset -  0.000 s
[2019.04.11-12.09.53:881][  0]LogStats: UGameplayTagsManager::ConstructGameplayTagTree: ImportINI -  0.000 s
[2019.04.11-12.09.53:881][  0]LogStats: UGameplayTagsManager::ConstructGameplayTagTree: GameplayTagTreeChangedEvent.Broadcast -  0.000 s
[2019.04.11-12.09.55:999][  0]SourceControl: Source control is disabled
[2019.04.11-12.09.56:022][  0]Cmd: MAP LOAD FILE="../../../Engine/Content/Maps/Templates/Template_Default.umap" TEMPLATE=1 SHOWPROGRESS=1 FEATURELEVEL=3
[2019.04.11-12.09.56:106][  0]LightingResults: New page: Lighting Build
[2019.04.11-12.09.56:243][  0]MapCheck: New page: Map Check
[2019.04.11-12.09.56:243][  0]LightingResults: New page: Lighting Build
[2019.04.11-12.09.57:592][  0]LogAIModule: Creating AISystem for world Untitled_1
[2019.04.11-12.09.58:148][  0]LogEditorServer: Finished looking for orphan Actors (0.000 secs)
[2019.04.11-12.09.58:222][  0]Cmd: MAP CHECKDEP NOCLEARLOG
[2019.04.11-12.09.58:222][  0]MapCheck: Map check complete: 0 Error(s), 0 Warning(s), took 0.123ms to complete.
[2019.04.11-12.09.58:222][  0]LogFileHelpers: Loading map 'Template_Default' took 2.219
[2019.04.11-12.09.59:259][  0]LogSlate: Updating window title bar state: overlay mode, drag disabled, window buttons hidden, title bar hidden
[2019.04.11-12.09.59:281][  0]LogSlate: Updating window title bar state: overlay mode, drag disabled, window buttons hidden, title bar hidden
[2019.04.11-12.09.59:287][  0]LogSlate: Updating window title bar state: overlay mode, drag disabled, window buttons hidden, title bar hidden
[2019.04.11-12.09.59:293][  0]LogSlate: Updating window title bar state: overlay mode, drag disabled, window buttons hidden, title bar hidden
[2019.04.11-12.09.59:448][  0]LogCollectionManager: Loaded 0 collections in 0.017519 seconds
[2019.04.11-12.09.59:552][  0]LogFileCache: Scanning file cache for directory 'C:/Users/User/Documents/GitHub/Pay-of-Day-Sunscreen/AI Love you/Saved/Collections/' took 0.01s
[2019.04.11-12.09.59:552][  0]LogFileCache: Scanning file cache for directory 'C:/Users/User/Documents/GitHub/Pay-of-Day-Sunscreen/AI Love you/Content/Developers/User/Collections/' took 0.01s
[2019.04.11-12.09.59:552][  0]LogFileCache: Scanning file cache for directory 'C:/Users/User/Documents/GitHub/Pay-of-Day-Sunscreen/AI Love you/Content/Collections/' took 0.00s
[2019.04.11-12.09.59:552][  0]LogCollectionManager: Rebuilt the GUID cache for 0 collections in 0.000000 seconds
[2019.04.11-12.09.59:564][  0]LogContentBrowser: Native class hierarchy populated in 0.0089 seconds. Added 2651 classes and 620 folders.
[2019.04.11-12.09.59:641][  0]LogContentBrowser: Native class hierarchy updated for 'WidgetCarousel' in 0.0002 seconds. Added 0 classes and 0 folders.
[2019.04.11-12.09.59:747][  0]LogPakFile: Registered encryption key '00000000000000000000000000000000': 0 pak files mounted, 0 remain pending
[2019.04.11-12.09.59:785][  0]LogPakFile: Registered encryption key '00000000000000000000000000000000': 0 pak files mounted, 0 remain pending
[2019.04.11-12.09.59:798][  0]LogPakFile: Registered encryption key '00000000000000000000000000000000': 0 pak files mounted, 0 remain pending
[2019.04.11-12.09.59:802][  0]LogPakFile: Registered encryption key '00000000000000000000000000000000': 0 pak files mounted, 0 remain pending
[2019.04.11-12.09.59:806][  0]LogPakFile: Registered encryption key '00000000000000000000000000000000': 0 pak files mounted, 0 remain pending
[2019.04.11-12.09.59:810][  0]LogPakFile: Registered encryption key '00000000000000000000000000000000': 0 pak files mounted, 0 remain pending
[2019.04.11-12.09.59:814][  0]LogPakFile: Registered encryption key '00000000000000000000000000000000': 0 pak files mounted, 0 remain pending
[2019.04.11-12.09.59:817][  0]LogPakFile: Registered encryption key '00000000000000000000000000000000': 0 pak files mounted, 0 remain pending
[2019.04.11-12.09.59:822][  0]LogPakFile: Registered encryption key '00000000000000000000000000000000': 0 pak files mounted, 0 remain pending
[2019.04.11-12.09.59:826][  0]LogPakFile: Registered encryption key '00000000000000000000000000000000': 0 pak files mounted, 0 remain pending
[2019.04.11-12.09.59:830][  0]LogPakFile: Registered encryption key '00000000000000000000000000000000': 0 pak files mounted, 0 remain pending
[2019.04.11-12.09.59:833][  0]LogPakFile: Registered encryption key '00000000000000000000000000000000': 0 pak files mounted, 0 remain pending
[2019.04.11-12.09.59:838][  0]LogPakFile: Registered encryption key '00000000000000000000000000000000': 0 pak files mounted, 0 remain pending
[2019.04.11-12.09.59:842][  0]LogPakFile: Registered encryption key '00000000000000000000000000000000': 0 pak files mounted, 0 remain pending
[2019.04.11-12.09.59:846][  0]LogPakFile: Registered encryption key '00000000000000000000000000000000': 0 pak files mounted, 0 remain pending
[2019.04.11-12.09.59:850][  0]LogPakFile: Registered encryption key '00000000000000000000000000000000': 0 pak files mounted, 0 remain pending
[2019.04.11-12.09.59:866][  0]LogPakFile: Registered encryption key '00000000000000000000000000000000': 0 pak files mounted, 0 remain pending
[2019.04.11-12.09.59:893][  0]LogPakFile: Registered encryption key '00000000000000000000000000000000': 0 pak files mounted, 0 remain pending
[2019.04.11-12.09.59:940][  0]LogPakFile: Registered encryption key '00000000000000000000000000000000': 0 pak files mounted, 0 remain pending
[2019.04.11-12.09.59:944][  0]LogPakFile: Registered encryption key '00000000000000000000000000000000': 0 pak files mounted, 0 remain pending
[2019.04.11-12.09.59:965][  0]LogPakFile: Registered encryption key '00000000000000000000000000000000': 0 pak files mounted, 0 remain pending
[2019.04.11-12.09.59:975][  0]LogPakFile: Registered encryption key '00000000000000000000000000000000': 0 pak files mounted, 0 remain pending
[2019.04.11-12.09.59:979][  0]LogPakFile: Registered encryption key '00000000000000000000000000000000': 0 pak files mounted, 0 remain pending
[2019.04.11-12.09.59:984][  0]LogPakFile: Registered encryption key '00000000000000000000000000000000': 0 pak files mounted, 0 remain pending
[2019.04.11-12.09.59:989][  0]LogPakFile: Registered encryption key '00000000000000000000000000000000': 0 pak files mounted, 0 remain pending
[2019.04.11-12.09.59:993][  0]LogPakFile: Registered encryption key '00000000000000000000000000000000': 0 pak files mounted, 0 remain pending
[2019.04.11-12.10.00:790][  0]LogContentBrowser: Native class hierarchy updated for 'AddContentDialog' in 0.0002 seconds. Added 0 classes and 0 folders.
[2019.04.11-12.10.00:868][  0]LogContentBrowser: Native class hierarchy updated for 'SceneOutliner' in 0.0002 seconds. Added 1 classes and 2 folders.
[2019.04.11-12.10.01:339][  0]LogSlate: Took 0.017165 seconds to synchronously load lazily loaded font '../../../Engine/Content/Slate/Fonts/Roboto-Regular.ttf' (155K)
[2019.04.11-12.10.01:374][  0]LogSlate: Took 0.033874 seconds to synchronously load lazily loaded font '../../../Engine/Content/Slate/Fonts/Roboto-Bold.ttf' (160K)
[2019.04.11-12.10.01:458][  0]LogSlate: Took 0.015443 seconds to synchronously load lazily loaded font '../../../Engine/Content/Editor/Slate/Fonts/FontAwesome.ttf' (139K)
[2019.04.11-12.10.01:926][  0]LogRenderer: Reallocating scene render targets to support 1296x548 Format 10 NumSamples 1 (Frame:1).
[2019.04.11-12.10.02:563][  0]LogContentBrowser: Native class hierarchy updated for 'HierarchicalLODOutliner' in 0.0002 seconds. Added 0 classes and 0 folders.
[2019.04.11-12.10.02:563][  0]LogLoad: (Engine Initialization) Total time: 105.40 seconds
[2019.04.11-12.10.02:563][  0]LogLoad: (Engine Initialization) Total Blueprint compile time: 0.00 seconds
[2019.04.11-12.10.02:629][  0]LogOcInput: OculusInput is initialized
[2019.04.11-12.10.02:747][  0]LogContentStreaming: Texture pool size now 1000 MB
[2019.04.11-12.10.02:847][  0]LogRenderer: Reallocating scene render targets to support 1296x564 Format 10 NumSamples 1 (Frame:3).
[2019.04.11-12.10.02:847][  0]LogSlate: Took 0.017755 seconds to synchronously load lazily loaded font '../../../Engine/Content/Slate/Fonts/Roboto-Light.ttf' (167K)
[2019.04.11-12.10.02:919][  1]LogAssetRegistry: Asset discovery search completed in 60.6692 seconds
[2019.04.11-12.10.02:920][  1]LogCollectionManager: Rebuilt the object cache for 0 collections in 0.000000 seconds (found 0 objects)
[2019.04.11-12.10.02:920][  1]LogCollectionManager: Fixed up redirectors for 0 collections in 0.000042 seconds (updated 0 objects)
[2019.04.11-12.10.54:889][197]LogSlate: FSceneViewport::OnFocusLost() reason 0
[2019.04.11-12.11.09:472][881]LogSlate: Took 0.000203 seconds to synchronously load lazily loaded font '../../../Engine/Content/Slate/Fonts/Roboto-Light.ttf' (167K)
[2019.04.11-12.11.10:517][881]LogBlueprint: Warning: [Compiler Ue4ASP_Character] InputAction Event references unknown Action 'Crouch' for  InputAction Crouch
[2019.04.11-12.11.10:551][881]LogBlueprint: Warning: [Compiler Ue4ASP_Character] [0173.38] Compile of Ue4ASP_Character successful, but with 1 Warning(s) [in 136 ms] (/Game/AnimStarterPack/Ue4ASP_Character.Ue4ASP_Character)
[2019.04.11-12.11.13:248][881]LogLinker: Warning: Can't find file '/Game/FirstPersonBP/Maps/Level1_BuiltData'
[2019.04.11-12.11.13:248][881]LogLinker: Warning: Can't find file for asset '/Game/FirstPersonBP/Maps/Level1_BuiltData' while loading ../../../../../../Users/User/Documents/GitHub/Pay-of-Day-Sunscreen/AI Love you/Content/FirstPersonBP/Maps/Level1.umap.
[2019.04.11-12.11.13:248][881]LoadErrors: Error: /Game/FirstPersonBP/Maps/Level1 : Can't find file for asset. /Game/FirstPersonBP/Maps/Level1_BuiltData
[2019.04.11-12.11.13:251][881]LogLinker: Warning: Can't find file '/Game/FirstPersonBP/Maps/Level1_BuiltData'
[2019.04.11-12.11.13:251][881]LogLinker: Warning: Can't find file for asset '/Game/FirstPersonBP/Maps/Level1_BuiltData' while loading ../../../../../../Users/User/Documents/GitHub/Pay-of-Day-Sunscreen/AI Love you/Content/FirstPersonBP/Maps/Level1.umap.
[2019.04.11-12.11.13:611][881]LogLinker: Warning: Can't find file '/Game/FirstPersonBP/Maps/Level1_BuiltData'
[2019.04.11-12.11.13:611][881]LogLinker: Warning: Can't find file for asset '/Game/FirstPersonBP/Maps/Level1_BuiltData' while loading NULL.
[2019.04.11-12.11.13:611][881]LogLinker: Warning: Can't find file '/Game/FirstPersonBP/Maps/Level1_BuiltData'
[2019.04.11-12.11.13:611][881]LogLinker: Warning: Can't find file for asset '/Game/FirstPersonBP/Maps/Level1_BuiltData' while loading NULL.
[2019.04.11-12.11.14:305][881]LogLinker: Warning: Can't find file '/Game/FirstPersonBP/Maps/Level1_BuiltData'
[2019.04.11-12.11.14:305][881]LoadErrors: Failed to load /Game/FirstPersonBP/Maps/Level1_BuiltData.Level1_BuiltData Referenced by PersistentLevel
[2019.04.11-12.11.14:305][881]LogLinker: Warning: Can't find file for asset '/Game/FirstPersonBP/Maps/Level1_BuiltData' while loading NULL.
[2019.04.11-12.11.18:691][881]LogAIModule: Creating AISystem for world Level1
[2019.04.11-12.11.18:864][881]LogAssetEditorManager: Opening Asset editor for World /Game/FirstPersonBP/Maps/Level1.Level1
[2019.04.11-12.11.18:942][881]Cmd: MAP LOAD FILE="../../../../../../Users/User/Documents/GitHub/Pay-of-Day-Sunscreen/AI Love you/Content/FirstPersonBP/Maps/Level1.umap" TEMPLATE=0 SHOWPROGRESS=1 FEATURELEVEL=3
[2019.04.11-12.11.18:942][881]LightingResults: New page: Lighting Build
[2019.04.11-12.11.18:942][881]LoadErrors: New page: Loading map: Level1.umap
[2019.04.11-12.11.18:949][881]MapCheck: New page: Map Check
[2019.04.11-12.11.18:949][881]LightingResults: New page: Lighting Build
[2019.04.11-12.11.19:098][881]LogEditorServer: Finished looking for orphan Actors (0.000 secs)
[2019.04.11-12.11.19:160][881]Cmd: MAP CHECKDEP NOCLEARLOG
[2019.04.11-12.11.19:161][881]MapCheck: Map check complete: 0 Error(s), 0 Warning(s), took 0.148ms to complete.
[2019.04.11-12.11.19:161][881]LogFileHelpers: Loading map 'Level1' took 0.228
[2019.04.11-12.11.24:951][498]LogSlate: FSceneViewport::OnFocusLost() reason 0
[2019.04.11-12.11.34:344][593]LogTemp: Repeating last play command: Selected Viewport
[2019.04.11-12.11.34:383][593]LogBlueprintUserMessages: Early PlayInEditor Detection: Level '/Game/FirstPersonBP/Maps/Level1.Level1:PersistentLevel' has LevelScriptBlueprint '/Game/FirstPersonBP/Maps/Level1.Level1:PersistentLevel.Level1' with GeneratedClass '/Game/FirstPersonBP/Maps/Level1.Level1_C' with ClassGeneratedBy '/Game/FirstPersonBP/Maps/Level1.Level1:PersistentLevel.Level1'
[2019.04.11-12.11.34:392][593]LogPlayLevel: PlayLevel: No blueprints needed recompiling
[2019.04.11-12.11.34:392][593]LogHMD: Initializing OVRPlugin session
[2019.04.11-12.11.41:928][593]PIE: New page: PIE session: Level1 (Apr 11, 2019, 4:11:41 AM)
[2019.04.11-12.11.41:983][593]LogPlayLevel: Creating play world package: /Game/FirstPersonBP/Maps/UEDPIE_0_Level1
[2019.04.11-12.11.42:004][593]LogPlayLevel: PIE: StaticDuplicateObject took: (0.021030s)
[2019.04.11-12.11.42:005][593]LogAIModule: Creating AISystem for world Level1
[2019.04.11-12.11.42:005][593]LogPlayLevel: PIE: World Init took: (0.000705s)
[2019.04.11-12.11.42:005][593]LogPlayLevel: PIE: Created PIE world by copying editor world from /Game/FirstPersonBP/Maps/Level1.Level1 to /Game/FirstPersonBP/Maps/UEDPIE_0_Level1.Level1 (0.022064s)
[2019.04.11-12.11.42:041][593]LogInit: XAudio2 using 'Headphones (Rift Audio)' : 2 channels at 48 kHz using 16 bits per sample (channel mask 0x3)
[2019.04.11-12.11.42:504][593]LogInit: FAudioDevice initialized.
[2019.04.11-12.11.42:578][593]LogLoad: Game class is 'FirstPersonGameMode_C'
[2019.04.11-12.11.42:618][593]LogWorld: Bringing World /Game/FirstPersonBP/Maps/UEDPIE_0_Level1.Level1 up for play (max tick rate 0) at 2019.04.11-08.11.42
[2019.04.11-12.11.42:738][593]LogWorld: Bringing up level for play took: 0.124604
[2019.04.11-12.11.43:055][593]LogContentBrowser: Native class hierarchy updated for 'MovieSceneCapture' in 0.0005 seconds. Added 20 classes and 0 folders.
[2019.04.11-12.11.43:151][593]PIE: Play in editor start time for /Game/FirstPersonBP/Maps/UEDPIE_0_Level1 8.029
[2019.04.11-12.11.43:152][593]LogBlueprintUserMessages: Late PlayInEditor Detection: Level '/Game/FirstPersonBP/Maps/Level1.Level1:PersistentLevel' has LevelScriptBlueprint '/Game/FirstPersonBP/Maps/Level1.Level1:PersistentLevel.Level1' with GeneratedClass '/Game/FirstPersonBP/Maps/Level1.Level1_C' with ClassGeneratedBy '/Game/FirstPersonBP/Maps/Level1.Level1:PersistentLevel.Level1'
[2019.04.11-12.11.48:576][938]LogSlate: Updating window title bar state: overlay mode, drag disabled, window buttons hidden, title bar hidden
[2019.04.11-12.11.50:606][179]LogSlate: Updating window title bar state: overlay mode, drag disabled, window buttons hidden, title bar hidden
[2019.04.11-12.11.56:783][915]LogSlate: Updating window title bar state: overlay mode, drag disabled, window buttons hidden, title bar hidden
[2019.04.11-12.11.56:992][940]LogSlate: Updating window title bar state: overlay mode, drag disabled, window buttons hidden, title bar hidden
[2019.04.11-12.11.58:785][154]LogSlate: Updating window title bar state: overlay mode, drag disabled, window buttons hidden, title bar hidden
[2019.04.11-12.12.00:160][298]LogSlate: FSceneViewport::OnFocusLost() reason 0
[2019.04.11-12.12.00:161][298]LogSlate: Updating window title bar state: overlay mode, drag disabled, window buttons hidden, title bar hidden
[2019.04.11-12.12.00:385][325]LogSlate: Updating window title bar state: overlay mode, drag disabled, window buttons hidden, title bar hidden
[2019.04.11-12.12.00:718][365]LogSlate: Updating window title bar state: overlay mode, drag disabled, window buttons hidden, title bar hidden
[2019.04.11-12.12.01:607][470]LogSlate: Updating window title bar state: overlay mode, drag disabled, window buttons hidden, title bar hidden
[2019.04.11-12.12.02:049][523]LogSlate: Updating window title bar state: overlay mode, drag disabled, window buttons hidden, title bar hidden
[2019.04.11-12.12.02:777][610]LogSlate: Updating window title bar state: overlay mode, drag disabled, window buttons hidden, title bar hidden
[2019.04.11-12.12.05:530][940]LogSlate: Updating window title bar state: overlay mode, drag disabled, window buttons hidden, title bar hidden
[2019.04.11-12.12.06:196][ 20]LogSlate: Updating window title bar state: overlay mode, drag disabled, window buttons hidden, title bar hidden
[2019.04.11-12.12.08:463][292]LogSlate: Updating window title bar state: overlay mode, drag disabled, window buttons hidden, title bar hidden
[2019.04.11-12.12.09:071][365]LogSlate: Updating window title bar state: overlay mode, drag disabled, window buttons hidden, title bar hidden
[2019.04.11-12.12.11:032][600]LogBlueprintUserMessages: Early EndPlayMap Detection: Level '/Game/FirstPersonBP/Maps/Level1.Level1:PersistentLevel' has LevelScriptBlueprint '/Game/FirstPersonBP/Maps/Level1.Level1:PersistentLevel.Level1' with GeneratedClass '/Game/FirstPersonBP/Maps/Level1.Level1_C' with ClassGeneratedBy '/Game/FirstPersonBP/Maps/Level1.Level1:PersistentLevel.Level1'
[2019.04.11-12.12.11:078][600]LogSlate: Updating window title bar state: overlay mode, drag disabled, window buttons hidden, title bar hidden
[2019.04.11-12.12.11:110][600]LogPlayLevel: Display: Shutting down PIE online subsystems
[2019.04.11-12.12.11:111][600]LogBlueprintUserMessages: Late EndPlayMap Detection: Level '/Game/FirstPersonBP/Maps/Level1.Level1:PersistentLevel' has LevelScriptBlueprint '/Game/FirstPersonBP/Maps/Level1.Level1:PersistentLevel.Level1' with GeneratedClass '/Game/FirstPersonBP/Maps/Level1.Level1_C' with ClassGeneratedBy '/Game/FirstPersonBP/Maps/Level1.Level1:PersistentLevel.Level1'
[2019.04.11-12.12.11:132][600]LogSlate: Updating window title bar state: overlay mode, drag disabled, window buttons hidden, title bar hidden
[2019.04.11-12.12.11:154][601]LogPlayLevel: Display: Destroying online subsystem :Context_4
[2019.04.11-12.12.12:153][719]LogSlate: FSceneViewport::OnFocusLost() reason 0
[2019.04.11-12.12.41:555][145]LogAssetEditorManager: Opening Asset editor for Blueprint /Game/FirstPersonBP/Blueprints/Actors/FirstPersonCharacter.FirstPersonCharacter
[2019.04.11-12.12.45:723][145]LogContentBrowser: Native class hierarchy updated for 'BlueprintGraph' in 0.0006 seconds. Added 117 classes and 0 folders.
[2019.04.11-12.12.52:432][145]LogSlate: Took 0.008015 seconds to synchronously load lazily loaded font '../../../Engine/Content/Slate/Fonts/Roboto-BoldCondensed.ttf' (158K)
[2019.04.11-12.12.55:031][306]LogSlate: Took 0.030082 seconds to synchronously load lazily loaded font '../../../Engine/Content/Slate/Fonts/Roboto-Italic.ttf' (157K)
[2019.04.11-12.13.06:177][606]LogAssetEditorManager: Opening Asset editor for WidgetBlueprint /Game/FirstPersonBP/Blueprints/WeaponWheel.WeaponWheel
[2019.04.11-12.13.08:337][776]LogSlate: Window 'WeaponWheel' being destroyed
[2019.04.11-12.13.22:245][335]LogSlate: Took 0.014217 seconds to synchronously load lazily loaded font '../../../Engine/Content/Slate/Fonts/Roboto-BoldCondensedItalic.ttf' (160K)
[2019.04.11-12.14.10:578][685]LogSlate: Window 'AILoveYou - Unreal Editor' being destroyed
[2019.04.11-12.14.10:579][685]LogWindowsTextInputMethodSystem: Display: IME system now deactivated.
[2019.04.11-12.14.11:894][686]Cmd: QUIT_EDITOR
[2019.04.11-12.14.12:587][686]LogExit: Preparing to exit.
[2019.04.11-12.14.13:157][686]LogExit: Editor shut down
[2019.04.11-12.14.13:158][686]LogExit: Transaction tracking system shut down
[2019.04.11-12.14.14:159][686]LogExit: Object subsystem successfully closed.
[2019.04.11-12.14.14:246][686]LogShaderCompilers: Display: Shaders left to compile 0
[2019.04.11-12.14.14:267][686]LogD3D11RHI: Shutdown
[2019.04.11-12.14.14:267][686]LogD3D11RHI: CleanupD3DDevice
[2019.04.11-12.14.14:269][686]LogD3D11RHI: ~FD3D11DynamicRHI
[2019.04.11-12.14.15:041][686]LogModuleManager: Shutting down and abandoning module SequencerWidgets (632)
[2019.04.11-12.14.15:041][686]LogModuleManager: Shutting down and abandoning module BlueprintGraph (630)
[2019.04.11-12.14.15:041][686]LogModuleManager: Shutting down and abandoning module MovieSceneCapture (628)
[2019.04.11-12.14.15:041][686]LogModuleManager: Shutting down and abandoning module Voice (626)
[2019.04.11-12.14.15:041][686]LogModuleManager: Shutting down and abandoning module HierarchicalLODOutliner (624)
[2019.04.11-12.14.15:041][686]LogModuleManager: Shutting down and abandoning module SceneOutliner (622)
[2019.04.11-12.14.15:041][686]LogModuleManager: Shutting down and abandoning module AddContentDialog (620)
[2019.04.11-12.14.15:042][686]LogModuleManager: Shutting down and abandoning module WidgetCarousel (619)
[2019.04.11-12.14.15:042][686]LogModuleManager: Shutting down and abandoning module EditorWidgets (616)
[2019.04.11-12.14.15:042][686]LogModuleManager: Shutting down and abandoning module CollectionManager (614)
[2019.04.11-12.14.15:066][686]LogModuleManager: Shutting down and abandoning module HierarchicalLODUtilities (612)
[2019.04.11-12.14.15:066][686]LogModuleManager: Shutting down and abandoning module StatsViewer (610)
[2019.04.11-12.14.15:066][686]LogModuleManager: Shutting down and abandoning module FoliageEdit (608)
[2019.04.11-12.14.15:066][686]LogModuleManager: Shutting down and abandoning module LandscapeEditor (606)
[2019.04.11-12.14.15:105][686]LogModuleManager: Shutting down and abandoning module MeshPaintMode (604)
[2019.04.11-12.14.15:105][686]LogModuleManager: Shutting down and abandoning module SceneDepthPickerMode (602)
[2019.04.11-12.14.15:105][686]LogModuleManager: Shutting down and abandoning module ActorPickerMode (600)
[2019.04.11-12.14.15:105][686]LogModuleManager: Shutting down and abandoning module GeometryMode (598)
[2019.04.11-12.14.15:105][686]LogModuleManager: Shutting down and abandoning module TextureAlignMode (596)
[2019.04.11-12.14.15:105][686]LogModuleManager: Shutting down and abandoning module BspMode (594)
[2019.04.11-12.14.15:105][686]LogModuleManager: Shutting down and abandoning module PIEPreviewDeviceProfileSelector (592)
[2019.04.11-12.14.15:105][686]LogModuleManager: Shutting down and abandoning module SequenceRecorderSections (590)
[2019.04.11-12.14.15:105][686]LogModuleManager: Shutting down and abandoning module AutomationWorker (588)
[2019.04.11-12.14.15:106][686]LogModuleManager: Shutting down and abandoning module AudioCaptureEditor (586)
[2019.04.11-12.14.15:106][686]LogModuleManager: Shutting down and abandoning module MatineeToLevelSequence (584)
[2019.04.11-12.14.15:106][686]LogModuleManager: Shutting down and abandoning module LevelSequenceEditor (582)
[2019.04.11-12.14.15:106][686]LogModuleManager: Shutting down and abandoning module PlacementMode (581)
[2019.04.11-12.14.15:106][686]LogModuleManager: Shutting down and abandoning module MaterialEditor (580)
[2019.04.11-12.14.15:175][686]LogModuleManager: Shutting down and abandoning module WmfMediaFactory (576)
[2019.04.11-12.14.15:176][686]LogModuleManager: Shutting down and abandoning module WmfMediaEditor (574)
[2019.04.11-12.14.15:176][686]LogModuleManager: Shutting down and abandoning module WebMMediaFactory (572)
[2019.04.11-12.14.15:176][686]LogModuleManager: Shutting down and abandoning module WebMMediaEditor (570)
[2019.04.11-12.14.15:176][686]LogModuleManager: Shutting down and abandoning module WebMMedia (568)
[2019.04.11-12.14.15:176][686]LogModuleManager: Shutting down and abandoning module MediaPlayerEditor (566)
[2019.04.11-12.14.15:176][686]LogModuleManager: Shutting down and abandoning module MediaCompositingEditor (564)
[2019.04.11-12.14.15:176][686]LogModuleManager: Shutting down and abandoning module SequenceRecorder (563)
[2019.04.11-12.14.15:176][686]LogModuleManager: Shutting down and abandoning module OpenExrWrapper (560)
[2019.04.11-12.14.15:176][686]LogModuleManager: Shutting down and abandoning module ImgMediaFactory (558)
[2019.04.11-12.14.15:176][686]LogModuleManager: Shutting down and abandoning module ImgMediaEditor (556)
[2019.04.11-12.14.15:176][686]LogModuleManager: Shutting down and abandoning module AvfMediaFactory (554)
[2019.04.11-12.14.15:176][686]LogModuleManager: Shutting down and abandoning module AvfMediaEditor (552)
[2019.04.11-12.14.15:176][686]LogModuleManager: Shutting down and abandoning module AndroidMediaFactory (550)
[2019.04.11-12.14.15:176][686]LogModuleManager: Shutting down and abandoning module AndroidMediaEditor (548)
[2019.04.11-12.14.15:176][686]LogModuleManager: Shutting down and abandoning module MagicLeapCameraPreviewFactory (546)
[2019.04.11-12.14.15:176][686]LogModuleManager: Shutting down and abandoning module MagicLeapMediaFactory (544)
[2019.04.11-12.14.15:176][686]LogModuleManager: Shutting down and abandoning module MagicLeapMediaEditor (542)
[2019.04.11-12.14.15:176][686]LogModuleManager: Shutting down and abandoning module CharacterAI (540)
[2019.04.11-12.14.15:176][686]LogModuleManager: Shutting down and abandoning module SmartSnapping (538)
[2019.04.11-12.14.15:176][686]LogModuleManager: Shutting down and abandoning module SessionServices (536)
[2019.04.11-12.14.15:176][686]LogModuleManager: Shutting down and abandoning module ViewportSnapping (534)
[2019.04.11-12.14.15:176][686]LogModuleManager: Shutting down and abandoning module ViewportInteraction (532)
[2019.04.11-12.14.15:202][686]LogModuleManager: Shutting down and abandoning module ClothPainter (530)
[2019.04.11-12.14.15:259][686]LogModuleManager: Shutting down and abandoning module SkeletalMeshEditor (529)
[2019.04.11-12.14.15:292][686]LogModuleManager: Shutting down and abandoning module LogVisualizer (526)
[2019.04.11-12.14.15:314][686]LogModuleManager: Shutting down and abandoning module IntroTutorials (524)
[2019.04.11-12.14.15:314][686]LogModuleManager: Shutting down and abandoning module GameProjectGeneration (523)
[2019.04.11-12.14.15:324][686]LogModuleManager: Shutting down and abandoning module LuminPlatformEditor (520)
[2019.04.11-12.14.15:324][686]LogModuleManager: Shutting down and abandoning module IOSPlatformEditor (518)
[2019.04.11-12.14.15:324][686]LogModuleManager: Shutting down and abandoning module HTML5PlatformEditor (516)
[2019.04.11-12.14.15:325][686]LogModuleManager: Shutting down and abandoning module AndroidPlatformEditor (514)
[2019.04.11-12.14.15:325][686]LogModuleManager: Shutting down and abandoning module AndroidDeviceDetection (513)
[2019.04.11-12.14.16:382][686]LogModuleManager: Shutting down and abandoning module WindowsPlatformEditor (510)
[2019.04.11-12.14.16:382][686]LogModuleManager: Shutting down and abandoning module LuminRuntimeSettings (508)
[2019.04.11-12.14.16:382][686]LogModuleManager: Shutting down and abandoning module IOSRuntimeSettings (506)
[2019.04.11-12.14.16:382][686]LogModuleManager: Shutting down and abandoning module AndroidRuntimeSettings (504)
[2019.04.11-12.14.16:382][686]LogModuleManager: Shutting down and abandoning module TimeManagementEditor (502)
[2019.04.11-12.14.16:382][686]LogModuleManager: Shutting down and abandoning module InputBindingEditor (500)
[2019.04.11-12.14.16:400][686]LogModuleManager: Shutting down and abandoning module MergeActors (498)
[2019.04.11-12.14.16:400][686]LogModuleManager: Shutting down and abandoning module LocalizationDashboard (496)
[2019.04.11-12.14.16:400][686]LogModuleManager: Shutting down and abandoning module LocalizationService (495)
[2019.04.11-12.14.16:400][686]LogModuleManager: Shutting down and abandoning module HardwareTargeting (492)
[2019.04.11-12.14.16:400][686]LogModuleManager: Shutting down and abandoning module DeviceProfileEditor (490)
[2019.04.11-12.14.16:400][686]LogModuleManager: Shutting down and abandoning module UndoHistory (488)
[2019.04.11-12.14.16:400][686]LogModuleManager: Shutting down and abandoning module XmlParser (486)
[2019.04.11-12.14.16:400][686]LogModuleManager: Shutting down and abandoning module Blutility (484)
[2019.04.11-12.14.16:400][686]LogModuleManager: Shutting down and abandoning module ProjectSettingsViewer (482)
[2019.04.11-12.14.16:400][686]LogModuleManager: Shutting down and abandoning module ProjectTargetPlatformEditor (481)
[2019.04.11-12.14.16:400][686]LogModuleManager: Shutting down and abandoning module EditorSettingsViewer (478)
[2019.04.11-12.14.16:400][686]LogModuleManager: Shutting down and abandoning module SettingsEditor (476)
[2019.04.11-12.14.16:400][686]LogModuleManager: Shutting down and abandoning module ProjectLauncher (474)
[2019.04.11-12.14.16:406][686]LogModuleManager: Shutting down and abandoning module SessionFrontend (472)
[2019.04.11-12.14.16:407][686]LogModuleManager: Shutting down and abandoning module ProfilerClient (470)
[2019.04.11-12.14.16:414][686]LogModuleManager: Shutting down and abandoning module DeviceManager (468)
[2019.04.11-12.14.16:415][686]LogModuleManager: Shutting down and abandoning module TargetDeviceServices (467)
[2019.04.11-12.14.16:470][686]LogModuleManager: Shutting down and abandoning module AutomationController (464)
[2019.04.11-12.14.16:470][686]LogModuleManager: Shutting down and abandoning module AutomationWindow (462)
[2019.04.11-12.14.16:485][686]LogModuleManager: Shutting down and abandoning module Layers (460)
[2019.04.11-12.14.16:522][686]LogModuleManager: Shutting down and abandoning module ComponentVisualizers (458)
[2019.04.11-12.14.16:522][686]LogModuleManager: Shutting down and abandoning module DetailCustomizations (456)
[2019.04.11-12.14.16:522][686]LogModuleManager: Shutting down and abandoning module PackagesDialog (454)
[2019.04.11-12.14.16:529][686]LogModuleManager: Shutting down and abandoning module Persona (452)
[2019.04.11-12.14.16:536][686]LogModuleManager: Shutting down and abandoning module AdvancedPreviewScene (451)
[2019.04.11-12.14.16:536][686]LogModuleManager: Shutting down and abandoning module AnimGraph (449)
[2019.04.11-12.14.16:536][686]LogModuleManager: Shutting down and abandoning module Kismet (446)
[2019.04.11-12.14.16:539][686]LogModuleManager: Shutting down and abandoning module GraphEditor (444)
[2019.04.11-12.14.16:539][686]LogModuleManager: Shutting down and abandoning module ClassViewer (442)
[2019.04.11-12.14.16:539][686]LogModuleManager: Shutting down and abandoning module Toolbox (440)
[2019.04.11-12.14.16:539][686]LogModuleManager: Shutting down and abandoning module ModuleUI (438)
[2019.04.11-12.14.16:571][686]LogModuleManager: Shutting down and abandoning module MovieSceneTools (436)
[2019.04.11-12.14.16:571][686]LogModuleManager: Shutting down and abandoning module OutputLog (434)
[2019.04.11-12.14.16:571][686]LogModuleManager: Shutting down and abandoning module GammaUI (432)
[2019.04.11-12.14.16:577][686]LogModuleManager: Shutting down and abandoning module Documentation (430)
[2019.04.11-12.14.16:577][686]LogModuleManager: Shutting down and abandoning module MovieSceneTracks (428)
[2019.04.11-12.14.16:577][686]LogModuleManager: Shutting down and abandoning module MovieScene (426)
[2019.04.11-12.14.16:577][686]LogModuleManager: Shutting down and abandoning module StreamingPauseRendering (424)
[2019.04.11-12.14.16:577][686]LogModuleManager: Shutting down and abandoning module LauncherPlatform (422)
[2019.04.11-12.14.16:577][686]LogModuleManager: Shutting down and abandoning module AnalyticsET (420)
[2019.04.11-12.14.16:577][686]LogModuleManager: Shutting down and abandoning module PortalServices (418)
[2019.04.11-12.14.16:577][686]LogModuleManager: Shutting down and abandoning module PortalRpc (416)
[2019.04.11-12.14.16:577][686]LogModuleManager: Shutting down and abandoning module MessagingRpc (414)
[2019.04.11-12.14.16:577][686]LogModuleManager: Shutting down and abandoning module AIModule (412)
[2019.04.11-12.14.16:577][686]LogModuleManager: Shutting down and abandoning module GameplayDebugger (411)
[2019.04.11-12.14.16:577][686]LogModuleManager: Shutting down and abandoning module AITestSuite (409)
[2019.04.11-12.14.16:577][686]LogModuleManager: Shutting down and abandoning module NavigationSystem (407)
[2019.04.11-12.14.16:577][686]LogModuleManager: Shutting down and abandoning module DesktopPlatform (404)
[2019.04.11-12.14.16:577][686]LogModuleManager: Shutting down and abandoning module ImageWriteQueue (402)
[2019.04.11-12.14.16:579][686]LogModuleManager: Shutting down and abandoning module ProfilerService (400)
[2019.04.11-12.14.16:737][686]LogModuleManager: Shutting down and abandoning module TaskGraph (398)
[2019.04.11-12.14.16:737][686]LogModuleManager: Shutting down and abandoning module SteamVRController (396)
[2019.04.11-12.14.16:737][686]LogModuleManager: Shutting down and abandoning module ProceduralMeshComponentEditor (394)
[2019.04.11-12.14.16:737][686]LogModuleManager: Shutting down and abandoning module ProceduralMeshComponent (392)
[2019.04.11-12.14.16:737][686]LogModuleManager: Shutting down and abandoning module OculusInput (390)
[2019.04.11-12.14.16:737][686]LogModuleManager: Shutting down and abandoning module MobilePatchingUtils (388)
[2019.04.11-12.14.16:737][686]LogModuleManager: Shutting down and abandoning module EditableMesh (386)
[2019.04.11-12.14.16:752][686]LogModuleManager: Shutting down and abandoning module CustomMeshComponent (384)
[2019.04.11-12.14.16:752][686]LogModuleManager: Shutting down and abandoning module CableComponent (382)
[2019.04.11-12.14.16:752][686]LogModuleManager: Shutting down and abandoning module AudioCapture (380)
[2019.04.11-12.14.16:752][686]LogModuleManager: Shutting down and abandoning module ArchVisCharacter (378)
[2019.04.11-12.14.16:752][686]LogModuleManager: Shutting down and abandoning module AndroidPermission (376)
[2019.04.11-12.14.16:752][686]LogModuleManager: Shutting down and abandoning module NUTUnrealEngine4 (374)
[2019.04.11-12.14.16:756][686]LogModuleManager: Shutting down and abandoning module NetcodeUnitTest (372)
[2019.04.11-12.14.16:757][686]LogModuleManager: Shutting down and abandoning module MediaCompositing (370)
[2019.04.11-12.14.16:757][686]LogModuleManager: Shutting down and abandoning module LinearTimecode (368)
[2019.04.11-12.14.16:757][686]LogModuleManager: Shutting down and abandoning module ImgMedia (366)
[2019.04.11-12.14.16:768][686]LogModuleManager: Shutting down and abandoning module HTML5Networking (364)
[2019.04.11-12.14.16:768][686]LogModuleManager: Shutting down and abandoning module GeometryCacheTracks (362)
[2019.04.11-12.14.16:768][686]LogModuleManager: Shutting down and abandoning module GeometryCacheSequencer (360)
[2019.04.11-12.14.16:768][686]LogModuleManager: Shutting down and abandoning module BackChannel (358)
[2019.04.11-12.14.16:768][686]LogModuleManager: Shutting down and abandoning module AppleVision (356)
[2019.04.11-12.14.16:768][686]LogModuleManager: Shutting down and abandoning module AppleImageUtilsBlueprintSupport (354)
[2019.04.11-12.14.16:768][686]LogModuleManager: Shutting down and abandoning module AppleImageUtils (352)
[2019.04.11-12.14.16:768][686]LogModuleManager: Shutting down and abandoning module AlembicImporter (350)
[2019.04.11-12.14.16:768][686]LogModuleManager: Shutting down and abandoning module AlembicLibrary (349)
[2019.04.11-12.14.16:768][686]LogModuleManager: Shutting down and abandoning module GeometryCache (348)
[2019.04.11-12.14.16:768][686]LogModuleManager: Shutting down and abandoning module GeometryCacheEd (347)
[2019.04.11-12.14.16:768][686]LogModuleManager: Shutting down and abandoning module VariantManagerContent (342)
[2019.04.11-12.14.16:768][686]LogModuleManager: Shutting down and abandoning module DatasmithContentEditor (340)
[2019.04.11-12.14.16:768][686]LogModuleManager: Shutting down and abandoning module SpeedTreeImporter (338)
[2019.04.11-12.14.16:768][686]LogModuleManager: Shutting down and abandoning module PluginBrowser (336)
[2019.04.11-12.14.16:798][686]LogModuleManager: Shutting down and abandoning module MobileLauncherProfileWizard (334)
[2019.04.11-12.14.16:818][686]LogModuleManager: Shutting down and abandoning module PolygonModeling (332)
[2019.04.11-12.14.16:818][686]LogModuleManager: Shutting down and abandoning module MeshEditor (330)
[2019.04.11-12.14.16:818][686]LogModuleManager: Shutting down and abandoning module CryptoKeysOpenSSL (328)
[2019.04.11-12.14.16:818][686]LogModuleManager: Shutting down and abandoning module CryptoKeys (326)
[2019.04.11-12.14.16:818][686]LogModuleManager: Shutting down and abandoning module VisualStudioSourceCodeAccess (324)
[2019.04.11-12.14.16:818][686]LogModuleManager: Shutting down and abandoning module VisualStudioCodeSourceCodeAccess (322)
[2019.04.11-12.14.16:818][686]LogModuleManager: Shutting down and abandoning module UObjectPlugin (320)
[2019.04.11-12.14.16:818][686]LogModuleManager: Shutting down and abandoning module SubversionSourceControl (318)
[2019.04.11-12.14.16:818][686]LogModuleManager: Shutting down and abandoning module PerforceSourceControl (316)
[2019.04.11-12.14.16:829][686]LogModuleManager: Shutting down and abandoning module GitSourceControl (314)
[2019.04.11-12.14.16:829][686]LogModuleManager: Shutting down and abandoning module SourceControl (313)
[2019.04.11-12.14.16:829][686]LogModuleManager: Shutting down and abandoning module CLionSourceCodeAccess (310)
[2019.04.11-12.14.16:829][686]LogModuleManager: Shutting down and abandoning module ActorLayerUtilitiesEditor (308)
[2019.04.11-12.14.16:829][686]LogModuleManager: Shutting down and abandoning module ActorLayerUtilities (306)
[2019.04.11-12.14.16:829][686]LogModuleManager: Shutting down and abandoning module LightPropagationVolumeEditor (304)
[2019.04.11-12.14.16:829][686]LogModuleManager: Shutting down and abandoning module PaperTiledImporter (302)
[2019.04.11-12.14.16:829][686]LogModuleManager: Shutting down and abandoning module PaperSpriteSheetImporter (300)
[2019.04.11-12.14.16:829][686]LogModuleManager: Shutting down and abandoning module Paper2DEditor (298)
[2019.04.11-12.14.16:840][686]LogModuleManager: Shutting down and abandoning module MeshPaint (297)
[2019.04.11-12.14.16:840][686]LogModuleManager: Shutting down and abandoning module RuntimePhysXCooking (294)
[2019.04.11-12.14.16:840][686]LogModuleManager: Shutting down and abandoning module PhysXVehiclesEditor (292)
[2019.04.11-12.14.16:840][686]LogModuleManager: Shutting down and abandoning module PhysXVehicles (290)
[2019.04.11-12.14.16:840][686]LogModuleManager: Shutting down and abandoning module OculusEditor (288)
[2019.04.11-12.14.16:840][686]LogModuleManager: Shutting down and abandoning module LocationServicesBPLibrary (286)
[2019.04.11-12.14.16:840][686]LogModuleManager: Shutting down and abandoning module ActorSequence (284)
[2019.04.11-12.14.16:841][686]LogModuleManager: Shutting down and abandoning module UdpMessaging (282)
[2019.04.11-12.14.16:942][686]LogModuleManager: Shutting down and abandoning module TcpMessaging (280)
[2019.04.11-12.14.17:042][686]LogModuleManager: Shutting down and abandoning module MagicLeapAudio (278)
[2019.04.11-12.14.17:042][686]LogModuleManager: Shutting down and abandoning module GameplayTagsEditor (276)
[2019.04.11-12.14.17:066][686]LogModuleManager: Shutting down and abandoning module FacialAnimationEditor (274)
[2019.04.11-12.14.17:066][686]LogModuleManager: Shutting down and abandoning module FacialAnimation (272)
[2019.04.11-12.14.17:066][686]LogModuleManager: Shutting down and abandoning module DataValidation (270)
[2019.04.11-12.14.17:066][686]LogModuleManager: Shutting down and abandoning module AssetManagerEditor (268)
[2019.04.11-12.14.17:127][686]LogModuleManager: Shutting down and abandoning module LevelEditor (267)
[2019.04.11-12.14.17:127][686]LogModuleManager: Shutting down and abandoning module PixelInspectorModule (266)
[2019.04.11-12.14.17:127][686]LogModuleManager: Shutting down and abandoning module CommonMenuExtensions (264)
[2019.04.11-12.14.17:127][686]LogModuleManager: Shutting down and abandoning module MainFrame (262)
[2019.04.11-12.14.17:127][686]LogModuleManager: Shutting down and abandoning module HotReload (261)
[2019.04.11-12.14.17:128][686]LogModuleManager: Shutting down and abandoning module ContentBrowser (257)
[2019.04.11-12.14.17:128][686]LogModuleManager: Shutting down and abandoning module TreeMap (255)
[2019.04.11-12.14.17:128][686]LogModuleManager: Shutting down and abandoning module LightPropagationVolumeRuntime (252)
[2019.04.11-12.14.17:128][686]LogModuleManager: Shutting down and abandoning module AISupportModule (250)
[2019.04.11-12.14.17:128][686]LogModuleManager: Shutting down and abandoning module Paper2D (248)
[2019.04.11-12.14.17:128][686]LogModuleManager: Shutting down and abandoning module WindowsMoviePlayer (246)
[2019.04.11-12.14.17:128][686]LogModuleManager: Shutting down and abandoning module WebMMoviePlayer (244)
[2019.04.11-12.14.17:128][686]LogModuleManager: Shutting down and abandoning module WmfMedia (242)
[2019.04.11-12.14.17:162][686]LogModuleManager: Shutting down and abandoning module Media (241)
[2019.04.11-12.14.17:168][686]LogModuleManager: Shutting down and abandoning module PacketHandler (238)
[2019.04.11-12.14.17:168][686]LogModuleManager: Shutting down and abandoning module ClothingSystemEditor (236)
[2019.04.11-12.14.17:168][686]LogModuleManager: Shutting down and abandoning module ClothingSystemRuntime (234)
[2019.04.11-12.14.17:195][686]LogModuleManager: Shutting down and abandoning module MediaAssets (232)
[2019.04.11-12.14.17:195][686]LogModuleManager: Shutting down and abandoning module Overlay (230)
[2019.04.11-12.14.17:195][686]LogModuleManager: Shutting down and abandoning module OverlayEditor (229)
[2019.04.11-12.14.17:195][686]LogModuleManager: Shutting down and abandoning module VREditor (226)
[2019.04.11-12.14.17:195][686]LogModuleManager: Shutting down and abandoning module StringTableEditor (224)
[2019.04.11-12.14.17:225][686]LogModuleManager: Shutting down and abandoning module GameplayTasksEditor (222)
[2019.04.11-12.14.17:225][686]LogModuleManager: Shutting down and abandoning module BehaviorTreeEditor (220)
[2019.04.11-12.14.17:233][686]LogModuleManager: Shutting down and abandoning module FunctionalTesting (218)
[2019.04.11-12.14.17:233][686]LogModuleManager: Shutting down and abandoning module CollisionAnalyzer (216)
[2019.04.11-12.14.17:233][686]LogModuleManager: Shutting down and abandoning module WorkspaceMenuStructure (215)
[2019.04.11-12.14.17:233][686]LogModuleManager: Shutting down and abandoning module UMG (212)
[2019.04.11-12.14.17:233][686]LogModuleManager: Shutting down and abandoning module UMGEditor (211)
[2019.04.11-12.14.17:233][686]LogModuleManager: Shutting down and abandoning module Sequencer (210)
[2019.04.11-12.14.17:233][686]LogModuleManager: Shutting down and abandoning module MessageLog (207)
[2019.04.11-12.14.17:233][686]LogModuleManager: Shutting down and abandoning module SlateReflector (202)
[2019.04.11-12.14.17:274][686]LogModuleManager: Shutting down and abandoning module Slate (200)
[2019.04.11-12.14.17:274][686]LogModuleManager: Shutting down and abandoning module EditorStyle (198)
[2019.04.11-12.14.17:276][686]LogModuleManager: Shutting down and abandoning module MRMesh (196)
[2019.04.11-12.14.17:276][686]LogModuleManager: Shutting down and abandoning module SourceCodeAccess (194)
[2019.04.11-12.14.17:276][686]LogModuleManager: Shutting down and abandoning module HeadMountedDisplay (192)
[2019.04.11-12.14.17:276][686]LogModuleManager: Shutting down and abandoning module XAudio2 (190)
[2019.04.11-12.14.17:276][686]LogModuleManager: Shutting down and abandoning module Networking (188)
[2019.04.11-12.14.17:276][686]LogModuleManager: Shutting down and abandoning module Core (186)
[2019.04.11-12.14.17:276][686]LogModuleManager: Shutting down and abandoning module LevelSequence (184)
[2019.04.11-12.14.17:276][686]LogModuleManager: Shutting down and abandoning module KismetCompiler (182)
[2019.04.11-12.14.17:276][686]LogModuleManager: Shutting down and abandoning module MeshUtilities (180)
[2019.04.11-12.14.17:276][686]LogModuleManager: Shutting down and abandoning module MeshMergeUtilities (179)
[2019.04.11-12.14.17:276][686]LogModuleManager: Shutting down and abandoning module MeshReductionInterface (178)
[2019.04.11-12.14.17:276][686]LogModuleManager: Shutting down and abandoning module SimplygonSwarm (177)
[2019.04.11-12.14.17:297][686]LogModuleManager: Shutting down and abandoning module ProxyLODMeshReduction (175)
[2019.04.11-12.14.17:320][686]LogModuleManager: Shutting down and abandoning module SimplygonMeshReduction (173)
[2019.04.11-12.14.17:320][686]LogModuleManager: Shutting down and abandoning module QuadricMeshReduction (171)
[2019.04.11-12.14.17:321][686]LogModuleManager: Shutting down and abandoning module MaterialBaking (167)
[2019.04.11-12.14.17:330][686]LogModuleManager: Shutting down and abandoning module DirectoryWatcher (163)
[2019.04.11-12.14.17:330][686]LogModuleManager: Shutting down and abandoning module DerivedDataCache (160)
[2019.04.11-12.14.17:382][686]LogDerivedDataCache: Shutdown
[2019.04.11-12.14.17:382][686]LogModuleManager: Shutting down and abandoning module XGEController (158)
[2019.04.11-12.14.17:382][686]LogXGEController: Cleaning working directory: C:/Users/User/AppData/Local/Temp/UnrealXGEWorkingDir/
[2019.04.11-12.14.17:382][686]LogModuleManager: Shutting down and abandoning module TargetPlatform (156)
[2019.04.11-12.14.17:382][686]LogModuleManager: Shutting down and abandoning module VulkanShaderFormat (155)
[2019.04.11-12.14.17:382][686]LogModuleManager: Shutting down and abandoning module ShaderFormatVectorVM (153)
[2019.04.11-12.14.17:382][686]LogModuleManager: Shutting down and abandoning module ShaderFormatOpenGL (151)
[2019.04.11-12.14.17:407][686]LogModuleManager: Shutting down and abandoning module ShaderFormatD3D (149)
[2019.04.11-12.14.17:407][686]LogModuleManager: Shutting down and abandoning module MetalShaderFormat (147)
[2019.04.11-12.14.17:418][686]LogModuleManager: Shutting down and abandoning module TextureFormatUncompressed (145)
[2019.04.11-12.14.17:418][686]LogModuleManager: Shutting down and abandoning module TextureFormatPVR (143)
[2019.04.11-12.14.17:418][686]LogModuleManager: Shutting down and abandoning module TextureFormatDXT (141)
[2019.04.11-12.14.17:418][686]LogModuleManager: Shutting down and abandoning module TextureFormatIntelISPCTexComp (139)
[2019.04.11-12.14.17:418][686]LogModuleManager: Shutting down and abandoning module TextureFormatASTC (137)
[2019.04.11-12.14.17:418][686]LogModuleManager: Shutting down and abandoning module ImageWrapper (136)
[2019.04.11-12.14.17:418][686]LogModuleManager: Shutting down and abandoning module TextureFormatAndroid (133)
[2019.04.11-12.14.17:418][686]LogModuleManager: Shutting down and abandoning module AudioFormatOpus (131)
[2019.04.11-12.14.17:418][686]LogModuleManager: Shutting down and abandoning module AudioFormatOgg (129)
[2019.04.11-12.14.17:418][686]LogModuleManager: Shutting down and abandoning module AudioFormatADPCM (127)
[2019.04.11-12.14.17:418][686]LogModuleManager: Shutting down and abandoning module LuminTargetPlatform (125)
[2019.04.11-12.14.17:419][686]LogModuleManager: Shutting down and abandoning module LinuxTargetPlatform (123)
[2019.04.11-12.14.17:419][686]LogModuleManager: Shutting down and abandoning module LinuxServerTargetPlatform (121)
[2019.04.11-12.14.17:419][686]LogModuleManager: Shutting down and abandoning module LinuxNoEditorTargetPlatform (119)
[2019.04.11-12.14.17:419][686]LogModuleManager: Shutting down and abandoning module LinuxClientTargetPlatform (117)
[2019.04.11-12.14.17:419][686]LogModuleManager: Shutting down and abandoning module TVOSTargetPlatform (115)
[2019.04.11-12.14.17:420][686]LogModuleManager: Shutting down and abandoning module Messaging (113)
[2019.04.11-12.14.17:420][686]LogModuleManager: Shutting down and abandoning module IOSTargetPlatform (111)
[2019.04.11-12.14.17:420][686]LogModuleManager: Shutting down and abandoning module HTML5TargetPlatform (109)
[2019.04.11-12.14.17:420][686]LogModuleManager: Shutting down and abandoning module AndroidTargetPlatform (107)
[2019.04.11-12.14.17:424][686]LogModuleManager: Shutting down and abandoning module WindowsTargetPlatform (105)
[2019.04.11-12.14.17:424][686]LogModuleManager: Shutting down and abandoning module WindowsServerTargetPlatform (103)
[2019.04.11-12.14.17:424][686]LogModuleManager: Shutting down and abandoning module WindowsNoEditorTargetPlatform (101)
[2019.04.11-12.14.17:424][686]LogModuleManager: Shutting down and abandoning module WindowsClientTargetPlatform (99)
[2019.04.11-12.14.17:424][686]LogModuleManager: Shutting down and abandoning module MacTargetPlatform (97)
[2019.04.11-12.14.17:424][686]LogModuleManager: Shutting down and abandoning module MacServerTargetPlatform (95)
[2019.04.11-12.14.17:424][686]LogModuleManager: Shutting down and abandoning module MacNoEditorTargetPlatform (93)
[2019.04.11-12.14.17:424][686]LogModuleManager: Shutting down and abandoning module MacClientTargetPlatform (91)
[2019.04.11-12.14.17:424][686]LogModuleManager: Shutting down and abandoning module AllDesktopTargetPlatform (89)
[2019.04.11-12.14.17:424][686]LogModuleManager: Shutting down and abandoning module InputCore (86)
[2019.04.11-12.14.17:424][686]LogModuleManager: Shutting down and abandoning module Settings (84)
[2019.04.11-12.14.17:424][686]LogModuleManager: Shutting down and abandoning module PhysXCooking (82)
[2019.04.11-12.14.17:424][686]LogModuleManager: Shutting down and abandoning module SteamVR (80)
[2019.04.11-12.14.17:424][686]LogHMD: Freeing OpenVRDLLHandle.
[2019.04.11-12.14.17:424][686]LogModuleManager: Shutting down and abandoning module OculusHMD (78)
[2019.04.11-12.14.17:424][686]LogModuleManager: Shutting down and abandoning module ExampleDeviceProfileSelector (76)
[2019.04.11-12.14.17:424][686]LogModuleManager: Shutting down and abandoning module LauncherChunkInstaller (74)
[2019.04.11-12.14.17:425][686]LogModuleManager: Shutting down and abandoning module OnlineBlueprintSupport (72)
[2019.04.11-12.14.17:425][686]LogModuleManager: Shutting down and abandoning module OnlineSubsystem (68)
[2019.04.11-12.14.17:450][686]LogModuleManager: Shutting down and abandoning module XMPP (63)
[2019.04.11-12.14.17:487][686]LogModuleManager: Shutting down and abandoning module WebSockets (62)
[2019.04.11-12.14.17:507][686]LogModuleManager: Shutting down and abandoning module HTTP (59)
[2019.04.11-12.14.17:507][686]LogHttp: Display: Http module shutting down, but needs to wait on 1 outstanding Http requests:
[2019.04.11-12.14.17:507][686]LogHttp: Display: 	verb=[POST] url=[https://datarouter.ol.epicgames.com/datarouter/api/v1/public/data?SessionID=%7B55BE1E09-4E2A-4DF0-A891-6EA405B230A3%7D&AppID=UEEditor.Rocket.Release&AppVersion=4.21.2-4753647%2B%2B%2BUE4%2BRelease-4.21&UserID=c7a9f8f04d4c0044188cb4aff56c3f0e%7C74071006e4d1433dbbb6473c83d6b15d%7C8c0f46e0-1e88-49d7-b293-35be8f952df4&AppEnvironment=datacollector-binary&UploadType=eteventstream] status=Processing
[2019.04.11-12.14.17:540][686]LogModuleManager: Shutting down and abandoning module SSL (58)
[2019.04.11-12.14.17:541][686]LogModuleManager: Shutting down and abandoning module MagicLeapIdentity (54)
[2019.04.11-12.14.17:541][686]LogModuleManager: Shutting down and abandoning module MagicLeapHelperVulkan (52)
[2019.04.11-12.14.17:541][686]LogModuleManager: Shutting down and abandoning module MagicLeapHelperOpenGL (50)
[2019.04.11-12.14.17:541][686]LogModuleManager: Shutting down and abandoning module MagicLeapSecureStorage (48)
[2019.04.11-12.14.17:541][686]LogModuleManager: Shutting down and abandoning module MagicLeapHandTracking (46)
[2019.04.11-12.14.17:541][686]LogModuleManager: Shutting down and abandoning module MagicLeapEyeTracker (44)
[2019.04.11-12.14.17:541][686]LogModuleManager: Shutting down and abandoning module MagicLeapController (42)
[2019.04.11-12.14.17:541][686]LogSlate: Slate User Destroyed.  User Index 0, Is Virtual User: 0
[2019.04.11-12.14.17:541][686]LogModuleManager: Shutting down and abandoning module MagicLeap (40)
[2019.04.11-12.14.17:541][686]LogModuleManager: Shutting down and abandoning module DatasmithContent (38)
[2019.04.11-12.14.17:541][686]LogModuleManager: Shutting down and abandoning module AnimationModifiers (36)
[2019.04.11-12.14.17:562][686]LogModuleManager: Shutting down and abandoning module PropertyEditor (35)
[2019.04.11-12.14.17:562][686]LogModuleManager: Shutting down and abandoning module AudioEditor (32)
[2019.04.11-12.14.17:562][686]LogModuleManager: Shutting down and abandoning module TextureCompressor (30)
[2019.04.11-12.14.17:563][686]LogModuleManager: Shutting down and abandoning module ShaderCore (28)
[2019.04.11-12.14.17:563][686]LogModuleManager: Shutting down and abandoning module Landscape (26)
[2019.04.11-12.14.17:563][686]LogModuleManager: Shutting down and abandoning module SlateRHIRenderer (24)
[2019.04.11-12.14.17:563][686]LogModuleManager: Shutting down and abandoning module OpenGLDrv (22)
[2019.04.11-12.14.17:589][686]LogModuleManager: Shutting down and abandoning module D3D11RHI (20)
[2019.04.11-12.14.17:589][686]LogModuleManager: Shutting down and abandoning module AnimGraphRuntime (18)
[2019.04.11-12.14.17:589][686]LogModuleManager: Shutting down and abandoning module Renderer (16)
[2019.04.11-12.14.17:589][686]LogModuleManager: Shutting down and abandoning module Engine (14)
[2019.04.11-12.14.17:589][686]LogModuleManager: Shutting down and abandoning module CoreUObject (12)
[2019.04.11-12.14.17:589][686]LogModuleManager: Shutting down and abandoning module NetworkFile (10)
[2019.04.11-12.14.17:589][686]LogModuleManager: Shutting down and abandoning module CookedIterativeFile (8)
[2019.04.11-12.14.17:589][686]LogModuleManager: Shutting down and abandoning module StreamingFile (6)
[2019.04.11-12.14.17:589][686]LogModuleManager: Shutting down and abandoning module SandboxFile (4)
[2019.04.11-12.14.17:589][686]LogModuleManager: Shutting down and abandoning module PakFile (2)
[2019.04.11-12.14.17:602][686]LogExit: Exiting.
[2019.04.11-12.14.17:609][686]Log file closed, 04/11/19 08:14:17
